loc.	Chm 1	Chm 2	Chm 3	Chm 4	Chm 5	Chm 6	Chm 7	Chm 8	Chm 9	Chm 10
	0	.37	.83	1.28	5.98	3.40	2.98	6.95	1.96	3.85	1.91
	1	.27	.57	1.38	5.91	3.49	3.09	7.26	2.01	3.68	1.86
	2	.19	.33	1.48	5.83	3.57	3.20	7.51	2.08	3.61	1.81
	3	.12	.15	1.60	5.75	3.66	3.30	7.70	2.14	3.65	1.74
	4	.07	.03	1.73	5.66	3.73	3.39	7.82	2.21	2.63	1.66
	5	.04	.01	1.86	5.56	3.80	3.46	7.88	2.29	2.29	1.69
	6	.04	.12	1.99	5.46	3.86	3.52	7.88	2.37	1.98	2.03
	7	.07	.37	2.12	5.35	3.91	3.27	9.40	2.45	1.70	2.41
	8	.12	.78	2.26	5.23	3.95	2.93	9.53	2.54	1.45	2.84
	9	.12	1.34	2.38	5.10	3.98	2.59	9.60	2.63	1.24	3.28
	10	.11	2.03	2.50	4.97	4.00	2.25	9.59	2.72	1.08	3.72
	11	.10	2.83	2.60	4.83	4.01	1.92	9.50	2.82	.96	4.15
	12	.09	3.72	2.70	4.68	4.02	1.62	9.33	2.92	.74	4.54
	13	.08	4.66	2.80	4.52	4.02	1.34	9.07	3.03	.67	4.89
	14	.07	5.64	2.88	4.37	4.02	1.11	8.74	3.13	.61	5.20
	15	.07	6.62	2.96	4.20	4.02	1.82	8.35	3.24	.58	5.45
	16	.06	7.60	3.04	4.04	3.02	1.86	7.89	3.34	.58	5.65
	17	.06	5.36	3.12	3.88	2.95	1.90	7.39	3.44	.61	5.80
	18	.06	5.29	3.20	3.71	2.86	1.93	6.85	3.55	.68	5.90
	19	.06	5.19	3.28	3.55	2.75	1.97	6.29	3.64	.78	5.95
	20	.06	5.07	3.37	3.39	2.62	2.00	5.74	3.74	.93	4.82
	21	.07	4.94	3.45	3.24	2.48	2.03	5.27	3.82	1.12	4.84
	22	.07	4.79	3.54	3.10	2.32	2.05	5.22	3.90	1.34	4.83
	23	.08	4.62	3.76	2.97	2.14	2.07	5.33	3.97	1.60	4.80
	24	.09	4.43	3.71	2.85	1.94	2.09	5.51	4.03	1.89	4.74
	25	.10	4.22	3.64	2.74	1.74	2.10	5.70	4.09	2.19	4.64
	26	.11	3.99	3.56	2.66	1.53	2.10	5.86	4.13	2.52	4.51
	27	.12	3.75	3.47	2.58	1.33	2.10	5.97	4.15	2.85	4.34
	28	.13	3.49	3.37	2.52	1.13	2.10	6.04	4.17	3.18	4.15
	29	.14	3.22	3.26	2.48	.96	2.08	6.77	4.17	3.51	3.93
	30	.15	2.94	3.14	2.45	.35	2.06	6.95	4.16	3.83	3.68
	31	.16	2.65	3.01	2.43	.46	2.04	7.15	4.14	4.13	3.43
	32	.17	2.36	2.87	2.43	.58	2.01	7.36	4.11	4.42	3.17
	33	.19	2.07	2.73	2.43	.70	1.97	7.58	4.06	4.69	2.91
	34	.19	1.78	2.57	2.44	1.05	1.93	7.81	4.00	4.94	2.68
	35	.20	1.51	2.42	2.46	1.23	1.88	8.04	3.94	5.17	1.99
	36	.21	1.25	2.27	2.49	1.40	1.83	8.26	3.86	5.37	1.99
	37	.21	1.00	2.12	2.52	1.58	1.77	8.46	3.77	3.85	1.98
	38	.21	.78	1.99	2.55	1.76	1.71	8.62	3.67	3.61	1.98
	39	.22	.59	1.86	2.59	1.92	1.65	8.73	3.57	3.32	1.97
	40	.22	.43	1.75	2.63	2.07	1.58	8.76	3.46	3.00	1.96
	41	.22	.29	1.66	2.66	2.19	1.52	5.03	3.34	2.64	1.95
	42	1.35	.19	.44	2.70	2.29	1.45	5.32	3.23	2.26	1.95
	43	1.51	.12	.38	2.73	2.38	1.38	5.52	3.10	1.88	1.94
	44	1.69	.07	.33	2.77	2.44	1.32	5.64	3.84	1.51	1.94
	45	1.90	.06	.29	2.80	2.47	1.25	5.67	3.78	1.16	1.94
	46	2.14	.07	.27	2.83	2.50	.22	5.63	3.72	.86	2.06
	47	2.40	.11	.27	2.85	3.08	.23	5.52	3.66	.60	2.23
	48	2.70	.16	.28	2.87	3.06	.24	5.35	3.58	.40	2.44
	49	3.02	.24	.31	3.24	3.03	.85	5.13	3.51	.24	2.69
	50	3.38	.32	.35	3.53	2.97	.86	4.87	3.43	.39	2.95
	51	3.77	.43	.40	3.84	2.89	.90	4.58	3.34	.53	3.22
	52	4.19	.54	.47	4.15	2.79	.95	4.26	3.25	.70	3.49
	53	4.64	.66	.54	4.47	2.66	1.02	3.93	3.16	.89	3.76
	54	5.11	.79	.91	4.79	2.50	1.11	3.59	3.06	1.09	7.14
	55	5.60	.92	.80	5.12	2.32	1.21	3.25	2.97	1.32	7.49
	56	6.10	2.32	.68	5.44	2.13	1.33	2.92	2.87	1.54	7.82
	57	6.61	2.38	.71	5.75	1.92	1.45	2.60	2.78	1.77	8.10
	58	7.12	2.42	.76	6.05	1.70	1.59	2.30	2.69	1.86	8.32
	59	7.62	2.44	.82	6.35	1.49	1.72	2.02	2.61	2.12	8.48
	60	8.11	2.44	.87	6.62	1.28	1.42	1.77	2.53	2.39	8.56
	61	8.59	2.42	.92	6.88	1.09	1.43	1.54	2.46	2.69	8.57
	62	9.05	2.38	.97	7.12	.91	1.43	.96	2.39	3.02	8.50
	63	9.48	2.32	1.01	7.34	.75	1.42	.96	2.34	3.37	8.37
	64	9.88	2.23	1.05	7.54	.35	1.41	.96	2.29	3.74	8.17
	65	10.26	2.13	1.08	7.71	.34	1.39	.96	2.26	4.13	7.91
	66	10.60	2.02	.77	7.86	.32	1.37	.95	2.24	4.52	7.60
	67	10.92	1.89	.67	7.98	.31	1.34	.94	2.23	4.91	7.26
	68	11.20	1.75	.62	8.08	.30	1.31	.93	2.22	5.29	5.89
	69	11.45	1.60	.64	8.29	.28	1.27	.92	2.23	9.39	5.71
	70	11.67	1.45	.71	7.99	.27	1.23	.91	2.25	9.41	5.53
	71	11.86	1.30	.83	7.68	.26	1.19	.90	2.27	9.38	5.34
	72	12.03	1.15	1.01	7.35	.24	1.16	.90	2.30	9.32	5.15
	73	12.17	1.02	1.21	7.03	.23	1.12	1.53	2.34	9.21	4.96
	74	12.05	.89	1.23	6.71	.21	1.09	1.25	.41	9.07	4.78
	75	12.74	.77	1.18	6.41	.20	1.06	.98	.38	8.89	4.61
	76	13.20	.66	1.11	6.12	.19	1.03	.75	.36	8.67	4.45
	77	13.45	.56	1.04	5.89	.18	1.00	.56	.34	8.42	4.31
	78	13.53	.80	.95	5.74	.17	.98	.41	.32	8.15	4.18
	79	13.52	1.10	.86	5.57	.16	.96	.29	.32	7.86	4.07
	80	13.52	1.58	.77	5.38	.15	.94	.22	.32	7.56	3.98
	81	13.56	.48	.68	5.18	.14	.92	1.14	.32	7.24	3.91
	82	13.65	.44	.58	4.95	.13	.91	1.30	.33	6.93	3.85
	83	13.71	.40	.48	4.72	.12	.90	1.46	.35	6.60	3.81
	84	13.48	.36	.39	4.47	.11	.41	1.61	.37	6.78	3.79
	85	10.73	.32	.31	4.21	.10	.27	1.77	.39	6.82	3.79
	86	10.51	.28	.23	3.95	.10	.15	1.92	.41	6.70	3.80
	87	10.28	.25	.16	3.68	.09	.03	2.05	.43	6.35	3.82
	88	10.05	.22	.11	3.42	.08	.03	2.18	.45	5.97	3.86
	89	9.80	.20	.06	3.16	.08	.04	2.29	.47	5.55	3.91
	90	9.53	.18	.03	2.90	.08	.05	2.39	.49	5.10	3.98
	91	9.26	.74	.01	2.65	.07	.08	2.40	.50	4.64	4.04
	92	8.98	.88	.00	2.41	.07	.13	2.40	.51	4.17	4.12
	93	8.69	1.03	.00	2.18	.07	.20	2.40	.52	3.70	4.19
	94	8.38	1.20	.01	.43	.07	.28	2.40	.53	3.27	4.27
	95	8.07	1.36	.03	.44	.07	.38	2.41	.54	2.87	3.29
	96	7.74	1.53	.06	.45	.07	.50	2.41	.17	2.52	3.01
	97	7.41	1.69	.43	.47	.07	.64	2.41	.16	2.22	2.71
	98	7.07	1.86	.54	.48	.41	.79	2.41	.15	1.54	2.41
	99	6.72	1.92	.68	.49	.40	.94	2.41	.14	1.84	2.12
	100	6.36	1.76	.85	.74	.38	1.10	2.40	.13	2.18	1.83
	101	6.00	1.60	1.05	1.01	.36	1.26	2.38	.12	2.55	1.56
	102	5.63	1.43	1.26	1.21	.34	1.43	2.36	.11	1.32	1.32
	103	5.26	1.25	1.31	2.26	.32	2.03	2.33	.11	1.75	1.10
	104	4.90	1.08	1.30	2.36	.30	2.17	2.30	.10	2.21	.91
	105	4.53	.91	1.28	2.46	.28	2.25	2.26	.10	2.64	.74
	106	4.17	.77	1.26	2.55	.26	2.27	2.22	.11	3.02	.60
	107	3.81	.65	1.23	2.64	.24	2.22	2.17	.05	3.32	.49
	108	3.46	.57	1.20	2.73	.22	2.09	2.12	.04	3.53	.40
	109	3.13	.53	1.16	2.81	.20	1.90	2.06	.03	3.64	.47
	110	2.80	2.47	1.12	2.89	.18	1.91	1.09	.02	4.22	.48
	111	2.49	2.76	1.08	2.96	.17	1.98	1.02	.02	5.00	.48
	112	2.20	3.19	1.02	3.03	.16	2.06	.95	.03	5.67	.48
	113	1.93	3.74	.97	3.08	.15	2.15	.88	.04	6.18	.48
	114	1.68	4.34	.91	3.13	.15	2.24	.81	.05	6.53	.47
	115	1.45	4.93	.85	3.17	.15	2.33	.73	.07	6.73	.46
	116	1.24	5.49	.79	3.20	.16	2.41	.00	.09	6.42	.44
	117	1.06	8.90	.73	3.22	.29	2.50	.00	.11	6.51	.42
	118	.90	9.02	.68	3.23	.32	2.57	.00	.13	6.58	.40
	119	.77	9.14	.62	3.23	.33	2.62	.00	.15	6.64	.37
	120	.66	9.26	.56	3.23	.35	2.66	.00	.18	6.68	.34
	121	.57	9.37	.52	3.21	.36	2.69	.00	.20	6.70	.31
	122	.49	9.48	.47	3.18	.36	2.69	.00	.23	6.70	.27
	123	.44	9.58	.43	3.15	.36	2.67	.00	.25	6.67	.23
	124	.39	9.67	.40	3.10	.35	2.64	.00	.27	6.61	.19
	125	.36	9.74	.37	3.06	.34	2.36	.00	.29	6.53	.15
	126	.34	9.80	.35	3.00	.32	2.33	.00	.32	6.42	.12
	127	.33	9.83	.33	2.94	.30	2.30	.00	1.30	6.30	.09
	128	1.35	9.83	.32	3.35	.30	2.27	.00	1.44	6.15	.06
	129	1.29	9.81	.31	3.50	.29	2.24	.00	1.59	5.98	.04
	130	1.24	9.75	.30	3.69	.28	2.20	.00	1.76	5.80	.03
	131	1.20	9.66	.30	3.89	.43	2.17	.00	1.94	5.61	.02
	132	1.16	9.54	.30	4.09	.56	2.13	.00	2.14	5.42	.01
	133	1.12	9.38	.30	3.93	.72	2.09	.00	2.36	5.22	.02
	134	1.09	9.18	.31	4.45	.89	2.05	.00	2.59	5.03	.02
	135	1.06	8.95	.31	4.94	1.08	2.00	.00	2.84	4.84	.03
	136	1.04	8.69	.32	5.41	1.29	1.97	.00	3.10	.00	.05
	137	1.04	8.40	.33	3.33	1.50	1.93	.00	3.38	.00	.06
	138	1.04	8.07	.34	3.49	1.71	1.89	.00	3.67	.00	.08
	139	1.05	7.72	.28	3.64	1.93	1.86	.00	3.98	.00	.00
	140	1.07	7.35	.13	3.76	2.14	1.83	.00	4.56	.00	.00
	141	1.01	4.26	.14	3.87	2.34	1.80	.00	5.12	.00	.00
	142	1.22	4.04	.17	3.96	2.53	1.78	.00	5.64	.00	.00
	143	1.41	3.86	.19	4.03	2.70	1.76	.00	6.14	.00	.00
	144	1.64	3.70	.22	4.09	2.85	1.75	.00	6.59	.00	.00
	145	1.89	3.58	.26	4.12	2.99	1.74	.00	7.00	.00	.00
	146	2.14	3.48	.31	4.01	3.10	1.74	.00	7.35	.00	.00
	147	2.38	3.37	.36	3.87	3.18	1.74	.00	7.63	.00	.00
	148	2.59	3.26	.42	3.72	2.17	1.74	.00	7.85	.00	.00
	149	2.77	3.17	.49	3.55	2.10	1.75	.00	7.98	.00	.00
	150	2.81	3.08	.56	3.36	2.03	1.77	.00	7.86	.00	.00
	151	2.81	2.42	.64	3.16	1.95	1.78	.00	8.06	.00	.00
	152	2.79	2.29	.73	2.94	1.87	1.80	.00	8.21	.00	.00
	153	2.77	2.10	.82	2.70	1.78	1.82	.00	8.32	.00	.00
	154	2.73	1.85	.91	2.45	1.69	1.84	.00	8.38	.00	.00
	155	2.68	1.57	1.01	2.18	1.60	1.86	.00	8.39	.00	.00
	156	2.62	1.28	1.12	1.90	1.50	1.89	.00	8.34	.00	.00
	157	2.54	1.80	1.22	1.62	1.40	1.91	.00	8.24	.00	.00
	158	2.46	1.87	1.33	1.34	1.30	1.94	.00	8.09	.00	.00
	159	2.35	1.95	1.44	1.06	1.20	.00	.00	7.88	.00	.00
	160	2.25	2.02	1.54	.81	1.10	.00	.00	7.62	.00	.00
	161	2.13	2.08	1.64	.58	1.01	.00	.00	7.32	.00	.00
	162	2.01	2.15	1.74	.39	.92	.00	.00	6.98	.00	.00
	163	1.89	2.20	1.83	.24	.83	.00	.00	6.61	.00	.00
	164	1.77	2.25	1.91	.13	.75	.00	.00	6.24	.00	.00
	165	1.65	2.30	1.99	.07	.67	.00	.00	6.05	.00	.00
	166	1.54	2.34	2.06	.06	.60	.00	.00	5.87	.00	.00
	167	1.44	2.36	2.12	.08	.53	.00	.00	5.66	.00	.00
	168	1.34	2.39	2.18	.00	.48	.00	.00	5.41	.00	.00
	169	1.26	2.40	2.22	.00	.43	.00	.00	5.14	.00	.00
	170	1.18	2.41	2.26	.00	.38	.00	.00	4.86	.00	.00
	171	1.11	2.42	2.29	.00	.34	.00	.00	4.56	.00	.00
	172	1.05	2.42	2.31	.00	.31	.00	.00	4.26	.00	.00
	173	1.00	2.42	2.32	.00	.28	.00	.00	3.96	.00	.00
	174	.96	2.42	2.33	.00	.25	.00	.00	3.66	.00	.00
	175	1.01	2.42	2.33	.00	.23	.00	.00	3.38	.00	.00
	176	1.04	2.42	2.33	.00	.21	.00	.00	3.12	.00	.00
	177	1.08	2.42	2.32	.00	.20	.00	.00	1.90	.00	.00
	178	1.12	2.43	2.31	.00	.18	.00	.00	1.80	.00	.00
	179	1.15	2.44	2.30	.00	.17	.00	.00	1.66	.00	.00
	180	1.18	2.45	2.28	.00	.00	.00	.00	1.50	.00	.00
	181	1.21	2.47	2.26	.00	.00	.00	.00	1.32	.00	.00
	182	1.23	2.49	2.25	.00	.00	.00	.00	1.13	.00	.00
	183	1.25	2.00	2.23	.00	.00	.00	.00	.94	.00	.00
	184	1.26	2.42	2.21	.00	.00	.00	.00	.77	.00	.00
	185	1.27	2.88	2.18	.00	.00	.00	.00	.62	.00	.00
	186	1.27	3.36	2.16	.00	.00	.00	.00	.50	.00	.00
	187	1.27	3.85	2.14	.00	.00	.00	.00	.41	.00	.00
	188	1.26	4.31	2.12	.00	.00	.00	.00	.00	.00	.00
	189	1.25	4.75	2.23	.00	.00	.00	.00	.00	.00	.00
	190	1.23	5.13	2.25	.00	.00	.00	.00	.00	.00	.00
	191	1.21	5.47	2.25	.00	.00	.00	.00	.00	.00	.00
	192	1.18	5.75	2.25	.00	.00	.00	.00	.00	.00	.00
	193	1.16	5.97	2.25	.00	.00	.00	.00	.00	.00	.00
	194	1.14	6.14	2.31	.00	.00	.00	.00	.00	.00	.00
	195	1.11	6.26	2.38	.00	.00	.00	.00	.00	.00	.00
	196	1.84	.00	2.46	.00	.00	.00	.00	.00	.00	.00
	197	2.02	.00	2.55	.00	.00	.00	.00	.00	.00	.00
	198	2.23	.00	2.66	.00	.00	.00	.00	.00	.00	.00
	199	2.46	.00	2.79	.00	.00	.00	.00	.00	.00	.00
	200	2.72	.00	2.94	.00	.00	.00	.00	.00	.00	.00
	201	2.98	.00	3.10	.00	.00	.00	.00	.00	.00	.00
	202	3.23	.00	3.28	.00	.00	.00	.00	.00	.00	.00
	203	3.46	.00	3.48	.00	.00	.00	.00	.00	.00	.00
	204	3.66	.00	3.70	.00	.00	.00	.00	.00	.00	.00
	205	3.85	.00	3.91	.00	.00	.00	.00	.00	.00	.00
	206	2.48	.00	4.15	.00	.00	.00	.00	.00	.00	.00
	207	1.41	.00	4.38	.00	.00	.00	.00	.00	.00	.00
	208	1.42	.00	4.61	.00	.00	.00	.00	.00	.00	.00
	209	1.42	.00	4.85	.00	.00	.00	.00	.00	.00	.00
	210	1.43	.00	5.07	.00	.00	.00	.00	.00	.00	.00
	211	1.43	.00	5.29	.00	.00	.00	.00	.00	.00	.00
	212	1.44	.00	5.50	.00	.00	.00	.00	.00	.00	.00
	213	1.45	.00	5.69	.00	.00	.00	.00	.00	.00	.00
	214	1.47	.00	5.86	.00	.00	.00	.00	.00	.00	.00
	215	1.50	.00	6.02	.00	.00	.00	.00	.00	.00	.00
	216	1.26	.00	6.16	.00	.00	.00	.00	.00	.00	.00
	217	1.30	.00	6.28	.00	.00	.00	.00	.00	.00	.00
	218	1.34	.00	.00	.00	.00	.00	.00	.00	.00	.00
	219	1.37	.00	.00	.00	.00	.00	.00	.00	.00	.00
	220	1.39	.00	.00	.00	.00	.00	.00	.00	.00	.00
	221	1.41	.00	.00	.00	.00	.00	.00	.00	.00	.00
	222	1.40	.00	.00	.00	.00	.00	.00	.00	.00	.00
	223	1.39	.00	.00	.00	.00	.00	.00	.00	.00	.00
	224	1.38	.00	.00	.00	.00	.00	.00	.00	.00	.00
	225	1.36	.00	.00	.00	.00	.00	.00	.00	.00	.00
	226	1.34	.00	.00	.00	.00	.00	.00	.00	.00	.00
	227	1.34	.00	.00	.00	.00	.00	.00	.00	.00	.00
	228	1.54	.00	.00	.00	.00	.00	.00	.00	.00	.00
	229	1.69	.00	.00	.00	.00	.00	.00	.00	.00	.00
	230	1.89	.00	.00	.00	.00	.00	.00	.00	.00	.00
	231	2.12	.00	.00	.00	.00	.00	.00	.00	.00	.00
	232	2.40	.00	.00	.00	.00	.00	.00	.00	.00	.00
	233	1.34	.00	.00	.00	.00	.00	.00	.00	.00	.00
	234	1.42	.00	.00	.00	.00	.00	.00	.00	.00	.00
	235	1.49	.00	.00	.00	.00	.00	.00	.00	.00	.00
	236	1.57	.00	.00	.00	.00	.00	.00	.00	.00	.00
	237	1.65	.00	.00	.00	.00	.00	.00	.00	.00	.00
	238	1.73	.00	.00	.00	.00	.00	.00	.00	.00	.00
	239	1.81	.00	.00	.00	.00	.00	.00	.00	.00	.00
	240	1.88	.00	.00	.00	.00	.00	.00	.00	.00	.00
	241	1.96	.00	.00	.00	.00	.00	.00	.00	.00	.00
	242	3.41	.00	.00	.00	.00	.00	.00	.00	.00	.00
	243	3.20	.00	.00	.00	.00	.00	.00	.00	.00	.00
	244	2.98	.00	.00	.00	.00	.00	.00	.00	.00	.00
	245	2.77	.00	.00	.00	.00	.00	.00	.00	.00	.00
	246	2.56	.00	.00	.00	.00	.00	.00	.00	.00	.00
	247	2.37	.00	.00	.00	.00	.00	.00	.00	.00	.00
	248	2.18	.00	.00	.00	.00	.00	.00	.00	.00	.00
	249	2.43	.00	.00	.00	.00	.00	.00	.00	.00	.00
	250	2.73	.00	.00	.00	.00	.00	.00	.00	.00	.00
	251	3.31	.00	.00	.00	.00	.00	.00	.00	.00	.00
	252	3.77	.00	.00	.00	.00	.00	.00	.00	.00	.00
	253	3.98	.00	.00	.00	.00	.00	.00	.00	.00	.00
	254	4.17	.00	.00	.00	.00	.00	.00	.00	.00	.00
	255	4.34	.00	.00	.00	.00	.00	.00	.00	.00	.00
	256	4.49	.00	.00	.00	.00	.00	.00	.00	.00	.00
	257	4.59	.00	.00	.00	.00	.00	.00	.00	.00	.00
	258	4.65	.00	.00	.00	.00	.00	.00	.00	.00	.00
	259	4.66	.00	.00	.00	.00	.00	.00	.00	.00	.00
	260	4.62	.00	.00	.00	.00	.00	.00	.00	.00	.00
	261	4.54	.00	.00	.00	.00	.00	.00	.00	.00	.00
	262	4.43	.00	.00	.00	.00	.00	.00	.00	.00	.00
	263	4.28	.00	.00	.00	.00	.00	.00	.00	.00	.00
	264	4.12	.00	.00	.00	.00	.00	.00	.00	.00	.00
	265	3.95	.00	.00	.00	.00	.00	.00	.00	.00	.00
	266	3.88	.00	.00	.00	.00	.00	.00	.00	.00	.00
	267	3.66	.00	.00	.00	.00	.00	.00	.00	.00	.00
