loc.	Chm 1	Chm 2	Chm 3	Chm 4	Chm 5	Chm 6	Chm 7	Chm 8	Chm 9	Chm 10
	0	.33	1.18	6.10	4.99	7.85	2.45	3.92	.85	7.24	3.48
	1	.32	.81	6.32	5.17	7.62	2.30	4.05	.89	6.72	3.80
	2	.32	.51	6.53	5.35	7.37	2.16	4.15	.94	6.20	4.05
	3	.32	.28	6.72	5.54	7.10	2.02	4.22	1.00	5.67	4.22
	4	.33	.17	6.90	5.72	6.81	1.90	4.26	1.07	6.50	4.30
	5	.35	.20	7.05	5.89	6.51	1.79	4.28	1.15	5.95	4.57
	6	.37	.41	7.17	6.06	6.19	1.70	4.27	1.23	5.37	4.71
	7	.40	.82	7.28	6.23	5.88	1.57	10.21	1.33	4.78	4.88
	8	.14	1.42	7.35	6.39	5.56	1.46	10.41	1.44	4.18	5.08
	9	.12	2.21	7.40	6.54	5.24	1.36	10.57	1.55	3.59	5.30
	10	.11	3.15	7.42	6.68	4.93	1.29	10.69	1.69	3.03	5.54
	11	.09	4.21	7.43	6.82	4.64	1.23	10.77	1.83	2.51	5.77
	12	.07	5.34	7.43	6.95	4.36	1.20	10.81	1.98	2.66	5.99
	13	.06	6.50	7.41	7.08	4.11	1.19	10.80	2.14	2.71	6.19
	14	.05	7.66	7.37	7.19	3.88	1.19	10.75	2.31	2.76	6.35
	15	.04	8.81	7.34	7.30	3.68	2.56	10.66	2.49	2.83	6.48
	16	.02	9.90	7.29	7.41	4.02	2.65	10.54	2.67	2.90	6.56
	17	.01	11.19	7.25	7.51	4.08	2.74	10.39	2.87	2.96	6.58
	18	.01	11.27	7.19	7.61	4.12	2.83	10.22	3.06	3.04	6.56
	19	.00	11.33	7.15	7.71	4.14	2.93	10.03	3.26	3.12	6.49
	20	.00	11.38	7.10	7.80	4.14	3.02	9.83	3.47	3.19	4.53
	21	.00	11.41	7.05	7.89	4.12	3.11	9.73	3.67	3.27	4.47
	22	.00	11.42	7.01	7.98	4.09	3.21	10.05	3.86	3.33	4.39
	23	.01	11.41	4.89	8.06	4.06	3.31	10.31	4.05	3.39	4.30
	24	.02	11.38	4.74	8.17	4.02	3.41	10.49	4.22	3.43	4.18
	25	.03	11.33	4.59	8.25	3.99	3.52	10.58	4.40	3.46	4.05
	26	.04	11.24	4.43	8.34	3.97	3.62	10.56	4.54	3.48	3.90
	27	.06	11.13	4.25	8.42	3.96	3.73	10.43	4.69	3.48	3.73
	28	.08	10.98	4.06	8.49	3.96	3.85	10.16	4.81	3.47	3.55
	29	.10	10.81	3.85	8.56	3.98	3.96	11.30	4.91	3.44	3.35
	30	.12	10.60	3.64	8.62	1.43	4.08	11.50	4.98	3.40	3.15
	31	.15	10.36	3.41	8.67	1.30	4.21	11.68	5.05	3.35	2.95
	32	.18	10.08	3.16	8.71	1.14	4.33	11.85	5.08	3.29	2.75
	33	.21	9.77	2.92	8.74	.99	4.45	12.00	5.10	3.22	2.56
	34	.24	9.42	2.66	8.76	1.27	4.57	12.12	5.08	3.14	2.39
	35	.28	9.06	2.39	8.77	1.33	4.68	12.20	5.04	3.06	4.43
	36	.32	8.66	2.13	8.76	1.38	4.80	12.23	4.99	2.98	4.58
	37	.36	8.24	1.87	8.75	1.42	4.90	12.21	4.91	.63	4.73
	38	.39	7.79	1.62	8.73	1.44	5.00	12.13	4.81	.57	4.88
	39	.43	7.34	1.38	8.69	1.45	5.09	11.98	4.70	.50	5.04
	40	.47	6.88	1.16	8.64	1.44	5.17	11.75	4.55	.43	5.19
	41	.51	6.41	.98	8.58	1.42	5.23	5.36	4.38	.37	5.35
	42	.35	5.94	.28	8.51	1.38	5.29	5.59	4.23	.30	5.52
	43	.43	5.48	.23	8.43	1.33	5.33	5.81	4.05	.24	5.69
	44	.53	5.04	.17	8.35	1.28	5.36	6.01	5.18	.19	5.86
	45	.66	4.61	.13	8.25	1.23	5.38	6.19	4.99	.14	6.03
	46	.81	4.20	.09	8.15	1.18	3.82	6.35	4.80	.10	7.19
	47	1.00	3.82	.06	8.05	1.12	3.94	6.48	4.61	.07	8.16
	48	1.22	3.46	.04	7.94	1.06	4.11	6.59	4.44	.05	9.05
	49	1.47	3.13	.03	5.13	1.00	6.32	6.66	4.27	.04	9.83
	50	1.76	2.82	.03	5.35	.93	6.41	6.71	4.11	1.12	10.48
	51	2.08	2.55	.03	5.56	.87	6.50	6.73	3.95	1.27	10.98
	52	2.43	2.29	.04	5.77	.79	6.58	6.72	3.80	1.44	11.33
	53	2.80	2.07	.06	5.97	.72	6.66	6.69	3.66	1.61	11.53
	54	3.19	1.86	1.94	6.16	.66	6.73	6.64	3.53	1.77	15.46
	55	3.60	1.68	2.62	6.34	.59	6.78	6.56	3.40	1.91	15.39
	56	4.00	.24	3.27	6.50	.52	6.82	6.46	3.29	2.04	15.28
	57	4.40	.21	3.65	6.64	.46	6.85	6.35	3.19	2.14	15.11
	58	4.80	.19	3.79	6.76	.41	6.84	6.22	3.10	2.73	14.90
	59	5.18	.17	3.88	6.85	.35	6.81	6.08	3.03	3.29	14.62
	60	5.53	.14	3.92	6.90	.31	5.11	5.92	2.97	3.93	14.29
	61	5.86	.12	3.90	6.93	.28	4.91	5.76	2.93	4.63	13.89
	62	6.16	.11	3.81	6.92	.25	4.70	4.11	2.91	5.36	13.43
	63	6.44	.09	3.67	6.89	.23	4.49	4.14	2.90	6.10	12.90
	64	6.68	.08	3.47	6.82	.04	4.28	4.15	2.90	6.85	12.32
	65	6.90	.08	3.23	6.73	.04	4.06	4.13	2.92	7.58	11.69
	66	7.09	.07	3.49	6.61	.03	3.84	4.08	2.97	8.28	11.04
	67	7.25	.07	3.01	6.46	.03	3.64	4.00	3.02	8.95	10.37
	68	7.39	.07	2.49	6.31	.03	3.43	3.89	3.08	9.59	7.08
	69	7.50	.08	1.97	7.00	.03	3.23	3.78	3.15	13.90	7.10
	70	7.59	.09	1.48	6.75	.04	3.04	3.64	3.23	14.44	7.12
	71	7.67	.10	1.05	6.49	.05	2.86	3.49	3.32	14.90	7.15
	72	7.73	.12	.72	6.23	.05	2.69	3.34	3.42	15.27	7.18
	73	7.78	.14	.50	5.97	.07	2.53	3.45	3.52	15.56	7.21
	74	9.08	.16	.48	5.73	.08	2.38	2.78	.95	15.76	7.24
	75	9.90	.18	.54	5.49	.10	2.24	2.16	1.01	15.87	7.28
	76	10.63	.20	.61	5.28	.11	2.11	1.60	1.07	15.91	7.33
	77	11.25	.22	.69	5.09	.14	1.99	1.15	1.13	15.85	7.38
	78	11.71	.49	.77	4.89	.16	1.88	.81	1.19	15.72	7.43
	79	12.02	.60	.86	4.69	.19	1.77	.60	1.26	15.50	7.48
	80	12.14	.72	.96	4.46	.22	1.67	.52	1.32	15.21	7.54
	81	12.06	.20	1.05	4.22	.25	1.58	1.10	1.38	14.84	7.60
	82	11.73	.13	1.15	3.97	.28	1.49	1.18	1.44	14.40	7.65
	83	11.09	.08	1.25	3.70	.32	1.41	1.25	1.50	13.89	7.70
	84	11.38	.06	1.36	3.43	.35	.01	1.33	1.54	11.83	7.75
	85	10.74	.06	1.45	3.16	.39	.03	1.41	1.58	11.70	7.79
	86	10.61	.09	1.54	2.89	.43	.19	1.48	1.61	11.46	7.81
	87	10.49	.14	1.63	2.62	.47	.59	1.54	1.62	10.89	7.82
	88	10.36	.22	1.70	2.36	.52	.63	1.59	1.65	10.23	7.83
	89	10.22	.31	1.77	2.12	.57	.66	1.63	1.65	9.49	7.82
	90	10.08	.40	1.83	1.89	.62	.71	1.66	1.65	8.69	7.80
	91	9.93	.40	1.88	1.67	.67	.75	1.65	1.64	7.82	7.75
	92	9.77	.38	1.92	1.48	.72	.81	1.62	1.62	6.93	7.69
	93	9.61	.37	1.96	1.30	.78	.88	1.60	1.60	6.03	7.62
	94	9.44	.40	1.98	.14	.83	.96	1.57	1.57	5.14	7.52
	95	9.26	.44	2.00	.24	.89	1.05	1.53	1.53	4.31	4.85
	96	9.07	.52	2.01	.41	.95	1.14	1.49	1.63	3.54	4.60
	97	8.87	.62	1.21	.64	1.00	1.26	1.45	1.75	2.88	4.34
	98	8.66	.75	1.28	.94	3.54	1.38	1.41	1.86	2.22	4.09
	99	8.44	.81	1.37	1.26	3.51	1.51	1.36	1.96	2.45	3.83
	100	8.20	.65	1.45	1.13	3.46	1.65	1.30	2.07	2.67	3.58
	101	7.96	.49	1.53	1.36	3.41	1.79	1.25	2.17	2.86	3.34
	102	7.70	.35	1.61	1.57	3.35	1.94	1.19	2.26	.80	3.10
	103	7.44	.22	1.65	5.80	3.29	3.02	1.13	2.35	.87	2.88
	104	7.16	.12	1.64	6.29	3.22	3.40	1.07	2.43	.92	2.66
	105	6.86	.04	1.62	6.80	3.15	3.70	1.01	2.50	.96	2.47
	106	6.57	.01	1.61	7.32	3.08	3.90	.96	2.55	.97	2.28
	107	6.27	.00	1.59	7.84	3.00	3.94	.91	4.88	.96	2.11
	108	5.95	.04	1.56	8.34	2.92	3.81	.86	5.12	.93	1.96
	109	5.64	.13	1.52	8.82	2.84	3.50	.82	5.36	.88	2.40
	110	5.31	1.29	1.48	9.27	2.76	3.59	.52	5.59	1.07	2.55
	111	4.99	1.65	1.44	9.68	2.67	3.78	.74	5.79	1.38	2.72
	112	4.68	2.04	1.39	10.05	2.58	3.94	.97	5.97	1.70	2.88
	113	4.36	2.44	1.33	10.37	2.49	4.04	1.20	6.13	1.99	3.05
	114	4.06	2.86	1.27	10.65	2.40	4.09	1.40	6.24	2.26	3.21
	115	3.76	3.28	1.22	10.88	2.31	4.06	1.56	6.32	2.48	3.36
	116	3.47	3.68	1.16	11.07	2.22	3.97	.00	6.35	2.80	3.52
	117	3.20	4.89	1.09	11.19	.21	3.81	.00	6.34	2.84	3.66
	118	2.95	4.89	1.03	11.28	.18	3.59	.00	6.29	2.87	3.79
	119	2.72	4.89	.98	11.31	.15	3.32	.00	6.19	2.90	3.91
	120	2.51	4.89	.93	11.31	.13	3.01	.00	6.07	2.92	4.01
	121	2.31	4.87	.88	11.25	.11	2.67	.00	5.90	2.93	4.10
	122	2.14	4.86	.84	11.15	.09	2.32	.00	5.71	2.92	4.17
	123	2.00	4.84	.80	11.02	.07	1.97	.00	5.51	2.90	4.23
	124	1.87	4.82	.77	10.85	.06	1.64	.00	5.29	2.87	4.27
	125	1.76	4.78	.75	10.66	.05	1.56	.00	5.06	2.83	4.29
	126	1.67	4.74	.74	10.43	.04	1.67	.00	4.83	2.78	4.29
	127	1.60	4.70	.73	10.19	.04	1.79	.00	5.21	2.72	4.28
	128	2.01	4.65	.73	8.40	.05	1.93	.00	5.59	2.66	4.25
	129	2.13	4.60	.74	8.29	.06	2.08	.00	5.95	2.58	4.20
	130	2.25	4.53	.74	7.95	.07	2.25	.00	6.28	2.51	4.15
	131	2.36	4.46	.76	7.41	.66	2.42	.00	6.56	2.44	4.09
	132	2.46	4.38	.78	6.71	.96	2.62	.00	6.80	2.35	4.02
	133	2.54	4.29	.80	5.48	1.33	2.83	.00	6.97	2.28	3.94
	134	2.58	4.20	.82	6.49	1.78	3.04	.00	7.06	2.21	3.85
	135	2.60	4.09	.85	7.40	2.30	3.27	.00	7.10	2.14	3.77
	136	2.61	3.97	.87	8.18	2.88	3.51	.00	7.06	.00	3.68
	137	2.61	3.84	.90	6.90	3.51	3.75	.00	6.98	.00	3.59
	138	2.60	3.69	.93	6.47	4.17	4.00	.00	6.83	.00	3.50
	139	2.57	3.55	1.17	6.03	4.83	4.26	.00	6.67	.00	.00
	140	2.53	3.39	.30	5.60	5.48	4.51	.00	5.30	.00	.00
	141	2.39	2.13	.30	5.19	6.11	4.77	.00	5.28	.00	.00
	142	4.73	2.04	.30	4.82	6.70	5.02	.00	5.26	.00	.00
	143	5.11	1.96	.31	4.53	7.24	5.27	.00	5.23	.00	.00
	144	5.54	1.89	.33	4.32	7.74	5.51	.00	5.20	.00	.00
	145	5.97	1.82	.35	4.21	8.17	5.75	.00	5.17	.00	.00
	146	6.36	1.76	.38	4.02	8.54	5.98	.00	5.14	.00	.00
	147	6.66	1.68	.42	3.80	8.85	6.21	.00	5.10	.00	.00
	148	6.83	1.61	.46	3.57	7.28	6.42	.00	5.06	.00	.00
	149	6.85	1.54	.51	3.32	7.05	6.62	.00	5.03	.00	.00
	150	6.88	1.47	.57	3.05	6.80	6.82	.00	4.85	.00	.00
	151	7.06	1.56	.64	2.78	6.55	7.00	.00	4.90	.00	.00
	152	7.21	1.39	.71	2.50	6.27	7.17	.00	4.94	.00	.00
	153	7.36	1.21	.79	2.21	5.99	7.33	.00	4.96	.00	.00
	154	7.47	1.04	.88	1.93	5.70	7.48	.00	4.97	.00	.00
	155	7.56	.89	.97	1.65	5.39	7.62	.00	4.96	.00	.00
	156	7.63	.76	1.07	1.39	5.08	7.76	.00	4.93	.00	.00
	157	7.67	.75	1.18	1.15	4.77	7.88	.00	4.89	.00	.00
	158	7.69	.79	1.29	.93	4.45	7.99	.00	4.82	.00	.00
	159	7.68	.85	1.40	.76	4.14	.00	.00	4.74	.00	.00
	160	7.65	.90	1.52	.62	3.82	.00	.00	4.63	.00	.00
	161	7.59	.96	1.64	.53	3.51	.00	.00	4.52	.00	.00
	162	7.53	1.03	1.77	.48	3.22	.00	.00	4.38	.00	.00
	163	7.45	1.09	1.90	.49	2.93	.00	.00	4.24	.00	.00
	164	7.35	1.16	2.02	.53	2.66	.00	.00	4.10	.00	.00
	165	7.24	1.23	2.15	.61	2.40	.00	.00	3.43	.00	.00
	166	7.12	1.30	2.28	.73	2.15	.00	.00	3.45	.00	.00
	167	6.99	1.37	2.41	.88	1.93	.00	.00	3.45	.00	.00
	168	6.85	1.43	2.54	.00	1.73	.00	.00	3.43	.00	.00
	169	6.71	1.48	2.67	.00	1.55	.00	.00	3.38	.00	.00
	170	6.55	1.53	2.80	.00	1.39	.00	.00	3.31	.00	.00
	171	6.39	1.58	2.92	.00	1.24	.00	.00	3.23	.00	.00
	172	6.23	1.61	3.04	.00	1.11	.00	.00	3.12	.00	.00
	173	6.05	1.64	3.16	.00	.99	.00	.00	3.01	.00	.00
	174	5.87	1.67	3.28	.00	.89	.00	.00	2.89	.00	.00
	175	3.43	1.68	3.39	.00	.80	.00	.00	2.77	.00	.00
	176	3.35	1.69	3.50	.00	.72	.00	.00	2.65	.00	.00
	177	3.28	1.70	3.60	.00	.65	.00	.00	1.53	.00	.00
	178	3.20	1.69	3.70	.00	.58	.00	.00	1.59	.00	.00
	179	3.12	1.69	3.80	.00	.53	.00	.00	1.64	.00	.00
	180	3.03	1.68	3.89	.00	.00	.00	.00	1.70	.00	.00
	181	2.95	1.67	3.98	.00	.00	.00	.00	1.76	.00	.00
	182	2.86	1.65	4.07	.00	.00	.00	.00	1.82	.00	.00
	183	2.77	1.14	4.15	.00	.00	.00	.00	1.91	.00	.00
	184	2.69	.99	4.23	.00	.00	.00	.00	2.00	.00	.00
	185	2.61	.88	4.30	.00	.00	.00	.00	2.10	.00	.00
	186	2.53	.82	4.37	.00	.00	.00	.00	2.22	.00	.00
	187	2.45	.80	4.43	.00	.00	.00	.00	2.33	.00	.00
	188	2.38	.83	4.49	.00	.00	.00	.00	.00	.00	.00
	189	2.31	.90	5.05	.00	.00	.00	.00	.00	.00	.00
	190	2.24	1.00	5.11	.00	.00	.00	.00	.00	.00	.00
	191	2.19	1.12	5.19	.00	.00	.00	.00	.00	.00	.00
	192	2.14	1.27	5.29	.00	.00	.00	.00	.00	.00	.00
	193	2.09	1.42	5.38	.00	.00	.00	.00	.00	.00	.00
	194	2.05	1.57	5.43	.00	.00	.00	.00	.00	.00	.00
	195	2.02	1.72	5.48	.00	.00	.00	.00	.00	.00	.00
	196	3.12	.00	5.54	.00	.00	.00	.00	.00	.00	.00
	197	3.34	.00	5.61	.00	.00	.00	.00	.00	.00	.00
	198	3.55	.00	5.69	.00	.00	.00	.00	.00	.00	.00
	199	3.73	.00	5.79	.00	.00	.00	.00	.00	.00	.00
	200	3.88	.00	5.90	.00	.00	.00	.00	.00	.00	.00
	201	3.99	.00	6.03	.00	.00	.00	.00	.00	.00	.00
	202	4.02	.00	6.17	.00	.00	.00	.00	.00	.00	.00
	203	3.98	.00	6.33	.00	.00	.00	.00	.00	.00	.00
	204	3.84	.00	6.49	.00	.00	.00	.00	.00	.00	.00
	205	3.62	.00	6.66	.00	.00	.00	.00	.00	.00	.00
	206	1.70	.00	6.83	.00	.00	.00	.00	.00	.00	.00
	207	1.81	.00	6.99	.00	.00	.00	.00	.00	.00	.00
	208	1.91	.00	7.15	.00	.00	.00	.00	.00	.00	.00
	209	2.01	.00	7.30	.00	.00	.00	.00	.00	.00	.00
	210	2.11	.00	7.43	.00	.00	.00	.00	.00	.00	.00
	211	2.20	.00	7.56	.00	.00	.00	.00	.00	.00	.00
	212	2.28	.00	7.66	.00	.00	.00	.00	.00	.00	.00
	213	2.37	.00	7.75	.00	.00	.00	.00	.00	.00	.00
	214	2.46	.00	7.82	.00	.00	.00	.00	.00	.00	.00
	215	2.55	.00	7.87	.00	.00	.00	.00	.00	.00	.00
	216	3.15	.00	7.91	.00	.00	.00	.00	.00	.00	.00
	217	3.42	.00	7.93	.00	.00	.00	.00	.00	.00	.00
	218	3.66	.00	.00	.00	.00	.00	.00	.00	.00	.00
	219	3.87	.00	.00	.00	.00	.00	.00	.00	.00	.00
	220	4.02	.00	.00	.00	.00	.00	.00	.00	.00	.00
	221	4.11	.00	.00	.00	.00	.00	.00	.00	.00	.00
	222	4.13	.00	.00	.00	.00	.00	.00	.00	.00	.00
	223	4.09	.00	.00	.00	.00	.00	.00	.00	.00	.00
	224	4.00	.00	.00	.00	.00	.00	.00	.00	.00	.00
	225	3.86	.00	.00	.00	.00	.00	.00	.00	.00	.00
	226	3.69	.00	.00	.00	.00	.00	.00	.00	.00	.00
	227	3.51	.00	.00	.00	.00	.00	.00	.00	.00	.00
	228	2.32	.00	.00	.00	.00	.00	.00	.00	.00	.00
	229	2.32	.00	.00	.00	.00	.00	.00	.00	.00	.00
	230	2.30	.00	.00	.00	.00	.00	.00	.00	.00	.00
	231	2.27	.00	.00	.00	.00	.00	.00	.00	.00	.00
	232	2.22	.00	.00	.00	.00	.00	.00	.00	.00	.00
	233	1.45	.00	.00	.00	.00	.00	.00	.00	.00	.00
	234	1.35	.00	.00	.00	.00	.00	.00	.00	.00	.00
	235	1.24	.00	.00	.00	.00	.00	.00	.00	.00	.00
	236	1.12	.00	.00	.00	.00	.00	.00	.00	.00	.00
	237	1.01	.00	.00	.00	.00	.00	.00	.00	.00	.00
	238	.90	.00	.00	.00	.00	.00	.00	.00	.00	.00
	239	.80	.00	.00	.00	.00	.00	.00	.00	.00	.00
	240	.71	.00	.00	.00	.00	.00	.00	.00	.00	.00
	241	.64	.00	.00	.00	.00	.00	.00	.00	.00	.00
	242	.72	.00	.00	.00	.00	.00	.00	.00	.00	.00
	243	.61	.00	.00	.00	.00	.00	.00	.00	.00	.00
	244	.50	.00	.00	.00	.00	.00	.00	.00	.00	.00
	245	.43	.00	.00	.00	.00	.00	.00	.00	.00	.00
	246	.43	.00	.00	.00	.00	.00	.00	.00	.00	.00
	247	.50	.00	.00	.00	.00	.00	.00	.00	.00	.00
	248	.64	.00	.00	.00	.00	.00	.00	.00	.00	.00
	249	1.81	.00	.00	.00	.00	.00	.00	.00	.00	.00
	250	3.67	.00	.00	.00	.00	.00	.00	.00	.00	.00
	251	5.75	.00	.00	.00	.00	.00	.00	.00	.00	.00
	252	7.62	.00	.00	.00	.00	.00	.00	.00	.00	.00
	253	7.73	.00	.00	.00	.00	.00	.00	.00	.00	.00
	254	7.60	.00	.00	.00	.00	.00	.00	.00	.00	.00
	255	7.38	.00	.00	.00	.00	.00	.00	.00	.00	.00
	256	7.06	.00	.00	.00	.00	.00	.00	.00	.00	.00
	257	6.67	.00	.00	.00	.00	.00	.00	.00	.00	.00
	258	6.19	.00	.00	.00	.00	.00	.00	.00	.00	.00
	259	5.65	.00	.00	.00	.00	.00	.00	.00	.00	.00
	260	5.06	.00	.00	.00	.00	.00	.00	.00	.00	.00
	261	4.44	.00	.00	.00	.00	.00	.00	.00	.00	.00
	262	3.81	.00	.00	.00	.00	.00	.00	.00	.00	.00
	263	3.21	.00	.00	.00	.00	.00	.00	.00	.00	.00
	264	2.64	.00	.00	.00	.00	.00	.00	.00	.00	.00
	265	2.13	.00	.00	.00	.00	.00	.00	.00	.00	.00
	266	1.65	.00	.00	.00	.00	.00	.00	.00	.00	.00
	267	1.46	.00	.00	.00	.00	.00	.00	.00	.00	.00
