loc.	Chm 1	Chm 2	Chm 3	Chm 4	Chm 5	Chm 6	Chm 7	Chm 8	Chm 9	Chm 10
	0	1.20	3.00	3.80	5.88	7.99	.93	3.95	.18	4.10	2.85
	1	1.18	3.24	4.02	6.01	7.93	1.05	4.00	.21	3.85	3.03
	2	1.15	3.52	4.26	6.14	7.85	1.22	4.03	.24	3.57	3.18
	3	1.09	3.82	4.50	6.28	7.76	1.42	4.05	.27	3.29	3.31
	4	1.02	4.16	4.75	6.42	7.64	1.64	4.07	.31	3.38	3.42
	5	.92	4.51	4.99	6.56	7.50	1.85	4.09	.35	3.05	2.71
	6	.81	4.88	5.24	6.70	7.33	2.05	4.11	.39	2.70	2.49
	7	.70	5.25	5.48	6.84	7.15	1.96	6.69	.44	2.34	2.29
	8	4.68	5.60	5.71	6.99	6.95	1.79	6.88	.49	1.98	2.10
	9	4.88	5.95	5.94	7.14	6.72	1.63	7.04	.55	1.63	1.93
	10	5.08	6.27	6.15	7.29	6.48	1.47	7.15	.61	1.32	1.78
	11	5.30	6.57	6.35	7.44	6.22	1.32	7.21	.67	1.05	1.67
	12	5.53	6.83	6.53	7.59	5.94	1.20	7.23	.75	1.87	1.59
	13	5.77	7.07	6.69	7.74	5.65	1.09	7.20	.82	1.95	1.54
	14	6.01	7.27	6.83	7.89	5.36	1.01	7.11	.89	2.03	1.51
	15	6.26	7.45	6.96	8.04	5.05	2.81	6.97	.97	2.11	1.51
	16	6.51	7.59	7.06	8.18	3.68	2.95	6.77	1.06	2.19	1.51
	17	6.77	8.79	7.14	8.31	3.52	3.10	6.53	1.14	2.26	1.53
	18	7.03	8.91	7.20	8.44	3.33	3.26	6.23	1.22	2.32	1.56
	19	7.28	9.03	7.24	8.57	3.11	3.44	5.90	1.30	2.37	1.59
	20	7.53	9.13	7.26	8.69	2.88	3.62	5.54	1.40	2.41	2.14
	21	7.77	9.23	7.26	8.80	2.64	3.81	5.34	1.48	2.44	2.06
	22	8.00	9.31	7.23	8.90	2.38	4.00	5.89	1.56	2.46	1.97
	23	8.21	9.38	8.97	8.99	2.13	4.20	6.40	1.65	2.46	1.88
	24	8.42	9.44	9.31	9.07	1.89	4.40	6.87	1.73	2.44	1.78
	25	8.60	9.48	9.64	9.13	1.67	4.60	7.29	1.80	2.42	1.67
	26	8.77	9.49	9.93	9.19	1.47	4.79	7.63	1.87	2.38	1.56
	27	8.92	9.49	10.21	9.23	1.29	4.99	7.89	1.94	2.33	1.45
	28	9.06	9.47	10.44	9.26	1.13	5.17	8.05	2.00	2.27	1.33
	29	9.16	9.43	10.63	9.27	.99	5.35	8.35	2.06	2.21	1.21
	30	9.26	9.36	10.78	9.26	1.77	5.51	8.15	2.10	2.14	1.10
	31	9.33	9.27	10.88	9.25	1.45	5.66	7.95	2.14	2.06	.99
	32	9.39	9.15	10.93	9.21	1.15	5.80	7.78	2.18	1.99	.90
	33	9.42	9.01	10.91	9.16	.88	5.93	7.62	2.20	1.92	.81
	34	9.43	8.84	10.84	9.10	.52	6.04	7.50	2.23	1.85	.73
	35	9.42	8.64	10.71	9.02	.71	6.14	7.41	2.24	1.78	.34
	36	9.39	8.42	10.51	8.92	.93	6.22	7.34	2.25	1.72	.38
	37	9.34	8.18	10.25	8.83	1.18	6.28	7.28	2.25	1.10	.43
	38	9.28	7.92	9.93	8.71	1.45	6.34	7.21	2.24	1.04	.50
	39	9.20	7.64	9.55	8.58	1.72	6.38	7.11	2.23	.97	.59
	40	9.10	7.34	9.13	8.44	1.99	6.41	6.99	2.21	.91	.68
	41	8.99	7.02	8.68	8.29	2.26	6.43	1.73	2.19	.85	.79
	42	9.09	6.70	9.70	8.14	2.51	6.44	1.59	2.16	.80	.91
	43	9.34	6.37	9.49	7.97	2.75	6.44	1.46	2.13	.78	1.03
	44	9.59	6.03	9.18	7.80	2.96	6.43	1.32	.24	.77	1.15
	45	9.85	5.69	8.76	7.63	3.16	6.41	1.20	.19	.77	1.27
	46	10.13	5.36	8.25	7.45	3.33	3.94	1.07	.14	.80	1.35
	47	10.42	5.02	7.64	7.27	3.67	3.73	.94	.10	.84	1.40
	48	10.71	4.70	6.97	7.09	3.40	3.46	.82	.07	.88	1.46
	49	11.02	4.39	6.26	3.45	3.12	1.79	.71	.05	.94	1.53
	50	11.33	4.08	5.53	3.38	2.83	1.75	.60	.04	3.80	1.60
	51	11.65	3.80	4.81	3.30	2.53	1.75	.50	.04	4.71	1.65
	52	11.98	3.52	4.14	3.21	2.22	1.77	.41	.06	5.78	1.69
	53	12.31	3.26	3.53	3.11	1.90	1.82	.33	.09	6.97	1.71
	54	12.64	3.02	.72	3.01	1.59	1.89	.26	.14	8.20	3.32
	55	12.97	2.79	.77	2.89	1.28	1.96	.20	.19	9.44	3.43
	56	13.29	.20	.82	2.76	.99	2.05	.15	.26	10.65	3.56
	57	13.60	.20	.88	2.63	.73	2.14	.10	.35	11.81	3.71
	58	13.89	.20	.99	2.49	.51	2.23	.07	.45	12.92	3.87
	59	14.16	.20	1.12	2.35	.34	2.32	.04	.56	13.64	4.07
	60	14.40	.20	1.24	2.19	.22	1.74	.02	.68	14.31	4.28
	61	14.62	.21	1.37	2.04	.16	1.98	.01	.80	14.91	4.52
	62	14.80	.21	1.50	1.89	.14	2.29	.22	.94	15.45	4.77
	63	14.94	.22	1.62	1.74	.17	2.66	.18	1.07	15.90	5.03
	64	15.05	.23	1.72	1.58	.28	3.07	.16	1.21	16.29	5.29
	65	15.12	.24	1.81	1.43	.31	3.50	.19	1.35	16.60	5.55
	66	15.16	.25	4.46	1.29	.33	3.95	.25	1.49	16.83	5.79
	67	15.16	.28	4.64	1.16	.37	4.40	.36	1.62	16.99	6.03
	68	15.13	.30	4.82	1.03	.41	4.83	.52	1.75	17.08	3.18
	69	15.07	.33	5.00	.21	.45	5.22	.70	1.88	18.92	2.99
	70	14.99	.37	5.16	.19	.49	5.58	.90	2.00	18.82	2.82
	71	14.87	.41	5.31	.18	.54	5.89	1.11	2.11	18.64	2.66
	72	14.75	.45	5.45	.19	.60	6.16	1.32	2.22	18.38	2.52
	73	14.60	.49	5.55	.22	.66	6.37	2.79	2.32	18.04	2.39
	74	9.22	.54	3.15	.26	.72	6.53	2.74	5.85	17.62	2.30
	75	8.50	.59	3.36	.32	.78	6.64	2.68	5.95	17.11	2.23
	76	7.78	.64	3.56	.39	.85	6.71	2.60	6.05	16.54	2.19
	77	7.10	.69	3.76	.48	.92	6.73	2.52	6.13	15.90	2.19
	78	6.53	.68	3.96	.56	.98	6.72	2.41	6.21	15.19	2.22
	79	6.07	.74	4.15	.65	1.05	6.67	2.28	6.27	14.45	2.29
	80	5.71	.79	4.34	.75	1.12	6.61	2.13	6.31	13.67	2.39
	81	5.42	.81	4.51	.85	1.18	6.53	2.15	6.33	12.87	2.52
	82	5.17	.90	4.68	.97	1.24	6.44	2.18	6.32	12.05	2.68
	83	4.94	1.00	4.82	1.09	1.28	6.35	2.17	6.29	11.24	2.86
	84	4.92	1.09	4.95	1.22	1.33	9.33	2.13	6.23	7.83	3.05
	85	5.56	1.18	5.05	1.35	1.36	10.16	2.06	6.15	9.71	3.25
	86	5.53	1.24	5.14	1.49	1.38	10.92	1.97	6.03	9.81	3.44
	87	5.50	1.28	5.20	1.62	1.40	10.51	1.87	5.88	8.89	3.61
	88	5.47	1.29	5.23	1.76	1.39	10.66	1.77	5.70	7.95	3.77
	89	5.43	1.29	5.24	1.90	1.39	10.75	1.68	5.50	6.99	3.91
	90	5.39	1.26	5.22	2.04	1.36	10.76	1.60	5.26	6.04	4.02
	91	5.34	1.20	5.18	2.17	1.33	10.71	1.52	5.01	5.11	4.10
	92	5.29	1.10	5.13	2.30	1.28	10.57	1.44	4.74	4.23	4.16
	93	5.23	.98	5.05	2.42	1.22	10.37	1.38	4.47	3.40	4.20
	94	5.18	.86	4.96	5.61	1.16	10.09	1.33	4.19	2.65	4.21
	95	5.11	.74	4.87	5.72	1.09	9.75	1.30	3.92	1.99	5.12
	96	5.04	.64	4.76	5.77	1.00	9.36	1.29	4.51	1.43	5.54
	97	4.97	.55	2.77	5.72	.92	8.93	1.31	4.61	.98	5.92
	98	4.89	.48	2.72	5.56	.18	8.45	1.34	4.68	.09	6.21
	99	4.81	.42	2.66	5.31	.16	7.95	1.41	4.72	.25	6.42
	100	4.73	.36	2.59	5.46	.14	7.44	1.49	4.73	.50	6.51
	101	4.64	.31	2.51	6.63	.12	6.93	1.59	4.71	.79	6.49
	102	4.55	.28	2.43	7.60	.10	6.42	1.70	4.65	1.54	6.36
	103	4.46	.26	2.30	7.57	.09	6.36	1.83	4.55	1.60	6.12
	104	4.36	.27	2.30	7.37	.07	5.75	1.96	4.43	1.69	5.81
	105	4.27	.31	2.29	7.15	.07	5.05	2.09	4.28	1.82	5.41
	106	4.17	.38	2.28	6.90	.06	4.29	2.22	4.10	1.98	4.97
	107	4.08	.47	2.25	6.64	.06	3.50	2.34	2.52	2.17	4.50
	108	3.99	.59	2.22	6.35	.07	2.73	2.45	2.55	2.37	4.04
	109	3.89	.73	2.19	6.05	.08	2.03	2.54	2.57	2.56	5.35
	110	3.81	1.71	2.14	5.73	.11	1.75	2.39	2.59	2.90	5.46
	111	3.73	1.89	2.10	5.41	.14	1.56	2.14	2.60	3.29	5.56
	112	3.64	2.08	2.04	5.07	.19	1.37	1.87	2.60	3.66	5.66
	113	3.57	2.28	1.98	4.73	.25	1.19	1.60	2.58	3.98	5.76
	114	3.51	2.48	1.91	4.39	.32	1.03	1.33	2.56	4.26	5.86
	115	3.44	2.69	1.84	4.04	.40	.87	1.10	2.52	4.49	5.95
	116	3.38	2.89	1.77	3.71	.50	.72	.00	2.47	5.29	6.04
	117	3.33	4.93	1.70	3.37	.72	.60	.00	2.40	5.40	6.11
	118	3.27	5.12	1.63	3.05	.74	.49	.00	2.33	5.50	6.17
	119	3.23	5.32	1.55	2.74	.78	.40	.00	2.25	5.61	6.22
	120	3.19	5.52	1.48	2.44	.81	.34	.00	2.17	5.72	6.24
	121	3.14	5.72	1.42	2.17	.85	.29	.00	2.08	5.82	6.25
	122	3.11	5.93	1.36	1.91	.88	.27	.00	1.99	5.90	6.23
	123	3.07	6.15	1.30	1.67	.91	.26	.00	1.90	5.97	6.18
	124	3.05	6.36	1.25	1.46	.93	.27	.00	1.82	6.02	6.11
	125	3.01	6.57	1.20	1.26	.94	.25	.00	1.73	6.04	6.01
	126	2.98	6.78	1.17	1.09	.94	.23	.00	1.66	6.05	5.89
	127	2.96	6.98	1.13	.93	.93	.21	.00	.73	6.03	5.74
	128	2.95	7.18	1.11	.34	.89	.19	.00	.99	5.98	5.57
	129	3.03	7.36	1.09	.26	.85	.18	.00	1.29	5.91	5.38
	130	3.13	7.54	1.08	.19	.82	.17	.00	1.64	5.82	5.17
	131	3.22	7.71	1.07	.13	1.05	.16	.00	2.01	5.71	4.95
	132	3.31	7.86	1.06	.08	.96	.16	.00	2.40	5.59	4.72
	133	3.39	7.99	1.06	.13	.87	.16	.00	2.78	5.45	4.48
	134	3.41	8.11	1.07	.09	.79	.17	.00	3.15	5.30	4.25
	135	3.35	8.21	1.08	.06	.72	.18	.00	3.49	5.14	4.02
	136	3.26	8.29	1.09	.04	.67	.20	.00	3.78	.00	3.79
	137	3.15	8.35	1.10	1.05	.64	.23	.00	4.03	.00	3.58
	138	3.01	8.39	1.12	.89	.61	.25	.00	4.22	.00	3.37
	139	2.86	8.42	.51	.74	.61	.29	.00	4.36	.00	.00
	140	2.71	8.43	.71	.61	.61	.33	.00	4.25	.00	.00
	141	2.65	6.50	.76	.48	.62	.37	.00	4.09	.00	.00
	142	6.73	5.74	.82	.38	.65	.42	.00	3.92	.00	.00
	143	6.78	5.05	.88	.29	.68	.47	.00	3.72	.00	.00
	144	6.79	4.44	.96	.22	.71	.52	.00	3.52	.00	.00
	145	6.77	3.95	1.04	.16	.75	.58	.00	3.31	.00	.00
	146	6.72	3.57	1.14	.20	.79	.64	.00	3.12	.00	.00
	147	6.63	3.70	1.25	.27	.83	.69	.00	2.97	.00	.00
	148	6.52	3.84	1.37	.36	1.55	.75	.00	2.86	.00	.00
	149	6.38	3.93	1.50	.46	1.57	.82	.00	2.82	.00	.00
	150	7.11	3.93	1.65	.58	1.58	.88	.00	1.35	.00	.00
	151	7.41	1.63	1.80	.72	1.60	.94	.00	1.33	.00	.00
	152	7.71	1.28	1.97	.88	1.61	1.00	.00	1.33	.00	.00
	153	8.02	.95	2.15	1.05	1.62	1.06	.00	1.34	.00	.00
	154	8.33	.66	2.33	1.24	1.63	1.11	.00	1.35	.00	.00
	155	8.62	.41	2.53	1.45	1.64	1.17	.00	1.39	.00	.00
	156	8.92	.23	2.73	1.66	1.66	1.22	.00	1.43	.00	.00
	157	9.20	2.31	2.93	1.89	1.67	1.28	.00	1.48	.00	.00
	158	9.46	2.33	3.15	2.13	1.69	1.33	.00	1.54	.00	.00
	159	9.70	2.35	3.37	2.37	1.73	.00	.00	1.60	.00	.00
	160	9.92	2.38	3.58	2.62	1.76	.00	.00	1.67	.00	.00
	161	10.11	2.41	3.79	2.86	1.82	.00	.00	1.73	.00	.00
	162	10.28	2.43	4.01	3.11	1.88	.00	.00	1.80	.00	.00
	163	10.41	2.46	4.21	3.35	1.96	.00	.00	1.86	.00	.00
	164	10.51	2.49	4.42	3.59	2.05	.00	.00	1.92	.00	.00
	165	10.58	2.52	4.62	3.82	2.15	.00	.00	1.87	.00	.00
	166	10.61	2.55	4.81	4.04	2.26	.00	.00	2.15	.00	.00
	167	10.60	2.58	4.99	4.26	2.38	.00	.00	2.44	.00	.00
	168	10.55	2.60	5.17	.00	2.51	.00	.00	2.73	.00	.00
	169	10.46	2.62	5.34	.00	2.64	.00	.00	3.01	.00	.00
	170	10.33	2.64	5.49	.00	2.77	.00	.00	3.27	.00	.00
	171	10.17	2.64	5.65	.00	2.91	.00	.00	3.50	.00	.00
	172	9.98	2.64	5.78	.00	3.05	.00	.00	3.69	.00	.00
	173	9.75	2.64	5.91	.00	3.18	.00	.00	3.84	.00	.00
	174	9.50	2.62	6.04	.00	3.30	.00	.00	3.95	.00	.00
	175	3.60	2.60	6.15	.00	3.42	.00	.00	4.02	.00	.00
	176	3.70	2.56	6.24	.00	3.54	.00	.00	4.04	.00	.00
	177	3.80	2.51	6.34	.00	3.65	.00	.00	4.20	.00	.00
	178	3.88	2.46	6.42	.00	3.76	.00	.00	4.52	.00	.00
	179	3.96	2.40	6.50	.00	3.86	.00	.00	4.77	.00	.00
	180	4.01	2.33	6.57	.00	.00	.00	.00	4.96	.00	.00
	181	4.05	2.25	6.62	.00	.00	.00	.00	5.08	.00	.00
	182	4.06	2.16	6.68	.00	.00	.00	.00	5.14	.00	.00
	183	4.05	.98	6.72	.00	.00	.00	.00	5.16	.00	.00
	184	4.01	1.03	6.76	.00	.00	.00	.00	5.14	.00	.00
	185	3.95	1.14	6.80	.00	.00	.00	.00	5.10	.00	.00
	186	3.86	1.33	6.82	.00	.00	.00	.00	5.04	.00	.00
	187	3.74	1.59	6.85	.00	.00	.00	.00	4.97	.00	.00
	188	3.60	1.92	6.86	.00	.00	.00	.00	.00	.00	.00
	189	3.44	2.32	6.53	.00	.00	.00	.00	.00	.00	.00
	190	3.26	2.77	5.61	.00	.00	.00	.00	.00	.00	.00
	191	3.06	3.27	4.59	.00	.00	.00	.00	.00	.00	.00
	192	2.86	3.79	3.59	.00	.00	.00	.00	.00	.00	.00
	193	2.65	4.31	3.02	.00	.00	.00	.00	.00	.00	.00
	194	2.45	4.84	3.11	.00	.00	.00	.00	.00	.00	.00
	195	2.25	5.36	3.20	.00	.00	.00	.00	.00	.00	.00
	196	2.03	.00	3.30	.00	.00	.00	.00	.00	.00	.00
	197	2.17	.00	3.40	.00	.00	.00	.00	.00	.00	.00
	198	2.26	.00	3.49	.00	.00	.00	.00	.00	.00	.00
	199	2.30	.00	3.57	.00	.00	.00	.00	.00	.00	.00
	200	2.27	.00	3.65	.00	.00	.00	.00	.00	.00	.00
	201	2.18	.00	3.71	.00	.00	.00	.00	.00	.00	.00
	202	2.04	.00	3.75	.00	.00	.00	.00	.00	.00	.00
	203	1.85	.00	3.78	.00	.00	.00	.00	.00	.00	.00
	204	1.63	.00	3.80	.00	.00	.00	.00	.00	.00	.00
	205	1.41	.00	3.80	.00	.00	.00	.00	.00	.00	.00
	206	1.53	.00	3.78	.00	.00	.00	.00	.00	.00	.00
	207	1.71	.00	3.76	.00	.00	.00	.00	.00	.00	.00
	208	1.84	.00	3.72	.00	.00	.00	.00	.00	.00	.00
	209	1.99	.00	3.67	.00	.00	.00	.00	.00	.00	.00
	210	2.16	.00	3.61	.00	.00	.00	.00	.00	.00	.00
	211	2.33	.00	3.55	.00	.00	.00	.00	.00	.00	.00
	212	2.51	.00	3.47	.00	.00	.00	.00	.00	.00	.00
	213	2.68	.00	3.40	.00	.00	.00	.00	.00	.00	.00
	214	2.84	.00	3.31	.00	.00	.00	.00	.00	.00	.00
	215	2.99	.00	3.22	.00	.00	.00	.00	.00	.00	.00
	216	6.29	.00	3.13	.00	.00	.00	.00	.00	.00	.00
	217	6.26	.00	3.04	.00	.00	.00	.00	.00	.00	.00
	218	6.19	.00	.00	.00	.00	.00	.00	.00	.00	.00
	219	6.09	.00	.00	.00	.00	.00	.00	.00	.00	.00
	220	5.95	.00	.00	.00	.00	.00	.00	.00	.00	.00
	221	5.79	.00	.00	.00	.00	.00	.00	.00	.00	.00
	222	5.61	.00	.00	.00	.00	.00	.00	.00	.00	.00
	223	5.41	.00	.00	.00	.00	.00	.00	.00	.00	.00
	224	5.22	.00	.00	.00	.00	.00	.00	.00	.00	.00
	225	5.02	.00	.00	.00	.00	.00	.00	.00	.00	.00
	226	4.81	.00	.00	.00	.00	.00	.00	.00	.00	.00
	227	4.62	.00	.00	.00	.00	.00	.00	.00	.00	.00
	228	3.62	.00	.00	.00	.00	.00	.00	.00	.00	.00
	229	3.80	.00	.00	.00	.00	.00	.00	.00	.00	.00
	230	3.97	.00	.00	.00	.00	.00	.00	.00	.00	.00
	231	4.12	.00	.00	.00	.00	.00	.00	.00	.00	.00
	232	4.24	.00	.00	.00	.00	.00	.00	.00	.00	.00
	233	4.35	.00	.00	.00	.00	.00	.00	.00	.00	.00
	234	4.44	.00	.00	.00	.00	.00	.00	.00	.00	.00
	235	4.53	.00	.00	.00	.00	.00	.00	.00	.00	.00
	236	4.60	.00	.00	.00	.00	.00	.00	.00	.00	.00
	237	4.66	.00	.00	.00	.00	.00	.00	.00	.00	.00
	238	4.71	.00	.00	.00	.00	.00	.00	.00	.00	.00
	239	4.74	.00	.00	.00	.00	.00	.00	.00	.00	.00
	240	4.75	.00	.00	.00	.00	.00	.00	.00	.00	.00
	241	4.75	.00	.00	.00	.00	.00	.00	.00	.00	.00
	242	3.73	.00	.00	.00	.00	.00	.00	.00	.00	.00
	243	3.93	.00	.00	.00	.00	.00	.00	.00	.00	.00
	244	4.12	.00	.00	.00	.00	.00	.00	.00	.00	.00
	245	4.28	.00	.00	.00	.00	.00	.00	.00	.00	.00
	246	4.43	.00	.00	.00	.00	.00	.00	.00	.00	.00
	247	4.55	.00	.00	.00	.00	.00	.00	.00	.00	.00
	248	4.64	.00	.00	.00	.00	.00	.00	.00	.00	.00
	249	2.35	.00	.00	.00	.00	.00	.00	.00	.00	.00
	250	1.93	.00	.00	.00	.00	.00	.00	.00	.00	.00
	251	1.63	.00	.00	.00	.00	.00	.00	.00	.00	.00
	252	1.48	.00	.00	.00	.00	.00	.00	.00	.00	.00
	253	1.45	.00	.00	.00	.00	.00	.00	.00	.00	.00
	254	1.42	.00	.00	.00	.00	.00	.00	.00	.00	.00
	255	1.41	.00	.00	.00	.00	.00	.00	.00	.00	.00
	256	1.40	.00	.00	.00	.00	.00	.00	.00	.00	.00
	257	1.41	.00	.00	.00	.00	.00	.00	.00	.00	.00
	258	1.43	.00	.00	.00	.00	.00	.00	.00	.00	.00
	259	1.45	.00	.00	.00	.00	.00	.00	.00	.00	.00
	260	1.49	.00	.00	.00	.00	.00	.00	.00	.00	.00
	261	1.52	.00	.00	.00	.00	.00	.00	.00	.00	.00
	262	1.56	.00	.00	.00	.00	.00	.00	.00	.00	.00
	263	1.59	.00	.00	.00	.00	.00	.00	.00	.00	.00
	264	1.62	.00	.00	.00	.00	.00	.00	.00	.00	.00
	265	1.64	.00	.00	.00	.00	.00	.00	.00	.00	.00
	266	2.10	.00	.00	.00	.00	.00	.00	.00	.00	.00
	267	2.62	.00	.00	.00	.00	.00	.00	.00	.00	.00
