loc.	Chm 1	Chm 2	Chm 3	Chm 4	Chm 5	Chm 6	Chm 7	Chm 8	Chm 9	Chm 10
	0	2.22	.07	2.86	2.98	2.56	2.22	1.57	1.25	.09	2.33
	1	2.07	.07	2.52	2.81	2.89	2.13	1.60	1.23	.11	1.83
	2	1.95	.13	2.18	2.64	3.22	2.04	1.70	1.20	.14	1.45
	3	1.86	.29	1.83	2.47	3.51	1.96	1.86	1.18	.17	1.22
	4	1.81	.54	1.49	2.29	3.78	1.89	2.10	1.15	.16	1.16
	5	1.82	.91	1.17	2.12	4.01	1.84	2.40	1.13	.14	1.03
	6	1.88	1.39	.86	1.94	4.21	1.81	2.75	1.10	.19	.96
	7	1.99	1.99	.60	1.77	4.37	1.84	3.54	1.07	.29	.89
	8	.09	2.68	.37	1.60	4.49	1.88	3.25	1.05	.45	.83
	9	.07	3.46	.19	1.43	4.57	1.90	2.96	1.02	.64	.77
	10	.06	4.29	.08	1.27	4.61	1.91	2.67	1.00	.87	.72
	11	.06	5.15	.02	1.11	4.61	1.90	2.39	.97	1.13	.69
	12	.05	6.03	.03	.97	4.57	1.86	2.12	.94	1.14	.67
	13	.06	6.92	.10	.85	4.50	1.81	1.87	.92	1.01	.67
	14	.07	7.79	.22	.74	4.40	1.74	1.64	.89	.89	.68
	15	.09	8.64	.39	.65	4.27	4.73	1.45	.86	.76	.71
	16	.11	9.46	.59	.59	6.30	4.79	1.29	.84	.64	.75
	17	.15	10.54	.83	.56	6.53	4.84	1.18	.81	.53	.80
	18	.19	10.40	1.07	.57	6.75	4.89	1.10	.79	.44	.86
	19	.24	10.24	1.33	.62	6.95	4.94	1.06	.76	.36	.92
	20	.30	10.05	1.60	.70	7.11	4.98	1.04	.73	.30	1.38
	21	.37	9.85	1.86	.83	7.25	5.01	1.06	.71	.27	1.39
	22	.45	9.63	2.12	1.00	7.36	5.03	1.05	.68	.28	1.40
	23	.54	9.39	1.10	1.21	7.44	5.05	1.02	.66	.32	1.40
	24	.64	9.14	1.12	1.45	7.49	5.06	.96	.64	.41	1.40
	25	.74	8.88	1.13	1.73	7.51	5.06	.86	.61	.54	1.39
	26	.86	8.60	1.13	2.03	7.50	5.06	.73	.59	.70	1.37
	27	.98	8.32	1.10	2.34	7.47	5.04	.60	.57	.91	1.34
	28	1.11	8.03	1.07	2.68	7.40	5.02	.47	.55	1.15	1.31
	29	1.24	7.74	1.02	3.02	7.30	4.99	.79	.53	1.42	1.27
	30	1.38	7.44	.96	3.37	5.17	4.96	.81	.50	1.71	1.22
	31	1.52	7.15	.89	3.73	4.68	4.92	.85	.48	2.02	1.17
	32	1.67	6.85	.80	4.08	3.94	4.87	.89	.47	2.34	1.11
	33	1.82	6.56	.71	4.43	3.08	4.82	.94	.45	2.68	1.05
	34	1.96	6.28	.62	4.78	2.90	4.77	1.01	.43	3.01	.98
	35	2.11	6.01	.52	5.12	2.92	4.72	1.08	.41	3.35	.45
	36	2.25	5.75	.43	5.46	2.92	4.66	1.17	.39	3.69	.52
	37	2.40	5.50	.33	5.78	2.90	4.60	1.26	.37	5.67	.58
	38	2.53	5.26	.24	6.09	2.87	4.55	1.35	.36	5.62	.65
	39	2.67	5.04	.17	6.40	2.81	4.49	1.45	.34	5.52	.73
	40	2.80	4.84	.10	6.68	2.73	4.44	1.55	.32	5.36	.81
	41	2.92	4.64	.05	6.96	2.64	4.38	.01	.31	5.16	.90
	42	7.57	4.47	.07	7.22	2.53	4.33	.01	.29	4.90	.99
	43	7.89	4.31	.04	7.46	2.41	4.29	.02	.27	4.60	1.08
	44	8.23	4.16	.02	7.69	2.29	4.24	.02	.97	4.26	1.17
	45	8.60	4.03	.01	7.91	2.16	4.20	.03	.99	3.90	1.25
	46	8.98	3.91	.00	8.10	2.03	1.59	.04	1.01	3.51	.96
	47	9.38	3.80	.00	8.29	.80	1.49	.05	1.04	3.13	.89
	48	9.79	3.70	.01	8.45	.81	1.40	.06	1.07	2.76	.83
	49	10.22	3.61	.03	11.98	.83	3.41	.06	1.10	2.41	.77
	50	10.66	3.53	.05	12.38	.86	3.42	.07	1.14	.99	.74
	51	11.11	3.46	.07	12.76	.90	3.39	.08	1.17	.84	.72
	52	11.57	3.40	.10	13.11	.94	3.34	.09	1.21	.69	.72
	53	12.03	3.34	.13	13.44	.99	3.25	.10	1.25	.56	.73
	54	12.49	3.28	1.41	13.73	1.05	3.15	.10	1.28	.45	.78
	55	12.95	3.23	1.50	13.98	1.11	3.02	.11	1.31	.35	.89
	56	13.40	.40	1.50	14.19	1.17	2.89	.11	1.34	.26	1.02
	57	13.83	.44	1.49	14.36	1.24	2.74	.11	1.37	.20	1.17
	58	14.24	.49	1.51	14.49	1.31	2.59	.12	1.39	.30	1.35
	59	14.62	.54	1.50	14.57	1.37	2.44	.12	1.40	.26	1.56
	60	14.96	.60	1.46	14.61	1.43	2.17	.12	1.41	.23	1.80
	61	15.26	.67	1.39	14.60	1.48	2.40	.12	1.42	.21	2.05
	62	15.52	.73	1.30	14.55	1.53	2.64	.41	1.42	.20	2.32
	63	15.74	.79	1.20	14.45	1.57	2.90	.36	1.41	.21	2.61
	64	15.91	.85	1.10	14.31	2.22	3.16	.32	1.40	.23	2.89
	65	16.03	.91	1.00	14.13	2.31	3.42	.30	1.39	.26	3.16
	66	16.11	.96	.73	13.90	2.39	3.67	.30	1.37	.31	3.43
	67	16.16	1.00	.87	13.64	2.47	3.91	.30	1.35	.36	3.68
	68	16.16	1.03	1.02	13.34	2.55	4.12	.32	1.33	.42	3.36
	69	16.14	1.06	1.16	14.49	2.63	4.30	.33	1.30	1.12	3.04
	70	16.08	1.07	1.30	13.65	2.71	4.46	.35	1.28	1.58	2.72
	71	16.00	1.08	1.43	12.81	2.79	4.57	.36	1.25	2.14	2.43
	72	15.91	1.07	1.56	11.97	2.86	4.64	.37	1.23	2.82	2.16
	73	15.79	1.07	1.67	11.14	2.93	4.68	.67	1.20	3.60	1.92
	74	12.35	1.05	1.85	10.33	2.99	4.67	.59	2.44	4.48	1.72
	75	12.55	1.04	1.98	9.55	3.05	4.63	.49	2.55	5.43	1.58
	76	12.55	1.02	2.10	8.82	3.09	4.55	.37	2.67	6.41	1.49
	77	12.37	1.01	2.23	8.32	3.13	4.44	.27	2.79	7.40	1.47
	78	12.04	1.28	2.35	8.26	3.17	4.31	.19	2.91	8.37	1.53
	79	11.59	1.35	2.47	8.18	3.19	4.15	.14	3.02	9.30	1.67
	80	11.02	1.45	2.59	8.05	3.20	3.99	.14	3.14	10.15	1.88
	81	10.35	1.60	2.70	7.88	3.19	3.82	.67	3.25	10.91	2.18
	82	9.63	1.92	2.81	7.68	3.17	3.65	.73	3.37	11.56	2.54
	83	8.92	2.28	2.91	7.43	3.14	3.49	.79	3.47	12.11	2.97
	84	8.14	2.68	3.00	7.15	3.10	1.23	.87	3.58	15.94	3.45
	85	10.72	3.09	3.09	6.82	3.04	.96	.95	3.67	14.23	3.97
	86	10.56	3.51	3.18	6.46	2.96	.70	1.04	3.76	13.38	4.54
	87	10.38	3.93	3.26	6.08	2.87	.72	1.14	3.85	13.49	5.12
	88	10.18	4.32	3.33	5.67	2.77	.58	1.24	3.93	13.52	5.72
	89	9.97	4.68	3.40	5.24	2.65	.45	1.33	4.00	13.47	6.33
	90	9.74	5.01	3.47	4.81	2.53	.32	1.43	4.06	13.35	6.94
	91	9.50	6.87	3.54	4.37	2.39	.22	1.52	4.12	13.15	7.55
	92	9.24	7.20	3.61	3.94	2.25	.13	1.61	4.18	12.86	8.14
	93	8.96	7.48	3.67	3.52	2.11	.07	1.70	4.22	12.49	8.72
	94	8.68	7.71	3.74	1.42	1.96	.03	1.80	4.26	12.05	9.28
	95	8.37	7.88	3.80	1.75	1.82	.02	1.89	4.29	11.53	9.37
	96	8.06	7.99	3.87	2.10	1.68	.03	1.98	5.88	10.97	9.88
	97	7.74	8.04	4.02	2.40	1.56	.06	2.07	6.21	10.40	10.32
	98	7.41	8.04	4.33	2.62	.92	.12	2.14	6.55	10.76	10.67
	99	7.08	7.86	4.65	2.74	.91	.19	2.21	6.90	11.05	10.92
	100	6.74	7.35	4.99	2.33	.89	.28	2.26	7.25	11.09	11.06
	101	6.40	6.81	5.34	2.35	.86	.37	2.31	7.58	10.89	11.08
	102	6.06	6.26	5.70	2.46	.84	.47	2.34	7.88	14.42	10.98
	103	5.73	5.71	7.74	3.89	.81	.61	2.36	8.14	14.77	10.77
	104	5.40	5.18	7.88	4.11	.78	.53	2.38	8.37	14.97	10.43
	105	5.09	4.68	8.01	4.32	.75	.51	2.38	8.54	15.05	9.99
	106	4.80	4.24	8.14	4.53	.72	.56	2.37	8.66	15.00	9.46
	107	4.53	3.87	8.24	4.73	.69	.67	2.36	5.03	14.81	8.86
	108	4.28	3.56	8.32	4.93	.66	.84	2.34	4.93	14.44	8.22
	109	4.06	3.31	8.38	5.11	.64	1.05	2.32	4.81	13.81	7.76
	110	3.87	3.21	8.42	5.28	.62	.88	2.28	4.68	14.28	7.71
	111	3.71	3.04	8.43	5.43	.60	.64	2.62	4.52	15.16	7.64
	112	3.59	2.89	8.41	5.56	.58	.43	2.96	4.35	15.87	7.52
	113	3.50	2.75	8.36	5.66	.57	.27	3.29	4.16	16.44	7.38
	114	3.44	2.64	8.29	5.75	.56	.17	3.57	3.96	16.91	7.19
	115	3.41	2.54	8.18	5.80	.56	.12	3.78	3.74	17.30	6.97
	116	3.41	2.47	8.04	5.83	.56	.13	.00	3.52	12.51	6.70
	117	3.42	4.30	7.87	5.84	2.24	.20	.00	3.29	12.48	6.40
	118	3.45	4.53	7.67	5.83	2.54	.33	.00	3.07	12.43	6.07
	119	3.49	4.78	7.44	5.79	2.87	.50	.00	2.84	12.36	5.70
	120	3.55	5.03	7.19	5.73	3.22	.70	.00	2.62	12.28	5.31
	121	3.60	5.28	6.92	5.65	3.57	.92	.00	2.41	12.17	4.89
	122	3.66	5.53	6.63	5.55	3.91	1.14	.00	2.22	12.03	4.46
	123	3.72	5.78	6.33	5.44	4.23	1.36	.00	2.03	11.87	4.02
	124	3.77	6.03	6.02	5.32	4.51	1.56	.00	1.86	11.67	3.58
	125	3.82	6.26	5.70	5.18	4.75	.93	.00	1.71	11.45	3.15
	126	3.86	6.47	5.38	5.04	4.92	.84	.00	1.58	11.19	2.74
	127	3.89	6.67	5.07	4.89	5.04	.75	.00	1.73	10.90	2.36
	128	4.49	6.84	4.77	4.50	5.05	.67	.00	1.96	10.57	2.02
	129	4.31	6.97	4.48	4.74	5.02	.60	.00	2.21	10.21	1.73
	130	4.13	7.08	4.22	4.86	4.93	.53	.00	2.47	9.83	1.48
	131	3.98	7.14	3.96	4.86	4.15	.46	.00	2.72	9.42	1.29
	132	3.85	7.16	3.73	4.75	4.31	.41	.00	2.95	8.99	1.14
	133	3.75	7.14	3.52	3.26	4.43	.36	.00	3.16	8.55	1.04
	134	3.64	7.08	3.33	3.32	4.51	.32	.00	3.33	8.11	.98
	135	3.47	6.96	3.15	3.31	4.54	.29	.00	3.47	7.66	.96
	136	3.27	6.81	3.00	3.25	4.52	.27	.00	3.57	.00	.96
	137	3.06	6.61	2.85	2.34	4.45	.26	.00	3.64	.00	.99
	138	2.84	6.37	2.72	2.19	4.33	.26	.00	3.68	.00	1.04
	139	2.62	6.10	.89	2.01	4.19	.26	.00	3.68	.00	.00
	140	2.42	5.80	.16	1.79	4.01	.27	.00	3.81	.00	.00
	141	2.31	4.52	.13	1.55	3.81	.29	.00	3.64	.00	.00
	142	7.84	4.15	.11	1.29	3.60	.31	.00	3.48	.00	.00
	143	8.74	3.77	.08	1.04	3.37	.34	.00	3.32	.00	.00
	144	9.65	3.42	.06	.82	3.15	.37	.00	3.17	.00	.00
	145	10.52	3.09	.04	.65	2.92	.41	.00	3.04	.00	.00
	146	11.27	2.79	.03	.59	2.70	.44	.00	2.93	.00	.00
	147	11.87	2.67	.02	.55	2.50	.48	.00	2.83	.00	.00
	148	12.27	2.59	.01	.51	3.41	.51	.00	2.76	.00	.00
	149	12.45	2.52	.01	.48	3.42	.55	.00	2.69	.00	.00
	150	14.01	2.47	.01	.46	3.43	.58	.00	3.59	.00	.00
	151	13.97	2.76	.02	.45	3.44	.62	.00	3.41	.00	.00
	152	13.90	2.65	.04	.44	3.44	.64	.00	3.22	.00	.00
	153	13.79	2.54	.06	.44	3.43	.67	.00	3.00	.00	.00
	154	13.65	2.41	.08	.44	3.42	.69	.00	2.77	.00	.00
	155	13.48	2.27	.12	.44	3.41	.71	.00	2.53	.00	.00
	156	13.28	2.13	.15	.44	3.39	.72	.00	2.27	.00	.00
	157	13.04	6.11	.20	.45	3.37	.74	.00	2.02	.00	.00
	158	12.77	6.46	.25	.45	3.34	.74	.00	1.78	.00	.00
	159	12.47	6.83	.30	.45	3.32	.00	.00	1.55	.00	.00
	160	12.13	7.20	.36	.45	3.29	.00	.00	1.34	.00	.00
	161	11.77	7.56	.41	.44	3.27	.00	.00	1.15	.00	.00
	162	11.38	7.93	.48	.43	3.25	.00	.00	.98	.00	.00
	163	10.96	8.28	.54	.41	3.22	.00	.00	.84	.00	.00
	164	10.51	8.62	.60	.39	3.20	.00	.00	.73	.00	.00
	165	10.05	8.93	.66	.37	3.18	.00	.00	.10	.00	.00
	166	9.57	9.23	.72	.34	3.16	.00	.00	.19	.00	.00
	167	9.08	9.50	.78	.31	3.14	.00	.00	.32	.00	.00
	168	8.59	9.74	.84	.00	3.12	.00	.00	.47	.00	.00
	169	8.11	9.95	.89	.00	3.09	.00	.00	.65	.00	.00
	170	7.65	10.14	.94	.00	3.07	.00	.00	.85	.00	.00
	171	7.21	10.29	.99	.00	3.05	.00	.00	1.07	.00	.00
	172	6.80	10.41	1.04	.00	3.02	.00	.00	1.29	.00	.00
	173	6.41	10.50	1.08	.00	2.99	.00	.00	1.51	.00	.00
	174	6.05	10.57	1.12	.00	2.96	.00	.00	1.73	.00	.00
	175	5.52	10.61	1.16	.00	2.92	.00	.00	1.94	.00	.00
	176	5.71	10.63	1.20	.00	2.89	.00	.00	2.15	.00	.00
	177	5.89	10.63	1.23	.00	2.85	.00	.00	2.09	.00	.00
	178	6.05	10.62	1.26	.00	2.81	.00	.00	2.16	.00	.00
	179	6.21	10.59	1.29	.00	2.77	.00	.00	2.25	.00	.00
	180	6.34	10.55	1.32	.00	.00	.00	.00	2.36	.00	.00
	181	6.45	10.50	1.35	.00	.00	.00	.00	2.49	.00	.00
	182	6.54	10.44	1.37	.00	.00	.00	.00	2.64	.00	.00
	183	6.61	6.21	1.40	.00	.00	.00	.00	2.83	.00	.00
	184	6.65	6.12	1.42	.00	.00	.00	.00	3.04	.00	.00
	185	6.66	6.02	1.44	.00	.00	.00	.00	3.29	.00	.00
	186	6.65	5.92	1.46	.00	.00	.00	.00	3.56	.00	.00
	187	6.61	5.81	1.48	.00	.00	.00	.00	3.84	.00	.00
	188	6.55	5.72	1.50	.00	.00	.00	.00	.00	.00	.00
	189	6.47	5.64	2.38	.00	.00	.00	.00	.00	.00	.00
	190	6.37	5.57	2.49	.00	.00	.00	.00	.00	.00	.00
	191	6.25	5.51	2.60	.00	.00	.00	.00	.00	.00	.00
	192	6.13	5.47	2.69	.00	.00	.00	.00	.00	.00	.00
	193	5.99	5.44	2.76	.00	.00	.00	.00	.00	.00	.00
	194	5.85	5.41	2.79	.00	.00	.00	.00	.00	.00	.00
	195	5.71	5.40	2.83	.00	.00	.00	.00	.00	.00	.00
	196	9.42	.00	2.86	.00	.00	.00	.00	.00	.00	.00
	197	10.42	.00	2.90	.00	.00	.00	.00	.00	.00	.00
	198	11.39	.00	2.92	.00	.00	.00	.00	.00	.00	.00
	199	12.30	.00	2.95	.00	.00	.00	.00	.00	.00	.00
	200	13.11	.00	2.97	.00	.00	.00	.00	.00	.00	.00
	201	13.80	.00	2.98	.00	.00	.00	.00	.00	.00	.00
	202	14.34	.00	2.98	.00	.00	.00	.00	.00	.00	.00
	203	14.70	.00	2.97	.00	.00	.00	.00	.00	.00	.00
	204	14.87	.00	2.95	.00	.00	.00	.00	.00	.00	.00
	205	14.83	.00	2.92	.00	.00	.00	.00	.00	.00	.00
	206	6.77	.00	2.88	.00	.00	.00	.00	.00	.00	.00
	207	8.00	.00	2.83	.00	.00	.00	.00	.00	.00	.00
	208	8.21	.00	2.77	.00	.00	.00	.00	.00	.00	.00
	209	8.32	.00	2.70	.00	.00	.00	.00	.00	.00	.00
	210	8.33	.00	2.63	.00	.00	.00	.00	.00	.00	.00
	211	8.28	.00	2.56	.00	.00	.00	.00	.00	.00	.00
	212	8.18	.00	2.48	.00	.00	.00	.00	.00	.00	.00
	213	8.06	.00	2.39	.00	.00	.00	.00	.00	.00	.00
	214	7.93	.00	2.31	.00	.00	.00	.00	.00	.00	.00
	215	7.82	.00	2.23	.00	.00	.00	.00	.00	.00	.00
	216	6.93	.00	2.15	.00	.00	.00	.00	.00	.00	.00
	217	6.92	.00	2.07	.00	.00	.00	.00	.00	.00	.00
	218	6.89	.00	.00	.00	.00	.00	.00	.00	.00	.00
	219	6.85	.00	.00	.00	.00	.00	.00	.00	.00	.00
	220	6.78	.00	.00	.00	.00	.00	.00	.00	.00	.00
	221	6.70	.00	.00	.00	.00	.00	.00	.00	.00	.00
	222	6.61	.00	.00	.00	.00	.00	.00	.00	.00	.00
	223	6.50	.00	.00	.00	.00	.00	.00	.00	.00	.00
	224	6.38	.00	.00	.00	.00	.00	.00	.00	.00	.00
	225	6.26	.00	.00	.00	.00	.00	.00	.00	.00	.00
	226	6.13	.00	.00	.00	.00	.00	.00	.00	.00	.00
	227	5.99	.00	.00	.00	.00	.00	.00	.00	.00	.00
	228	3.32	.00	.00	.00	.00	.00	.00	.00	.00	.00
	229	3.04	.00	.00	.00	.00	.00	.00	.00	.00	.00
	230	2.75	.00	.00	.00	.00	.00	.00	.00	.00	.00
	231	2.46	.00	.00	.00	.00	.00	.00	.00	.00	.00
	232	2.17	.00	.00	.00	.00	.00	.00	.00	.00	.00
	233	1.55	.00	.00	.00	.00	.00	.00	.00	.00	.00
	234	1.26	.00	.00	.00	.00	.00	.00	.00	.00	.00
	235	.99	.00	.00	.00	.00	.00	.00	.00	.00	.00
	236	.74	.00	.00	.00	.00	.00	.00	.00	.00	.00
	237	.54	.00	.00	.00	.00	.00	.00	.00	.00	.00
	238	.37	.00	.00	.00	.00	.00	.00	.00	.00	.00
	239	.23	.00	.00	.00	.00	.00	.00	.00	.00	.00
	240	.14	.00	.00	.00	.00	.00	.00	.00	.00	.00
	241	.07	.00	.00	.00	.00	.00	.00	.00	.00	.00
	242	.72	.00	.00	.00	.00	.00	.00	.00	.00	.00
	243	.78	.00	.00	.00	.00	.00	.00	.00	.00	.00
	244	.83	.00	.00	.00	.00	.00	.00	.00	.00	.00
	245	.87	.00	.00	.00	.00	.00	.00	.00	.00	.00
	246	.91	.00	.00	.00	.00	.00	.00	.00	.00	.00
	247	.94	.00	.00	.00	.00	.00	.00	.00	.00	.00
	248	.97	.00	.00	.00	.00	.00	.00	.00	.00	.00
	249	1.93	.00	.00	.00	.00	.00	.00	.00	.00	.00
	250	1.76	.00	.00	.00	.00	.00	.00	.00	.00	.00
	251	1.60	.00	.00	.00	.00	.00	.00	.00	.00	.00
	252	1.48	.00	.00	.00	.00	.00	.00	.00	.00	.00
	253	1.42	.00	.00	.00	.00	.00	.00	.00	.00	.00
	254	1.37	.00	.00	.00	.00	.00	.00	.00	.00	.00
	255	1.31	.00	.00	.00	.00	.00	.00	.00	.00	.00
	256	1.24	.00	.00	.00	.00	.00	.00	.00	.00	.00
	257	1.17	.00	.00	.00	.00	.00	.00	.00	.00	.00
	258	1.10	.00	.00	.00	.00	.00	.00	.00	.00	.00
	259	1.02	.00	.00	.00	.00	.00	.00	.00	.00	.00
	260	.95	.00	.00	.00	.00	.00	.00	.00	.00	.00
	261	.87	.00	.00	.00	.00	.00	.00	.00	.00	.00
	262	.79	.00	.00	.00	.00	.00	.00	.00	.00	.00
	263	.71	.00	.00	.00	.00	.00	.00	.00	.00	.00
	264	.63	.00	.00	.00	.00	.00	.00	.00	.00	.00
	265	.56	.00	.00	.00	.00	.00	.00	.00	.00	.00
	266	.76	.00	.00	.00	.00	.00	.00	.00	.00	.00
	267	.79	.00	.00	.00	.00	.00	.00	.00	.00	.00
