loc.	Chm 1	Chm 2	Chm 3	Chm 4	Chm 5	Chm 6	Chm 7	Chm 8	Chm 9	Chm 10
	0	2.17	4.25	2.75	4.90	22.15	1.32	1.09	1.33	10.79	2.59
	1	2.18	4.07	2.71	4.95	22.57	1.47	.92	1.35	10.55	2.32
	2	2.18	3.86	2.65	5.00	22.86	1.61	.79	1.36	10.27	2.04
	3	2.16	3.64	2.57	5.05	23.03	1.75	.69	1.39	9.96	1.77
	4	2.12	3.40	2.48	5.10	23.07	1.87	.62	1.41	6.92	1.50
	5	2.06	3.15	2.36	5.15	22.99	1.97	.56	1.43	6.43	1.23
	6	1.98	2.88	2.22	5.20	22.80	2.06	.52	1.46	5.85	1.41
	7	1.88	2.61	2.06	5.24	22.50	2.23	1.56	1.50	5.21	1.60
	8	3.01	2.34	1.88	5.29	22.09	2.43	1.73	1.53	4.53	1.81
	9	3.02	2.06	1.70	5.33	21.58	2.62	1.91	1.57	3.86	2.03
	10	3.03	1.79	1.51	5.37	20.96	2.78	2.10	1.60	3.26	2.26
	11	3.04	1.54	1.31	5.41	20.25	2.89	2.29	1.65	2.77	2.49
	12	3.04	1.29	1.12	5.45	19.44	2.95	2.48	1.69	.37	2.73
	13	3.05	1.07	.95	5.48	18.55	2.95	2.67	1.74	.33	2.97
	14	3.05	.86	.78	5.50	17.60	2.90	2.86	1.78	.30	3.20
	15	3.05	.68	.64	5.52	16.60	2.21	3.03	1.81	.27	3.43
	16	3.04	.52	.52	5.54	17.49	2.06	3.19	1.84	.24	3.65
	17	3.03	2.54	.43	5.54	17.66	1.92	3.32	1.87	.22	3.87
	18	3.02	2.66	.36	5.54	17.79	1.79	3.44	1.90	.19	4.07
	19	3.00	2.80	.32	5.53	17.86	1.68	3.53	1.91	.18	4.27
	20	2.98	2.94	.29	5.51	17.86	1.58	3.60	1.91	.17	4.32
	21	2.96	3.08	.30	5.48	17.79	1.51	3.73	1.91	.16	4.30
	22	2.93	3.22	.31	5.44	17.64	1.45	4.19	1.89	.16	4.26
	23	2.90	3.37	2.47	5.39	17.40	1.41	4.66	1.86	.17	4.18
	24	2.86	3.52	2.75	5.33	17.07	1.41	5.09	1.82	.19	4.08
	25	2.82	3.67	3.08	5.26	16.65	1.43	5.46	1.77	.21	3.95
	26	2.78	3.82	3.47	5.17	16.14	1.48	5.76	1.72	.24	3.79
	27	2.73	3.97	3.91	5.08	15.56	1.56	5.94	1.65	.28	3.60
	28	2.69	4.12	4.41	4.97	14.92	1.68	6.03	1.59	.32	3.38
	29	2.65	4.26	4.95	4.86	14.23	1.82	5.13	1.51	.37	3.14
	30	2.60	4.40	5.52	4.75	2.68	1.99	4.96	1.43	.43	2.90
	31	2.56	4.54	6.12	4.62	2.54	2.19	4.76	1.35	.49	2.65
	32	2.51	4.67	6.72	4.49	2.25	2.41	4.53	1.26	.56	2.41
	33	2.47	4.80	7.32	4.35	1.86	2.65	4.28	1.18	.63	2.19
	34	2.43	4.91	7.90	4.20	2.94	2.90	4.00	1.09	.71	1.98
	35	2.40	5.02	8.46	4.06	3.24	3.15	3.71	1.01	.78	1.52
	36	2.36	5.11	8.98	3.91	3.55	3.41	3.41	.92	.86	1.60
	37	2.33	5.20	9.45	3.76	3.87	3.66	3.10	.84	8.50	1.67
	38	2.30	5.27	9.88	3.61	4.18	3.91	2.80	.77	9.27	1.72
	39	2.26	5.33	10.25	3.46	4.47	4.15	2.50	.70	10.06	1.76
	40	2.24	5.37	10.55	3.31	4.73	4.38	2.22	.63	10.82	1.78
	41	2.21	5.41	10.79	3.17	4.96	4.59	1.07	.57	11.52	1.79
	42	1.84	5.43	27.29	3.02	5.15	4.78	1.03	.52	12.15	1.79
	43	1.97	5.43	29.26	2.88	5.30	4.95	.99	.47	12.72	1.79
	44	2.10	5.43	31.07	2.75	5.41	5.11	.96	2.04	13.20	1.78
	45	2.24	5.41	32.68	2.62	5.48	5.24	.92	2.12	13.62	1.77
	46	2.38	5.37	34.06	2.49	5.52	7.13	.88	2.19	13.97	1.39
	47	2.52	5.33	35.19	2.37	5.71	7.61	.85	2.28	14.26	1.32
	48	2.66	5.27	36.07	2.25	5.88	7.81	.82	2.36	14.49	1.21
	49	2.79	5.21	36.67	1.09	6.03	8.36	.79	2.45	14.66	1.08
	50	2.92	5.13	36.99	1.26	6.14	8.28	.77	2.55	26.77	.92
	51	3.04	5.05	36.98	1.45	6.23	8.19	.75	2.65	28.53	.76
	52	3.15	4.96	36.55	1.66	6.27	8.09	.74	2.76	29.77	.60
	53	3.23	4.87	35.49	1.89	6.28	7.99	.73	2.87	30.61	.46
	54	3.30	4.77	34.00	2.14	6.23	7.87	.72	2.99	31.12	2.24
	55	3.35	4.67	32.97	2.40	6.15	7.74	.71	3.11	31.35	2.37
	56	3.38	1.97	31.41	2.69	6.02	7.59	.72	3.24	31.31	2.50
	57	3.38	2.11	29.82	3.00	5.84	7.42	.72	3.36	31.04	2.62
	58	3.37	2.27	30.54	3.32	5.63	7.24	.73	3.49	33.63	2.73
	59	3.33	2.42	30.91	3.65	5.39	7.02	.74	3.61	35.00	2.83
	60	3.27	2.57	31.01	3.99	5.12	7.52	.75	3.72	35.85	2.92
	61	3.20	2.71	30.84	4.34	4.84	7.27	.77	3.82	36.35	2.99
	62	3.11	2.85	30.39	4.68	4.54	7.02	.83	3.91	36.58	3.05
	63	3.01	2.97	29.64	5.03	4.24	6.78	.91	3.99	36.60	3.09
	64	2.91	3.06	28.50	5.37	1.21	6.54	1.03	4.06	36.42	3.12
	65	2.80	3.13	26.79	5.71	1.16	6.33	1.18	4.11	36.03	3.14
	66	2.68	3.18	30.53	6.03	1.12	6.13	1.37	4.15	35.42	3.14
	67	2.57	3.19	30.88	6.33	1.09	5.96	1.59	4.17	34.56	3.14
	68	2.45	3.16	31.17	6.62	1.05	5.83	1.83	4.19	33.42	6.24
	69	2.34	3.11	31.38	8.87	1.02	5.73	2.07	4.19	29.50	6.50
	70	2.23	3.02	31.51	8.87	1.00	5.67	2.31	4.18	29.93	6.76
	71	2.13	2.91	31.54	8.85	.99	5.64	2.55	4.16	30.26	7.03
	72	2.03	2.77	31.48	8.83	.98	5.63	2.78	4.14	30.47	7.29
	73	1.93	2.61	31.30	8.80	.98	5.65	3.37	4.11	30.55	7.55
	74	.75	2.44	12.33	8.78	.99	5.67	3.03	1.05	30.49	7.80
	75	.90	2.26	12.23	8.76	1.01	5.70	2.63	1.16	30.30	8.05
	76	1.04	2.08	12.09	8.76	1.05	5.71	2.19	1.28	29.96	8.29
	77	1.19	1.90	11.90	8.72	1.09	5.72	1.74	1.41	29.46	8.51
	78	1.33	3.44	11.68	8.55	1.14	5.71	1.32	1.55	28.80	8.72
	79	1.45	3.33	11.43	8.34	1.20	5.69	.96	1.70	27.95	8.92
	80	1.55	3.29	11.14	8.09	1.28	5.64	.68	1.86	26.90	9.09
	81	1.62	5.90	10.83	7.81	1.36	5.57	2.28	2.02	25.62	9.24
	82	1.66	5.56	10.49	7.48	1.45	5.49	2.52	2.18	24.09	9.37
	83	1.68	5.20	10.13	7.13	1.55	5.38	2.74	2.34	22.32	9.47
	84	1.91	4.81	9.74	6.74	1.65	3.77	2.95	2.49	15.14	9.54
	85	.96	4.40	9.33	6.33	1.76	4.86	3.14	2.64	15.94	9.58
	86	1.13	3.97	8.91	5.90	1.87	5.89	3.30	2.77	15.80	9.59
	87	1.32	3.52	8.47	5.44	1.98	9.74	3.42	2.88	15.13	9.57
	88	1.54	3.07	8.02	4.99	2.09	9.58	3.52	2.97	14.36	9.51
	89	1.78	2.63	7.57	4.53	2.20	9.38	3.58	3.04	13.50	9.42
	90	2.03	2.20	7.11	4.08	2.31	9.13	3.60	3.09	12.56	9.30
	91	2.31	.34	6.66	3.65	2.42	8.85	3.66	3.11	11.56	9.15
	92	2.62	.53	6.22	3.25	2.52	8.54	3.71	3.10	10.51	8.98
	93	2.95	.77	5.80	2.87	2.62	8.21	3.75	3.07	9.43	8.79
	94	3.30	1.05	5.40	3.65	2.71	7.85	3.77	3.02	8.34	8.58
	95	3.68	1.33	5.02	3.83	2.80	7.49	3.77	2.95	7.27	7.82
	96	4.08	1.60	4.67	3.97	2.88	7.11	3.75	4.83	6.23	8.26
	97	4.50	1.86	2.38	4.07	2.95	6.73	3.72	4.94	5.26	8.68
	98	4.94	2.10	2.33	4.13	4.80	6.36	3.67	5.04	3.67	9.05
	99	5.41	2.35	2.26	4.15	4.70	6.00	3.60	5.13	4.30	9.38
	100	5.89	2.73	2.18	1.20	4.59	5.65	3.53	5.21	4.95	9.65
	101	6.40	3.13	2.10	1.00	4.49	5.31	3.44	5.27	5.57	9.85
	102	6.92	3.57	2.01	.83	4.39	5.00	3.35	5.32	2.27	9.99
	103	7.47	4.02	3.86	.02	4.28	3.35	3.25	5.35	2.64	10.07
	104	8.02	4.48	3.95	.03	4.18	3.23	3.14	5.35	3.01	10.07
	105	8.60	4.94	4.04	.03	4.07	3.14	3.03	5.33	3.34	10.01
	106	9.19	5.39	4.12	.03	3.96	3.09	2.91	5.28	3.61	9.88
	107	9.80	5.81	4.20	.04	3.85	3.08	2.79	7.88	3.79	9.71
	108	10.41	6.19	4.28	.04	3.74	3.09	2.67	7.95	3.89	9.48
	109	11.03	6.52	4.35	.04	3.63	3.12	2.55	8.01	3.90	6.94
	110	11.66	6.36	4.42	.05	3.52	3.30	2.99	8.08	4.00	6.89
	111	12.30	6.16	4.48	.05	3.41	3.54	3.06	8.14	4.07	6.83
	112	12.93	5.91	4.54	.05	3.29	3.78	3.10	8.19	4.01	6.77
	113	13.57	5.61	4.60	.05	3.18	4.02	3.13	8.24	3.83	6.69
	114	14.19	5.25	4.64	.06	3.07	4.27	3.13	8.29	3.55	6.61
	115	14.82	4.83	4.68	.06	2.97	4.50	3.11	8.33	3.21	6.51
	116	15.43	4.36	4.71	.06	2.87	4.72	.00	8.36	1.88	6.41
	117	16.03	3.06	4.74	.06	1.55	4.92	.00	8.39	2.08	6.28
	118	16.62	3.00	4.75	.07	1.29	5.09	.00	8.41	2.31	6.15
	119	17.20	2.93	4.76	.07	1.04	5.22	.00	8.42	2.56	5.99
	120	17.76	2.86	4.76	.08	.82	5.31	.00	8.42	2.83	5.82
	121	18.30	2.78	4.75	.08	.62	5.35	.00	8.42	3.11	5.63
	122	18.83	2.70	4.73	.09	.45	5.34	.00	8.40	3.39	5.42
	123	19.33	2.61	4.70	.10	.31	5.27	.00	8.37	3.67	5.20
	124	19.82	2.51	4.66	.11	.21	5.16	.00	8.34	3.92	4.95
	125	20.28	2.41	4.61	.12	.14	4.55	.00	8.29	4.16	4.69
	126	20.72	2.30	4.55	.13	.11	4.59	.00	8.24	4.37	4.42
	127	21.14	2.19	4.49	.15	.10	4.63	.00	4.73	4.56	4.13
	128	22.94	2.08	4.42	.51	.13	4.67	.00	5.03	4.73	3.83
	129	23.29	1.96	4.35	.90	.17	4.71	.00	5.30	4.88	3.54
	130	23.60	1.84	4.27	1.41	.22	4.74	.00	5.51	5.01	3.25
	131	23.87	1.73	4.18	2.01	.72	4.77	.00	5.66	5.13	2.96
	132	24.10	1.61	4.09	2.66	.86	4.80	.00	5.74	5.23	2.68
	133	24.27	1.50	4.00	3.28	1.02	4.82	.00	5.74	5.33	2.41
	134	25.23	1.40	3.91	3.81	1.18	4.84	.00	5.66	5.43	2.16
	135	26.42	1.29	3.81	4.29	1.36	4.85	.00	5.52	5.52	1.93
	136	27.14	1.20	3.71	4.67	1.53	4.85	.00	5.33	.00	1.72
	137	27.59	1.11	3.61	9.70	1.69	4.84	.00	5.10	.00	1.52
	138	27.82	1.03	3.52	9.95	1.84	4.83	.00	4.84	.00	1.34
	139	27.89	.95	1.43	10.13	1.97	4.80	.00	4.58	.00	.00
	140	27.82	.88	1.15	10.21	2.08	4.76	.00	4.59	.00	.00
	141	27.65	.41	1.18	10.21	2.15	4.71	.00	4.49	.00	.00
	142	34.92	.30	1.21	10.11	2.20	4.64	.00	4.39	.00	.00
	143	33.67	.25	1.24	9.92	2.22	4.56	.00	4.29	.00	.00
	144	31.99	.28	1.27	9.65	2.22	4.47	.00	4.19	.00	.00
	145	29.89	.37	1.30	9.32	2.19	4.36	.00	4.11	.00	.00
	146	27.38	.51	1.34	9.32	2.15	4.24	.00	4.04	.00	.00
	147	24.48	.52	1.38	9.34	2.10	4.10	.00	3.99	.00	.00
	148	21.28	.53	1.43	9.35	5.52	3.96	.00	3.97	.00	.00
	149	18.01	.51	1.47	9.33	5.53	3.81	.00	3.98	.00	.00
	150	17.89	.48	1.53	9.28	5.55	3.65	.00	4.53	.00	.00
	151	18.25	1.81	1.58	9.22	5.55	3.48	.00	4.66	.00	.00
	152	18.60	1.92	1.64	9.13	5.55	3.31	.00	4.80	.00	.00
	153	18.92	2.05	1.71	9.02	5.54	3.14	.00	4.96	.00	.00
	154	19.20	2.22	1.78	8.89	5.53	2.97	.00	5.12	.00	.00
	155	19.44	2.42	1.86	8.73	5.51	2.80	.00	5.28	.00	.00
	156	19.64	2.66	1.94	8.56	5.48	2.64	.00	5.45	.00	.00
	157	19.79	2.57	2.03	8.36	5.44	2.47	.00	5.60	.00	.00
	158	19.89	2.80	2.12	8.15	5.39	2.32	.00	5.74	.00	.00
	159	19.93	3.03	2.22	7.92	5.33	.00	.00	5.87	.00	.00
	160	19.91	3.27	2.32	7.67	5.27	.00	.00	5.98	.00	.00
	161	19.83	3.51	2.42	7.41	5.19	.00	.00	6.07	.00	.00
	162	19.67	3.75	2.53	7.14	5.11	.00	.00	6.14	.00	.00
	163	19.45	4.00	2.63	6.86	5.02	.00	.00	6.19	.00	.00
	164	19.16	4.24	2.74	6.57	4.92	.00	.00	6.23	.00	.00
	165	18.79	4.48	2.85	6.28	4.82	.00	.00	5.09	.00	.00
	166	18.36	4.70	2.96	5.99	4.71	.00	.00	5.46	.00	.00
	167	17.86	4.92	3.06	5.70	4.59	.00	.00	5.81	.00	.00
	168	17.29	5.13	3.16	.00	4.47	.00	.00	6.12	.00	.00
	169	16.67	5.32	3.26	.00	4.35	.00	.00	6.39	.00	.00
	170	16.00	5.49	3.36	.00	4.22	.00	.00	6.60	.00	.00
	171	15.29	5.65	3.45	.00	4.09	.00	.00	6.74	.00	.00
	172	14.56	5.79	3.54	.00	3.97	.00	.00	6.81	.00	.00
	173	13.81	5.91	3.63	.00	3.84	.00	.00	6.80	.00	.00
	174	13.06	6.02	3.71	.00	3.72	.00	.00	6.71	.00	.00
	175	2.04	6.10	3.78	.00	3.60	.00	.00	6.57	.00	.00
	176	2.33	6.17	3.85	.00	3.48	.00	.00	6.37	.00	.00
	177	2.65	6.22	3.92	.00	3.37	.00	.00	6.70	.00	.00
	178	2.99	6.26	3.98	.00	3.26	.00	.00	6.69	.00	.00
	179	3.35	6.28	4.04	.00	3.15	.00	.00	6.55	.00	.00
	180	3.73	6.29	4.10	.00	.00	.00	.00	6.26	.00	.00
	181	4.13	6.29	4.15	.00	.00	.00	.00	5.82	.00	.00
	182	4.54	6.28	4.19	.00	.00	.00	.00	5.24	.00	.00
	183	4.96	6.38	4.23	.00	.00	.00	.00	4.55	.00	.00
	184	5.38	6.16	4.27	.00	.00	.00	.00	3.80	.00	.00
	185	5.80	5.89	4.30	.00	.00	.00	.00	3.06	.00	.00
	186	6.21	5.55	4.33	.00	.00	.00	.00	2.36	.00	.00
	187	6.60	5.17	4.36	.00	.00	.00	.00	1.77	.00	.00
	188	6.97	4.75	4.38	.00	.00	.00	.00	.00	.00	.00
	189	7.32	4.32	4.24	.00	.00	.00	.00	.00	.00	.00
	190	7.63	3.90	4.11	.00	.00	.00	.00	.00	.00	.00
	191	7.90	3.51	3.90	.00	.00	.00	.00	.00	.00	.00
	192	8.14	3.18	3.62	.00	.00	.00	.00	.00	.00	.00
	193	8.33	2.93	3.46	.00	.00	.00	.00	.00	.00	.00
	194	8.48	2.75	3.68	.00	.00	.00	.00	.00	.00	.00
	195	8.58	2.65	3.90	.00	.00	.00	.00	.00	.00	.00
	196	5.33	.00	4.11	.00	.00	.00	.00	.00	.00	.00
	197	4.63	.00	4.30	.00	.00	.00	.00	.00	.00	.00
	198	3.95	.00	4.49	.00	.00	.00	.00	.00	.00	.00
	199	3.32	.00	4.65	.00	.00	.00	.00	.00	.00	.00
	200	2.75	.00	4.79	.00	.00	.00	.00	.00	.00	.00
	201	2.24	.00	4.92	.00	.00	.00	.00	.00	.00	.00
	202	1.83	.00	5.01	.00	.00	.00	.00	.00	.00	.00
	203	1.49	.00	5.08	.00	.00	.00	.00	.00	.00	.00
	204	1.24	.00	5.13	.00	.00	.00	.00	.00	.00	.00
	205	1.07	.00	5.14	.00	.00	.00	.00	.00	.00	.00
	206	1.25	.00	5.13	.00	.00	.00	.00	.00	.00	.00
	207	1.16	.00	5.10	.00	.00	.00	.00	.00	.00	.00
	208	1.29	.00	5.03	.00	.00	.00	.00	.00	.00	.00
	209	1.41	.00	4.94	.00	.00	.00	.00	.00	.00	.00
	210	1.52	.00	4.83	.00	.00	.00	.00	.00	.00	.00
	211	1.62	.00	4.69	.00	.00	.00	.00	.00	.00	.00
	212	1.71	.00	4.53	.00	.00	.00	.00	.00	.00	.00
	213	1.78	.00	4.36	.00	.00	.00	.00	.00	.00	.00
	214	1.85	.00	4.17	.00	.00	.00	.00	.00	.00	.00
	215	1.91	.00	3.96	.00	.00	.00	.00	.00	.00	.00
	216	4.88	.00	3.75	.00	.00	.00	.00	.00	.00	.00
	217	4.68	.00	3.53	.00	.00	.00	.00	.00	.00	.00
	218	4.48	.00	.00	.00	.00	.00	.00	.00	.00	.00
	219	4.31	.00	.00	.00	.00	.00	.00	.00	.00	.00
	220	4.18	.00	.00	.00	.00	.00	.00	.00	.00	.00
	221	4.12	.00	.00	.00	.00	.00	.00	.00	.00	.00
	222	4.18	.00	.00	.00	.00	.00	.00	.00	.00	.00
	223	4.37	.00	.00	.00	.00	.00	.00	.00	.00	.00
	224	4.65	.00	.00	.00	.00	.00	.00	.00	.00	.00
	225	5.01	.00	.00	.00	.00	.00	.00	.00	.00	.00
	226	5.42	.00	.00	.00	.00	.00	.00	.00	.00	.00
	227	5.84	.00	.00	.00	.00	.00	.00	.00	.00	.00
	228	11.79	.00	.00	.00	.00	.00	.00	.00	.00	.00
	229	12.73	.00	.00	.00	.00	.00	.00	.00	.00	.00
	230	13.58	.00	.00	.00	.00	.00	.00	.00	.00	.00
	231	14.28	.00	.00	.00	.00	.00	.00	.00	.00	.00
	232	14.78	.00	.00	.00	.00	.00	.00	.00	.00	.00
	233	15.52	.00	.00	.00	.00	.00	.00	.00	.00	.00
	234	15.88	.00	.00	.00	.00	.00	.00	.00	.00	.00
	235	16.14	.00	.00	.00	.00	.00	.00	.00	.00	.00
	236	16.30	.00	.00	.00	.00	.00	.00	.00	.00	.00
	237	16.35	.00	.00	.00	.00	.00	.00	.00	.00	.00
	238	16.29	.00	.00	.00	.00	.00	.00	.00	.00	.00
	239	16.14	.00	.00	.00	.00	.00	.00	.00	.00	.00
	240	15.88	.00	.00	.00	.00	.00	.00	.00	.00	.00
	241	15.54	.00	.00	.00	.00	.00	.00	.00	.00	.00
	242	13.10	.00	.00	.00	.00	.00	.00	.00	.00	.00
	243	12.73	.00	.00	.00	.00	.00	.00	.00	.00	.00
	244	12.22	.00	.00	.00	.00	.00	.00	.00	.00	.00
	245	11.58	.00	.00	.00	.00	.00	.00	.00	.00	.00
	246	10.83	.00	.00	.00	.00	.00	.00	.00	.00	.00
	247	9.99	.00	.00	.00	.00	.00	.00	.00	.00	.00
	248	9.09	.00	.00	.00	.00	.00	.00	.00	.00	.00
	249	8.56	.00	.00	.00	.00	.00	.00	.00	.00	.00
	250	8.35	.00	.00	.00	.00	.00	.00	.00	.00	.00
	251	7.66	.00	.00	.00	.00	.00	.00	.00	.00	.00
	252	6.46	.00	.00	.00	.00	.00	.00	.00	.00	.00
	253	6.09	.00	.00	.00	.00	.00	.00	.00	.00	.00
	254	5.75	.00	.00	.00	.00	.00	.00	.00	.00	.00
	255	5.33	.00	.00	.00	.00	.00	.00	.00	.00	.00
	256	4.83	.00	.00	.00	.00	.00	.00	.00	.00	.00
	257	4.28	.00	.00	.00	.00	.00	.00	.00	.00	.00
	258	3.70	.00	.00	.00	.00	.00	.00	.00	.00	.00
	259	3.13	.00	.00	.00	.00	.00	.00	.00	.00	.00
	260	2.60	.00	.00	.00	.00	.00	.00	.00	.00	.00
	261	2.14	.00	.00	.00	.00	.00	.00	.00	.00	.00
	262	1.78	.00	.00	.00	.00	.00	.00	.00	.00	.00
	263	1.52	.00	.00	.00	.00	.00	.00	.00	.00	.00
	264	1.35	.00	.00	.00	.00	.00	.00	.00	.00	.00
	265	1.25	.00	.00	.00	.00	.00	.00	.00	.00	.00
	266	.16	.00	.00	.00	.00	.00	.00	.00	.00	.00
	267	.17	.00	.00	.00	.00	.00	.00	.00	.00	.00
