loc.	Chm 1	Chm 2	Chm 3	Chm 4	Chm 5	Chm 6	Chm 7	Chm 8	Chm 9	Chm 10
	0	2.99	1.77	2.86	3.67	.83	.50	.73	2.86	.25	3.56
	1	2.83	1.87	2.79	3.57	1.04	.55	1.09	2.75	.22	4.07
	2	2.65	1.98	2.71	3.47	1.27	.60	1.53	2.64	.20	4.49
	3	2.45	2.08	2.62	3.37	1.50	.64	2.05	2.52	.19	4.82
	4	2.25	2.18	2.51	3.26	1.74	.68	2.62	2.40	.24	5.07
	5	2.06	2.28	2.39	3.15	1.98	.72	3.22	2.27	.34	5.17
	6	1.89	2.37	2.26	3.04	2.21	.75	3.85	2.14	.47	5.31
	7	1.75	2.44	2.13	2.92	2.43	.90	6.58	2.01	.62	5.44
	8	.79	2.51	1.98	2.81	2.65	1.11	6.81	1.88	.78	5.56
	9	.82	2.57	1.83	2.69	2.85	1.36	7.02	1.75	.96	5.67
	10	.86	2.61	1.67	2.57	3.04	1.63	7.20	1.61	1.14	5.76
	11	.91	2.65	1.52	2.45	3.21	1.90	7.35	1.48	1.33	5.83
	12	.96	2.67	1.37	2.33	3.36	2.16	7.47	1.35	.83	5.87
	13	1.03	2.68	1.22	2.21	3.49	2.39	7.54	1.22	.81	5.90
	14	1.10	2.69	1.08	2.10	3.60	2.58	7.58	1.09	.79	5.90
	15	1.17	2.70	.95	2.00	3.70	5.52	7.57	.97	.76	5.89
	16	1.26	2.70	.83	1.90	5.40	5.62	7.53	.85	.73	5.85
	17	1.36	2.86	.72	1.81	5.77	5.71	7.44	.73	.70	5.78
	18	1.46	2.89	.62	1.73	6.13	5.81	7.31	.62	.66	5.70
	19	1.57	2.93	.54	1.66	6.47	5.89	7.14	.52	.62	5.59
	20	1.69	2.97	.46	1.61	6.79	5.97	6.93	.43	.57	4.85
	21	1.82	3.00	.40	1.57	7.06	6.04	6.58	.35	.53	4.71
	22	1.96	3.03	.34	1.54	7.30	6.09	5.70	.27	.49	4.55
	23	2.10	3.06	.94	1.54	7.51	6.14	4.79	.21	.46	4.38
	24	2.25	3.09	.85	1.54	7.68	6.17	3.88	.15	.42	4.20
	25	2.41	3.11	.77	1.57	7.81	6.19	2.99	.11	.40	4.00
	26	2.57	3.13	.70	1.61	7.91	6.19	2.16	.07	.38	3.79
	27	2.74	3.14	.63	1.66	7.98	6.17	1.44	.05	.37	3.57
	28	2.91	3.16	.56	1.73	8.01	6.14	.85	.04	.37	3.34
	29	3.08	3.17	.51	1.80	8.01	6.09	.59	.03	.38	3.09
	30	3.26	3.17	.45	1.89	8.71	6.02	.72	.04	.40	2.83
	31	3.44	3.18	.41	1.98	8.45	5.93	.91	.05	.43	2.57
	32	3.63	3.18	.38	2.08	7.88	5.83	1.15	.08	.47	2.30
	33	3.81	3.19	.35	2.18	7.11	5.71	1.44	.11	.51	2.03
	34	3.99	3.19	.33	2.28	6.09	5.57	1.76	.15	.56	1.77
	35	4.17	3.19	.32	2.39	5.84	5.43	2.11	.19	.61	.20
	36	4.34	3.20	.31	2.49	5.55	5.27	2.47	.24	.67	.30
	37	4.51	3.20	.31	2.60	5.22	5.10	2.84	.29	1.18	.40
	38	4.68	3.21	.32	2.69	4.86	4.93	3.20	.35	1.36	.52
	39	4.84	3.22	.33	2.79	4.48	4.75	3.54	.41	1.53	.64
	40	4.99	3.24	.34	2.88	4.07	4.57	3.86	.48	1.71	.76
	41	5.13	3.26	.36	2.97	3.65	4.38	.83	.54	1.88	.88
	42	4.40	3.29	.36	3.05	3.23	4.20	.69	.61	2.04	1.00
	43	4.33	3.31	.39	3.13	2.83	4.02	.55	.67	2.17	1.12
	44	4.29	3.35	.45	3.20	2.44	3.85	.42	.22	2.28	1.24
	45	4.26	3.38	.53	3.27	2.08	3.68	.30	.15	2.36	1.36
	46	4.27	3.42	.65	3.33	1.76	.67	.19	.10	2.42	2.29
	47	4.31	3.47	.78	3.38	.76	.53	.11	.09	2.45	2.56
	48	4.38	3.51	.94	3.43	.79	.45	.05	.10	2.45	2.82
	49	4.50	3.56	1.10	4.18	.81	1.23	.01	.15	2.43	3.06
	50	4.67	3.60	1.27	4.33	.84	1.29	.00	.23	1.66	3.25
	51	4.88	3.65	1.44	4.47	.87	1.34	.02	.34	1.63	3.41
	52	5.15	3.70	1.60	4.61	.90	1.37	.07	.49	1.56	3.53
	53	5.46	3.74	1.75	4.74	.94	1.40	.14	.67	1.45	3.60
	54	5.82	3.78	1.94	4.86	.97	1.43	.24	.89	1.29	4.78
	55	6.20	3.82	1.77	4.96	.99	1.44	.35	1.14	1.10	5.03
	56	6.62	.74	1.35	5.05	1.01	1.46	.48	1.41	.88	5.28
	57	7.05	.69	1.08	5.12	1.03	1.47	.61	1.72	.66	5.50
	58	7.48	.64	1.03	5.17	1.04	1.48	.76	2.04	.85	5.68
	59	7.91	.59	.99	5.19	1.05	1.50	.91	2.39	.86	5.83
	60	8.32	.54	.96	5.19	1.05	1.22	1.07	2.75	.87	5.92
	61	8.72	.50	.94	5.17	1.05	1.40	1.22	3.11	.88	5.97
	62	9.10	.45	.93	5.11	1.05	1.57	1.14	3.48	.89	5.96
	63	9.45	.40	.93	5.03	1.04	1.75	1.38	3.85	.90	5.90
	64	9.77	.35	.94	4.93	3.93	1.92	1.64	4.21	.90	5.77
	65	10.06	.31	.97	4.80	4.10	2.07	1.93	4.57	.91	5.59
	66	10.31	.27	2.01	4.65	4.27	2.21	2.23	4.92	.91	5.36
	67	10.54	.23	2.18	4.48	4.45	2.34	2.55	5.25	.92	5.08
	68	10.73	.20	2.34	4.30	4.62	2.44	2.88	5.57	.92	3.69
	69	10.90	.18	2.51	5.77	4.80	2.51	3.21	5.86	1.86	3.45
	70	11.03	.17	2.66	5.37	4.97	2.56	3.54	6.14	2.16	3.20
	71	11.14	.16	2.81	4.97	5.13	2.59	3.86	6.39	2.58	2.97
	72	11.22	.16	2.95	4.58	5.29	2.58	4.17	6.63	3.10	2.74
	73	11.29	.18	3.07	4.20	5.45	2.55	5.46	6.83	3.71	2.51
	74	13.63	.20	2.44	3.84	5.59	2.50	5.76	10.11	4.39	2.31
	75	15.24	.23	2.61	3.52	5.73	2.42	5.90	9.71	5.08	2.11
	76	16.40	.27	2.77	3.22	5.85	2.32	5.86	9.30	5.75	1.94
	77	17.23	.32	2.93	3.06	5.96	2.20	5.64	8.87	6.36	1.79
	78	17.83	.55	3.08	3.15	6.06	2.07	5.27	8.44	6.89	1.67
	79	18.25	.64	3.23	3.23	6.13	1.94	4.78	7.99	7.34	1.56
	80	18.55	.69	3.36	3.30	6.20	1.80	4.22	7.54	7.70	1.49
	81	18.75	.76	3.47	3.37	6.24	1.65	5.49	7.09	7.97	1.44
	82	18.89	1.19	3.58	3.43	6.26	1.51	5.86	6.63	8.16	1.42
	83	18.98	1.73	3.66	3.47	6.27	1.37	6.19	6.18	8.29	1.42
	84	18.24	2.36	3.72	3.51	6.25	1.22	6.46	5.74	12.76	1.44
	85	20.30	3.05	3.76	3.54	6.22	1.13	6.69	5.31	12.83	1.47
	86	20.58	3.76	3.78	3.55	6.16	1.13	6.87	4.89	13.04	1.52
	87	20.80	4.46	3.78	3.55	6.09	1.77	7.01	4.48	13.55	1.57
	88	20.96	5.12	3.77	3.53	6.00	1.92	7.11	4.10	14.05	1.63
	89	21.07	5.73	3.74	3.50	5.90	2.07	7.17	3.74	14.51	1.69
	90	21.12	6.27	3.70	3.45	5.78	2.21	7.19	3.41	14.95	1.75
	91	21.12	8.66	3.65	3.39	5.65	2.35	7.16	3.11	15.35	1.80
	92	21.08	8.75	3.60	3.31	5.53	2.49	7.09	2.84	15.69	1.85
	93	20.98	8.82	3.55	3.22	5.39	2.62	6.96	2.59	15.97	1.89
	94	20.85	8.83	3.49	3.11	5.26	2.75	6.78	2.38	16.18	1.93
	95	20.67	8.73	3.44	3.52	5.14	2.87	6.55	2.19	16.30	1.44
	96	20.45	8.51	3.39	3.88	5.02	3.00	6.28	4.06	16.31	1.77
	97	20.19	8.15	3.04	4.15	4.90	3.12	5.95	4.18	16.21	2.12
	98	19.89	7.67	3.20	4.30	1.85	3.23	5.60	4.28	16.97	2.45
	99	19.56	7.39	3.37	4.30	1.75	3.34	5.22	4.38	16.84	2.77
	100	19.19	7.77	3.54	2.49	1.64	3.45	4.83	4.47	16.07	3.04
	101	18.79	8.17	3.71	1.85	1.54	3.56	4.43	4.55	14.47	3.25
	102	18.37	8.56	3.88	1.23	1.43	3.66	4.05	4.62	14.68	3.39
	103	17.91	8.93	5.80	2.37	1.32	3.08	3.70	4.68	14.51	3.45
	104	17.42	9.24	6.06	2.59	1.21	2.46	3.37	4.73	14.24	3.43
	105	16.92	9.48	6.32	2.81	1.11	1.94	3.09	4.77	13.86	3.34
	106	16.38	9.61	6.57	3.03	1.01	1.57	2.85	4.80	13.34	3.17
	107	15.83	9.64	6.82	3.26	.91	1.36	2.65	1.47	12.65	2.94
	108	15.26	9.53	7.05	3.48	.82	1.33	2.49	1.49	11.75	2.66
	109	14.68	9.30	7.27	3.69	.75	1.45	2.36	1.50	10.59	2.54
	110	14.09	11.39	7.45	3.90	.68	1.27	3.25	1.51	10.25	2.40
	111	13.48	11.04	7.62	4.08	.63	1.02	3.28	1.51	10.27	2.25
	112	12.88	10.66	7.75	4.25	.59	.79	3.28	1.50	10.22	2.09
	113	12.27	10.27	7.84	4.39	.58	.61	3.25	1.49	10.10	1.92
	114	11.67	9.86	7.91	4.50	.58	.47	3.19	1.46	9.92	1.74
	115	11.08	9.43	7.94	4.59	.60	.38	3.11	1.43	9.68	1.56
	116	10.50	8.97	7.93	4.64	.64	.36	.00	1.40	4.90	1.37
	117	9.94	11.18	7.88	4.67	1.00	.40	.00	1.36	4.90	1.18
	118	9.40	11.11	7.80	4.66	1.04	.49	.00	1.31	4.90	.99
	119	8.88	11.03	7.69	4.63	1.09	.63	.00	1.26	4.88	.81
	120	8.38	10.93	7.54	4.58	1.13	.80	.00	1.21	4.86	.64
	121	7.91	10.81	7.37	4.50	1.17	1.00	.00	1.15	4.84	.48
	122	7.46	10.67	7.18	4.41	1.21	1.21	.00	1.10	4.82	.34
	123	7.04	10.50	6.96	4.30	1.24	1.43	.00	1.04	4.80	.22
	124	6.64	10.30	6.73	4.19	1.26	1.64	.00	.99	4.77	.12
	125	6.26	10.08	6.50	4.06	1.26	.36	.00	.94	4.74	.05
	126	5.90	9.82	6.25	3.93	1.26	.30	.00	.89	4.71	.01
	127	5.56	9.54	6.01	3.79	1.23	.25	.00	.77	4.68	.00
	128	1.49	9.23	5.77	3.59	1.10	.20	.00	.76	4.65	.01
	129	1.62	8.89	5.53	3.70	.96	.17	.00	.78	4.61	.05
	130	1.78	8.53	5.30	3.79	.83	.14	.00	.82	4.56	.10
	131	1.96	8.15	5.08	3.89	2.02	.13	.00	.89	4.51	.17
	132	2.14	7.75	4.87	3.99	1.87	.13	.00	1.00	4.46	.25
	133	2.34	7.34	4.67	3.02	1.71	.14	.00	1.14	4.40	.35
	134	2.62	6.93	4.47	2.62	1.56	.17	.00	1.30	4.33	.44
	135	3.00	6.52	4.29	2.20	1.41	.21	.00	1.49	4.26	.54
	136	3.39	6.11	4.12	1.77	1.25	.26	.00	1.68	.00	.64
	137	3.77	5.71	3.96	1.53	1.11	.33	.00	1.87	.00	.75
	138	4.13	5.32	3.80	1.54	.96	.40	.00	2.05	.00	.84
	139	4.47	4.95	1.61	1.53	.82	.49	.00	2.21	.00	.00
	140	4.78	4.59	1.03	1.50	.69	.59	.00	2.72	.00	.00
	141	5.32	1.83	1.05	1.42	.57	.70	.00	2.61	.00	.00
	142	17.31	1.65	1.07	1.32	.47	.81	.00	2.53	.00	.00
	143	18.34	1.48	1.10	1.19	.37	.93	.00	2.52	.00	.00
	144	19.32	1.34	1.13	1.05	.29	1.04	.00	2.58	.00	.00
	145	20.22	1.25	1.18	.90	.22	1.16	.00	2.72	.00	.00
	146	21.00	1.20	1.22	.87	.16	1.28	.00	2.93	.00	.00
	147	21.63	1.20	1.28	.86	.12	1.40	.00	3.17	.00	.00
	148	22.07	1.21	1.34	.84	.41	1.52	.00	3.43	.00	.00
	149	22.28	1.24	1.41	.82	.45	1.62	.00	3.68	.00	.00
	150	25.55	1.28	1.48	.80	.50	1.73	.00	3.90	.00	.00
	151	25.94	1.85	1.56	.78	.54	1.83	.00	4.20	.00	.00
	152	26.29	1.94	1.65	.75	.59	1.92	.00	4.48	.00	.00
	153	26.61	2.01	1.73	.73	.64	2.00	.00	4.75	.00	.00
	154	26.88	2.08	1.82	.70	.69	2.08	.00	4.99	.00	.00
	155	27.11	2.13	1.92	.67	.74	2.15	.00	5.19	.00	.00
	156	27.28	2.17	2.01	.64	.80	2.21	.00	5.35	.00	.00
	157	27.41	5.50	2.10	.61	.85	2.27	.00	5.47	.00	.00
	158	27.47	5.82	2.19	.58	.90	2.32	.00	5.53	.00	.00
	159	27.48	6.15	2.28	.55	.95	.00	.00	5.55	.00	.00
	160	27.42	6.48	2.37	.51	1.00	.00	.00	5.52	.00	.00
	161	27.30	6.82	2.45	.48	1.04	.00	.00	5.45	.00	.00
	162	27.11	7.16	2.53	.45	1.08	.00	.00	5.35	.00	.00
	163	26.86	7.48	2.60	.42	1.12	.00	.00	5.21	.00	.00
	164	26.53	7.79	2.67	.39	1.15	.00	.00	5.06	.00	.00
	165	26.14	8.08	2.73	.36	1.17	.00	.00	6.12	.00	.00
	166	25.69	8.34	2.79	.33	1.20	.00	.00	5.95	.00	.00
	167	25.16	8.58	2.85	.31	1.21	.00	.00	5.75	.00	.00
	168	24.58	8.79	2.90	.00	1.22	.00	.00	5.54	.00	.00
	169	23.94	8.97	2.94	.00	1.23	.00	.00	5.31	.00	.00
	170	23.25	9.11	2.99	.00	1.23	.00	.00	5.05	.00	.00
	171	22.51	9.23	3.03	.00	1.22	.00	.00	4.77	.00	.00
	172	21.73	9.31	3.07	.00	1.22	.00	.00	4.47	.00	.00
	173	20.93	9.37	3.10	.00	1.21	.00	.00	4.15	.00	.00
	174	20.10	9.40	3.14	.00	1.19	.00	.00	3.84	.00	.00
	175	12.01	9.39	3.17	.00	1.17	.00	.00	3.53	.00	.00
	176	12.29	9.37	3.20	.00	1.16	.00	.00	3.25	.00	.00
	177	12.54	9.32	3.23	.00	1.13	.00	.00	1.76	.00	.00
	178	12.75	9.25	3.25	.00	1.11	.00	.00	1.51	.00	.00
	179	12.91	9.17	3.28	.00	1.09	.00	.00	1.27	.00	.00
	180	13.01	9.06	3.31	.00	.00	.00	.00	1.04	.00	.00
	181	13.05	8.95	3.33	.00	.00	.00	.00	.83	.00	.00
	182	13.02	8.82	3.35	.00	.00	.00	.00	.64	.00	.00
	183	12.91	5.28	3.37	.00	.00	.00	.00	.48	.00	.00
	184	12.72	5.52	3.39	.00	.00	.00	.00	.36	.00	.00
	185	12.45	5.72	3.41	.00	.00	.00	.00	.27	.00	.00
	186	12.09	5.88	3.43	.00	.00	.00	.00	.23	.00	.00
	187	11.66	6.01	3.45	.00	.00	.00	.00	.22	.00	.00
	188	11.14	6.10	3.47	.00	.00	.00	.00	.00	.00	.00
	189	10.54	6.15	4.23	.00	.00	.00	.00	.00	.00	.00
	190	9.88	6.17	4.65	.00	.00	.00	.00	.00	.00	.00
	191	9.17	6.16	5.10	.00	.00	.00	.00	.00	.00	.00
	192	8.43	6.11	5.55	.00	.00	.00	.00	.00	.00	.00
	193	7.69	6.04	5.84	.00	.00	.00	.00	.00	.00	.00
	194	6.96	5.94	5.79	.00	.00	.00	.00	.00	.00	.00
	195	6.27	5.82	5.73	.00	.00	.00	.00	.00	.00	.00
	196	6.55	.00	5.64	.00	.00	.00	.00	.00	.00	.00
	197	7.09	.00	5.54	.00	.00	.00	.00	.00	.00	.00
	198	7.63	.00	5.42	.00	.00	.00	.00	.00	.00	.00
	199	8.14	.00	5.28	.00	.00	.00	.00	.00	.00	.00
	200	8.60	.00	5.13	.00	.00	.00	.00	.00	.00	.00
	201	9.02	.00	4.95	.00	.00	.00	.00	.00	.00	.00
	202	9.37	.00	4.76	.00	.00	.00	.00	.00	.00	.00
	203	9.65	.00	4.56	.00	.00	.00	.00	.00	.00	.00
	204	9.85	.00	4.34	.00	.00	.00	.00	.00	.00	.00
	205	10.00	.00	4.11	.00	.00	.00	.00	.00	.00	.00
	206	2.77	.00	3.88	.00	.00	.00	.00	.00	.00	.00
	207	3.28	.00	3.63	.00	.00	.00	.00	.00	.00	.00
	208	3.41	.00	3.39	.00	.00	.00	.00	.00	.00	.00
	209	3.54	.00	3.14	.00	.00	.00	.00	.00	.00	.00
	210	3.66	.00	2.90	.00	.00	.00	.00	.00	.00	.00
	211	3.77	.00	2.66	.00	.00	.00	.00	.00	.00	.00
	212	3.86	.00	2.43	.00	.00	.00	.00	.00	.00	.00
	213	3.94	.00	2.21	.00	.00	.00	.00	.00	.00	.00
	214	4.00	.00	2.00	.00	.00	.00	.00	.00	.00	.00
	215	4.05	.00	1.81	.00	.00	.00	.00	.00	.00	.00
	216	1.91	.00	1.62	.00	.00	.00	.00	.00	.00	.00
	217	1.85	.00	1.45	.00	.00	.00	.00	.00	.00	.00
	218	1.78	.00	.00	.00	.00	.00	.00	.00	.00	.00
	219	1.72	.00	.00	.00	.00	.00	.00	.00	.00	.00
	220	1.65	.00	.00	.00	.00	.00	.00	.00	.00	.00
	221	1.58	.00	.00	.00	.00	.00	.00	.00	.00	.00
	222	1.52	.00	.00	.00	.00	.00	.00	.00	.00	.00
	223	1.45	.00	.00	.00	.00	.00	.00	.00	.00	.00
	224	1.39	.00	.00	.00	.00	.00	.00	.00	.00	.00
	225	1.33	.00	.00	.00	.00	.00	.00	.00	.00	.00
	226	1.28	.00	.00	.00	.00	.00	.00	.00	.00	.00
	227	1.22	.00	.00	.00	.00	.00	.00	.00	.00	.00
	228	.35	.00	.00	.00	.00	.00	.00	.00	.00	.00
	229	.32	.00	.00	.00	.00	.00	.00	.00	.00	.00
	230	.34	.00	.00	.00	.00	.00	.00	.00	.00	.00
	231	.41	.00	.00	.00	.00	.00	.00	.00	.00	.00
	232	.53	.00	.00	.00	.00	.00	.00	.00	.00	.00
	233	.09	.00	.00	.00	.00	.00	.00	.00	.00	.00
	234	.15	.00	.00	.00	.00	.00	.00	.00	.00	.00
	235	.22	.00	.00	.00	.00	.00	.00	.00	.00	.00
	236	.32	.00	.00	.00	.00	.00	.00	.00	.00	.00
	237	.43	.00	.00	.00	.00	.00	.00	.00	.00	.00
	238	.55	.00	.00	.00	.00	.00	.00	.00	.00	.00
	239	.69	.00	.00	.00	.00	.00	.00	.00	.00	.00
	240	.84	.00	.00	.00	.00	.00	.00	.00	.00	.00
	241	.99	.00	.00	.00	.00	.00	.00	.00	.00	.00
	242	1.85	.00	.00	.00	.00	.00	.00	.00	.00	.00
	243	2.23	.00	.00	.00	.00	.00	.00	.00	.00	.00
	244	2.64	.00	.00	.00	.00	.00	.00	.00	.00	.00
	245	3.09	.00	.00	.00	.00	.00	.00	.00	.00	.00
	246	3.56	.00	.00	.00	.00	.00	.00	.00	.00	.00
	247	4.07	.00	.00	.00	.00	.00	.00	.00	.00	.00
	248	4.59	.00	.00	.00	.00	.00	.00	.00	.00	.00
	249	6.04	.00	.00	.00	.00	.00	.00	.00	.00	.00
	250	6.11	.00	.00	.00	.00	.00	.00	.00	.00	.00
	251	5.68	.00	.00	.00	.00	.00	.00	.00	.00	.00
	252	4.91	.00	.00	.00	.00	.00	.00	.00	.00	.00
	253	4.69	.00	.00	.00	.00	.00	.00	.00	.00	.00
	254	4.52	.00	.00	.00	.00	.00	.00	.00	.00	.00
	255	4.32	.00	.00	.00	.00	.00	.00	.00	.00	.00
	256	4.10	.00	.00	.00	.00	.00	.00	.00	.00	.00
	257	3.87	.00	.00	.00	.00	.00	.00	.00	.00	.00
	258	3.61	.00	.00	.00	.00	.00	.00	.00	.00	.00
	259	3.35	.00	.00	.00	.00	.00	.00	.00	.00	.00
	260	3.08	.00	.00	.00	.00	.00	.00	.00	.00	.00
	261	2.81	.00	.00	.00	.00	.00	.00	.00	.00	.00
	262	2.56	.00	.00	.00	.00	.00	.00	.00	.00	.00
	263	2.32	.00	.00	.00	.00	.00	.00	.00	.00	.00
	264	2.11	.00	.00	.00	.00	.00	.00	.00	.00	.00
	265	1.92	.00	.00	.00	.00	.00	.00	.00	.00	.00
	266	2.32	.00	.00	.00	.00	.00	.00	.00	.00	.00
	267	2.95	.00	.00	.00	.00	.00	.00	.00	.00	.00
