loc.	Chm 1	Chm 2	Chm 3	Chm 4	Chm 5	Chm 6	Chm 7	Chm 8	Chm 9	Chm 10
	0	.20	1.22	1.68	1.63	.42	1.55	.59	.06	2.21	3.40
	1	.27	1.24	1.38	1.45	.57	1.50	.66	.07	2.13	3.62
	2	.40	1.32	1.10	1.28	.75	1.47	.74	.07	2.03	3.90
	3	.58	1.46	.86	1.11	.96	1.45	.82	.07	1.94	4.18
	4	.81	1.68	.66	.95	1.18	1.45	.91	.07	3.33	4.40
	5	1.05	2.00	.50	.80	1.40	1.44	1.00	.07	3.18	5.21
	6	1.29	2.40	.41	.65	1.63	1.44	1.09	.08	3.00	4.85
	7	1.51	2.90	.37	.52	1.84	1.55	1.02	.08	2.78	4.48
	8	2.35	3.48	.39	.40	2.04	1.67	.89	.08	2.55	4.10
	9	2.55	4.12	.47	.29	2.21	1.78	.77	.08	2.29	3.72
	10	2.77	4.81	.59	.20	2.36	1.86	.65	.09	2.03	3.33
	11	3.00	5.53	.75	.13	2.48	1.92	.54	.09	1.78	2.96
	12	3.25	6.26	.94	.09	2.58	1.93	.45	.09	2.25	2.61
	13	3.52	6.99	1.14	.06	2.66	1.92	.36	.09	2.28	2.28
	14	3.80	7.70	1.35	.07	2.72	1.88	.30	.10	2.31	1.99
	15	4.09	8.39	1.56	.10	2.76	4.10	.25	.10	2.34	1.75
	16	4.39	9.04	1.75	.17	4.22	4.16	.21	.10	2.37	1.55
	17	4.69	9.36	1.93	.27	4.42	4.22	.19	.10	2.41	1.40
	18	4.98	9.23	2.09	.41	4.62	4.29	.19	.11	2.45	1.30
	19	5.26	9.08	2.23	.59	4.81	4.35	.20	.11	2.49	1.23
	20	5.53	8.92	2.35	.81	4.98	4.42	.23	.11	2.53	1.57
	21	5.78	8.75	2.46	1.08	5.12	4.48	.27	.11	2.58	1.63
	22	6.00	8.57	2.55	1.38	5.24	4.54	.34	.12	2.64	1.69
	23	6.19	8.37	2.13	1.72	5.34	4.60	.43	.12	2.70	1.75
	24	6.35	8.15	2.11	2.10	5.40	4.65	.54	.12	2.77	1.80
	25	6.48	7.92	2.07	2.51	5.43	4.71	.65	.12	2.84	1.86
	26	6.57	7.68	2.03	2.95	5.44	4.75	.76	.12	2.92	1.91
	27	6.63	7.42	1.97	3.42	5.44	4.80	.87	.12	3.00	1.95
	28	6.65	7.14	1.90	3.91	5.42	4.83	.97	.12	3.09	2.00
	29	6.65	6.86	1.82	4.42	5.39	4.87	.52	.12	3.18	2.03
	30	6.61	6.56	1.73	4.95	4.81	4.89	.47	.12	3.27	2.06
	31	6.56	6.26	1.64	5.49	5.55	4.91	.42	.12	3.36	2.08
	32	6.48	5.94	1.53	6.04	5.99	4.93	.37	.12	3.46	2.09
	33	6.39	5.62	1.42	6.60	6.12	4.93	.32	.12	3.55	2.09
	34	6.29	5.29	1.30	7.17	5.43	4.93	.27	.12	3.65	2.08
	35	6.19	4.96	1.18	7.75	5.42	4.93	.22	.12	3.74	.70
	36	6.08	4.63	1.06	8.32	5.37	4.92	.18	.11	3.83	.79
	37	5.97	4.30	.94	8.90	5.30	4.90	.13	.11	3.79	.89
	38	5.87	3.97	.82	9.47	5.19	4.88	.09	.11	3.67	1.00
	39	5.77	3.65	.70	10.04	5.05	4.85	.06	.11	3.55	1.12
	40	5.67	3.34	.59	10.61	4.89	4.82	.04	.11	3.41	1.24
	41	5.59	3.04	.49	11.17	4.71	4.78	.20	.10	3.26	1.36
	42	7.38	2.75	.68	11.72	4.51	4.74	.20	.10	3.09	1.49
	43	7.55	2.48	.65	12.26	4.30	4.69	.22	.10	2.91	1.61
	44	7.72	2.22	.65	12.79	4.09	4.65	.24	.36	2.72	1.73
	45	7.89	1.98	.70	13.31	3.87	4.60	.26	.39	2.52	1.83
	46	8.06	1.75	.80	13.81	3.65	1.77	.29	.42	2.32	1.85
	47	8.22	1.54	.94	14.31	1.75	1.79	.32	.45	2.12	2.10
	48	8.37	1.35	1.14	14.78	1.66	1.75	.35	.49	1.92	2.38
	49	8.51	1.17	1.36	22.35	1.61	.99	.39	.53	1.74	2.70
	50	8.63	1.01	1.62	23.49	1.59	.80	.43	.57	.58	3.04
	51	8.74	.87	1.88	24.64	1.62	.63	.47	.61	.67	3.37
	52	8.84	.74	2.14	25.75	1.71	.49	.52	.66	.79	3.69
	53	8.92	.63	2.39	26.82	1.86	.38	.57	.70	.94	3.99
	54	8.97	.52	2.65	27.81	2.07	.30	.63	.75	1.12	5.72
	55	9.01	.44	2.06	28.70	2.35	.25	.69	.80	1.32	6.31
	56	9.02	3.29	1.41	29.49	2.69	.23	.75	.84	1.54	6.91
	57	9.00	3.45	.97	30.18	3.07	.24	.81	.88	1.77	7.51
	58	8.96	3.62	.77	30.74	3.50	.28	.87	.92	2.62	8.06
	59	8.90	3.79	.59	31.20	3.95	.35	.94	.96	2.54	8.55
	60	8.81	3.96	.42	31.54	4.41	2.85	1.00	.99	2.45	8.96
	61	8.69	4.13	.29	31.76	4.88	3.15	1.06	1.02	2.36	9.28
	62	8.55	4.29	.20	31.87	5.33	3.45	2.73	1.05	2.26	9.50
	63	8.38	4.45	.15	31.87	5.75	3.76	2.86	1.07	2.17	9.60
	64	8.19	4.60	.15	31.76	9.32	4.07	2.99	1.08	2.07	9.60
	65	7.98	4.74	.19	31.53	9.54	4.38	3.11	1.10	1.98	9.47
	66	7.76	4.87	.14	31.20	9.76	4.69	3.21	1.11	1.89	9.23
	67	7.53	4.99	.16	30.77	9.99	5.00	3.30	1.11	1.80	8.90
	68	7.29	5.09	.19	30.25	10.22	5.29	3.37	1.12	1.72	6.82
	69	7.04	5.17	.23	33.31	10.44	5.58	3.42	1.12	1.70	6.67
	70	6.79	5.23	.27	32.62	10.67	5.86	3.45	1.12	1.79	6.49
	71	6.55	5.27	.33	31.88	10.89	6.13	3.45	1.11	1.96	6.30
	72	6.31	5.29	.40	31.09	11.10	6.39	3.43	1.11	2.22	6.08
	73	6.08	5.30	.47	30.25	11.30	6.63	2.47	1.11	2.56	5.84
	74	4.43	5.28	.69	29.37	11.48	6.86	2.01	.61	2.98	5.59
	75	5.27	5.25	.72	28.45	11.65	7.07	1.52	.84	3.49	5.32
	76	6.16	5.21	.76	27.50	11.79	7.26	1.04	1.10	4.06	5.03
	77	7.09	5.14	.80	26.62	11.91	7.44	.63	1.42	4.67	4.74
	78	8.02	8.91	.85	25.89	11.99	7.60	.36	1.78	5.32	4.45
	79	8.95	9.48	.90	25.12	12.03	7.74	.30	2.18	5.97	4.16
	80	9.83	9.96	.95	24.29	12.03	7.87	.48	2.62	6.62	3.88
	81	10.67	12.64	1.01	23.42	11.98	7.98	.15	3.09	7.24	3.62
	82	11.45	13.80	1.06	22.49	11.88	8.07	.12	3.59	7.83	3.37
	83	12.17	14.88	1.11	21.52	11.72	8.16	.10	4.11	8.37	3.16
	84	12.26	15.84	1.17	20.50	11.52	11.14	.07	4.65	15.07	2.98
	85	15.05	16.65	1.23	19.44	11.26	12.76	.05	5.19	14.68	2.83
	86	15.02	17.29	1.28	18.34	10.94	13.81	.04	5.74	15.11	2.73
	87	14.98	17.74	1.33	17.20	10.58	13.57	.04	6.29	16.46	2.67
	88	14.91	18.00	1.39	16.03	10.17	13.84	.04	6.84	17.63	2.64
	89	14.83	18.07	1.44	14.85	9.71	14.04	.06	7.37	18.58	2.65
	90	14.73	17.95	1.49	13.66	9.22	14.18	.09	7.90	19.29	2.69
	91	14.61	14.92	1.54	12.48	8.71	14.25	.11	8.40	19.77	2.76
	92	14.46	15.94	1.59	11.31	8.16	14.25	.14	8.89	20.05	2.85
	93	14.29	16.80	1.63	10.17	7.61	14.19	.17	9.35	20.16	2.96
	94	14.10	17.48	1.68	4.67	7.04	14.06	.21	9.79	20.11	3.08
	95	13.88	17.97	1.72	5.07	6.48	13.86	.26	10.21	19.92	2.39
	96	13.63	18.28	1.76	5.41	5.92	13.61	.32	10.95	19.59	2.71
	97	13.37	18.41	1.78	5.67	5.37	13.29	.38	11.30	19.15	3.03
	98	13.07	18.36	1.84	5.86	.28	12.93	.45	11.62	18.19	3.34
	99	12.76	18.04	1.91	5.95	.23	12.53	.52	11.89	18.46	3.63
	100	12.43	17.37	1.99	3.08	.17	12.09	.60	12.12	18.40	3.89
	101	12.08	16.64	2.07	2.86	.13	11.62	.67	12.30	17.90	4.10
	102	11.72	15.84	2.17	2.58	.09	11.15	.75	12.44	21.19	4.25
	103	11.34	14.99	2.98	8.79	.06	7.72	.82	12.54	22.35	4.34
	104	10.96	14.10	3.03	9.01	.03	7.44	.89	12.60	23.12	4.38
	105	10.58	13.17	3.08	9.20	.02	7.16	.95	12.62	23.56	4.35
	106	10.21	12.22	3.12	9.36	.01	6.92	1.01	12.61	23.68	4.28
	107	9.85	11.25	3.16	9.48	.01	6.77	1.06	11.13	23.47	4.16
	108	9.50	10.30	3.20	9.57	.03	6.75	1.11	10.68	22.87	4.00
	109	9.18	9.34	3.23	9.61	.06	6.87	1.15	10.21	21.74	3.81
	110	8.90	5.31	3.25	9.61	.10	6.33	1.24	9.72	21.03	3.60
	111	8.64	4.96	3.27	9.57	.16	5.63	1.60	9.21	20.52	3.38
	112	8.43	4.63	3.28	9.48	.24	4.95	1.97	8.69	19.85	3.14
	113	8.25	4.31	3.28	9.36	.34	4.30	2.32	8.15	19.03	2.90
	114	8.12	4.02	3.26	9.19	.45	3.69	2.61	7.60	18.07	2.65
	115	8.02	3.77	3.24	8.99	.57	3.14	2.82	7.05	17.00	2.39
	116	7.96	3.56	3.21	8.76	.71	2.62	.00	6.52	11.90	2.13
	117	7.93	6.29	3.17	8.51	.83	2.17	.00	6.00	12.06	1.87
	118	7.93	6.53	3.12	8.23	1.02	1.76	.00	5.50	12.23	1.61
	119	7.95	6.76	3.05	7.94	1.21	1.42	.00	5.04	12.41	1.36
	120	7.98	7.00	2.98	7.64	1.41	1.12	.00	4.62	12.59	1.12
	121	8.03	7.24	2.89	7.33	1.61	.89	.00	4.25	12.77	.90
	122	8.08	7.48	2.80	7.02	1.80	.70	.00	3.94	12.95	.70
	123	8.14	7.70	2.70	6.71	1.99	.56	.00	3.67	13.10	.53
	124	8.19	7.90	2.60	6.40	2.17	.46	.00	3.45	13.24	.38
	125	8.24	8.07	2.49	6.10	2.33	1.03	.00	3.27	13.34	.27
	126	8.29	8.21	2.38	5.81	2.48	1.09	.00	3.14	13.41	.19
	127	8.33	8.31	2.27	5.53	2.60	1.15	.00	3.11	13.45	.14
	128	6.74	8.36	2.15	5.63	2.62	1.21	.00	3.12	13.45	.13
	129	6.44	8.36	2.04	6.96	2.63	1.27	.00	3.11	13.41	.15
	130	6.10	8.30	1.94	8.11	2.62	1.33	.00	3.09	13.34	.20
	131	5.72	8.19	1.83	9.04	4.95	1.39	.00	3.07	13.23	.27
	132	5.32	8.03	1.73	9.73	4.90	1.45	.00	3.02	13.08	.36
	133	4.95	7.81	1.63	7.91	4.80	1.51	.00	2.97	12.91	.47
	134	4.74	7.55	1.54	7.89	4.65	1.57	.00	2.90	12.70	.59
	135	4.65	7.25	1.46	7.55	4.44	1.62	.00	2.83	12.47	.72
	136	4.57	6.92	1.37	6.94	4.17	1.66	.00	2.74	.00	.85
	137	4.49	6.55	1.30	11.58	3.86	1.71	.00	2.65	.00	.98
	138	4.42	6.17	1.22	12.58	3.51	1.75	.00	2.54	.00	1.11
	139	4.36	5.77	.16	13.38	3.12	1.78	.00	2.43	.00	.00
	140	4.31	5.36	.14	13.92	2.73	1.80	.00	2.90	.00	.00
	141	4.44	3.82	.13	14.18	2.33	1.83	.00	2.78	.00	.00
	142	10.29	3.63	.12	14.14	1.94	1.84	.00	2.65	.00	.00
	143	11.24	3.52	.11	13.80	1.58	1.85	.00	2.52	.00	.00
	144	12.11	3.46	.11	13.12	1.25	1.86	.00	2.40	.00	.00
	145	12.85	3.45	.11	12.09	.97	1.86	.00	2.28	.00	.00
	146	13.44	3.47	.11	11.91	.73	1.85	.00	2.16	.00	.00
	147	13.85	3.33	.12	11.83	.53	1.84	.00	2.04	.00	.00
	148	14.06	3.19	.13	11.72	.80	1.82	.00	1.93	.00	.00
	149	14.05	3.05	.15	11.58	.90	1.80	.00	1.82	.00	.00
	150	14.16	2.90	.16	11.43	1.01	1.78	.00	1.73	.00	.00
	151	14.23	4.63	.18	11.26	1.12	1.75	.00	1.75	.00	.00
	152	14.27	5.00	.21	11.06	1.24	1.72	.00	1.77	.00	.00
	153	14.30	5.36	.23	10.85	1.37	1.68	.00	1.78	.00	.00
	154	14.30	5.69	.26	10.63	1.50	1.65	.00	1.79	.00	.00
	155	14.28	5.98	.30	10.38	1.64	1.61	.00	1.79	.00	.00
	156	14.25	6.21	.34	10.13	1.77	1.56	.00	1.78	.00	.00
	157	14.20	8.92	.38	9.86	1.92	1.52	.00	1.76	.00	.00
	158	14.13	9.15	.42	9.59	2.06	1.47	.00	1.73	.00	.00
	159	14.04	9.38	.47	9.30	2.21	.00	.00	1.69	.00	.00
	160	13.93	9.60	.53	9.01	2.36	.00	.00	1.65	.00	.00
	161	13.81	9.81	.58	8.71	2.50	.00	.00	1.60	.00	.00
	162	13.66	9.99	.64	8.41	2.64	.00	.00	1.55	.00	.00
	163	13.50	10.14	.70	8.11	2.79	.00	.00	1.50	.00	.00
	164	13.32	10.27	.77	7.80	2.92	.00	.00	1.44	.00	.00
	165	13.11	10.36	.84	7.50	3.05	.00	.00	1.14	.00	.00
	166	12.88	10.42	.91	7.19	3.18	.00	.00	1.01	.00	.00
	167	12.63	10.44	.99	6.90	3.30	.00	.00	.89	.00	.00
	168	12.36	10.43	1.06	.00	3.41	.00	.00	.78	.00	.00
	169	12.06	10.38	1.14	.00	3.52	.00	.00	.68	.00	.00
	170	11.75	10.30	1.22	.00	3.62	.00	.00	.60	.00	.00
	171	11.41	10.19	1.31	.00	3.72	.00	.00	.53	.00	.00
	172	11.05	10.04	1.39	.00	3.80	.00	.00	.48	.00	.00
	173	10.66	9.87	1.48	.00	3.88	.00	.00	.44	.00	.00
	174	10.25	9.67	1.56	.00	3.95	.00	.00	.41	.00	.00
	175	5.97	9.46	1.65	.00	4.02	.00	.00	.40	.00	.00
	176	6.13	9.22	1.74	.00	4.08	.00	.00	.40	.00	.00
	177	6.27	8.97	1.83	.00	4.13	.00	.00	.27	.00	.00
	178	6.39	8.71	1.93	.00	4.17	.00	.00	.17	.00	.00
	179	6.49	8.44	2.02	.00	4.21	.00	.00	.10	.00	.00
	180	6.57	8.17	2.11	.00	.00	.00	.00	.06	.00	.00
	181	6.63	7.90	2.20	.00	.00	.00	.00	.04	.00	.00
	182	6.67	7.63	2.30	.00	.00	.00	.00	.05	.00	.00
	183	6.68	3.28	2.39	.00	.00	.00	.00	.10	.00	.00
	184	6.66	3.25	2.48	.00	.00	.00	.00	.16	.00	.00
	185	6.61	3.19	2.57	.00	.00	.00	.00	.26	.00	.00
	186	6.54	3.12	2.66	.00	.00	.00	.00	.37	.00	.00
	187	6.45	3.04	2.75	.00	.00	.00	.00	.49	.00	.00
	188	6.33	2.93	2.84	.00	.00	.00	.00	.00	.00	.00
	189	6.18	2.82	3.42	.00	.00	.00	.00	.00	.00	.00
	190	6.01	2.69	3.72	.00	.00	.00	.00	.00	.00	.00
	191	5.83	2.56	3.79	.00	.00	.00	.00	.00	.00	.00
	192	5.62	2.44	3.62	.00	.00	.00	.00	.00	.00	.00
	193	5.40	2.31	3.43	.00	.00	.00	.00	.00	.00	.00
	194	5.16	2.20	3.55	.00	.00	.00	.00	.00	.00	.00
	195	4.92	2.09	3.67	.00	.00	.00	.00	.00	.00	.00
	196	3.96	.00	3.78	.00	.00	.00	.00	.00	.00	.00
	197	4.27	.00	3.86	.00	.00	.00	.00	.00	.00	.00
	198	4.50	.00	3.93	.00	.00	.00	.00	.00	.00	.00
	199	4.63	.00	3.96	.00	.00	.00	.00	.00	.00	.00
	200	4.61	.00	3.96	.00	.00	.00	.00	.00	.00	.00
	201	4.43	.00	3.93	.00	.00	.00	.00	.00	.00	.00
	202	4.10	.00	3.86	.00	.00	.00	.00	.00	.00	.00
	203	3.62	.00	3.77	.00	.00	.00	.00	.00	.00	.00
	204	3.06	.00	3.64	.00	.00	.00	.00	.00	.00	.00
	205	2.49	.00	3.48	.00	.00	.00	.00	.00	.00	.00
	206	.48	.00	3.31	.00	.00	.00	.00	.00	.00	.00
	207	.31	.00	3.11	.00	.00	.00	.00	.00	.00	.00
	208	.33	.00	2.91	.00	.00	.00	.00	.00	.00	.00
	209	.35	.00	2.70	.00	.00	.00	.00	.00	.00	.00
	210	.36	.00	2.49	.00	.00	.00	.00	.00	.00	.00
	211	.37	.00	2.28	.00	.00	.00	.00	.00	.00	.00
	212	.36	.00	2.07	.00	.00	.00	.00	.00	.00	.00
	213	.35	.00	1.88	.00	.00	.00	.00	.00	.00	.00
	214	.34	.00	1.70	.00	.00	.00	.00	.00	.00	.00
	215	.32	.00	1.52	.00	.00	.00	.00	.00	.00	.00
	216	.64	.00	1.37	.00	.00	.00	.00	.00	.00	.00
	217	.65	.00	1.22	.00	.00	.00	.00	.00	.00	.00
	218	.69	.00	.00	.00	.00	.00	.00	.00	.00	.00
	219	.75	.00	.00	.00	.00	.00	.00	.00	.00	.00
	220	.83	.00	.00	.00	.00	.00	.00	.00	.00	.00
	221	.94	.00	.00	.00	.00	.00	.00	.00	.00	.00
	222	1.07	.00	.00	.00	.00	.00	.00	.00	.00	.00
	223	1.22	.00	.00	.00	.00	.00	.00	.00	.00	.00
	224	1.37	.00	.00	.00	.00	.00	.00	.00	.00	.00
	225	1.52	.00	.00	.00	.00	.00	.00	.00	.00	.00
	226	1.67	.00	.00	.00	.00	.00	.00	.00	.00	.00
	227	1.80	.00	.00	.00	.00	.00	.00	.00	.00	.00
	228	1.73	.00	.00	.00	.00	.00	.00	.00	.00	.00
	229	1.65	.00	.00	.00	.00	.00	.00	.00	.00	.00
	230	1.56	.00	.00	.00	.00	.00	.00	.00	.00	.00
	231	1.45	.00	.00	.00	.00	.00	.00	.00	.00	.00
	232	1.34	.00	.00	.00	.00	.00	.00	.00	.00	.00
	233	.43	.00	.00	.00	.00	.00	.00	.00	.00	.00
	234	.43	.00	.00	.00	.00	.00	.00	.00	.00	.00
	235	.43	.00	.00	.00	.00	.00	.00	.00	.00	.00
	236	.43	.00	.00	.00	.00	.00	.00	.00	.00	.00
	237	.43	.00	.00	.00	.00	.00	.00	.00	.00	.00
	238	.42	.00	.00	.00	.00	.00	.00	.00	.00	.00
	239	.41	.00	.00	.00	.00	.00	.00	.00	.00	.00
	240	.40	.00	.00	.00	.00	.00	.00	.00	.00	.00
	241	.38	.00	.00	.00	.00	.00	.00	.00	.00	.00
	242	.72	.00	.00	.00	.00	.00	.00	.00	.00	.00
	243	.65	.00	.00	.00	.00	.00	.00	.00	.00	.00
	244	.59	.00	.00	.00	.00	.00	.00	.00	.00	.00
	245	.56	.00	.00	.00	.00	.00	.00	.00	.00	.00
	246	.55	.00	.00	.00	.00	.00	.00	.00	.00	.00
	247	.56	.00	.00	.00	.00	.00	.00	.00	.00	.00
	248	.59	.00	.00	.00	.00	.00	.00	.00	.00	.00
	249	.29	.00	.00	.00	.00	.00	.00	.00	.00	.00
	250	.18	.00	.00	.00	.00	.00	.00	.00	.00	.00
	251	.11	.00	.00	.00	.00	.00	.00	.00	.00	.00
	252	.08	.00	.00	.00	.00	.00	.00	.00	.00	.00
	253	.04	.00	.00	.00	.00	.00	.00	.00	.00	.00
	254	.01	.00	.00	.00	.00	.00	.00	.00	.00	.00
	255	.00	.00	.00	.00	.00	.00	.00	.00	.00	.00
	256	.00	.00	.00	.00	.00	.00	.00	.00	.00	.00
	257	.02	.00	.00	.00	.00	.00	.00	.00	.00	.00
	258	.05	.00	.00	.00	.00	.00	.00	.00	.00	.00
	259	.10	.00	.00	.00	.00	.00	.00	.00	.00	.00
	260	.15	.00	.00	.00	.00	.00	.00	.00	.00	.00
	261	.21	.00	.00	.00	.00	.00	.00	.00	.00	.00
	262	.28	.00	.00	.00	.00	.00	.00	.00	.00	.00
	263	.35	.00	.00	.00	.00	.00	.00	.00	.00	.00
	264	.41	.00	.00	.00	.00	.00	.00	.00	.00	.00
	265	.48	.00	.00	.00	.00	.00	.00	.00	.00	.00
	266	.85	.00	.00	.00	.00	.00	.00	.00	.00	.00
	267	.59	.00	.00	.00	.00	.00	.00	.00	.00	.00
