loc.	Chm 1	Chm 2	Chm 3	Chm 4	Chm 5	Chm 6	Chm 7	Chm 8	Chm 9	Chm 10
	0	2.92	4.84	.07	2.22	.63	.88	.77	9.08	4.22	1.67
	1	2.95	4.55	.07	2.17	.57	.84	.74	9.02	3.68	1.85
	2	2.96	4.25	.08	2.11	.50	.79	.72	8.96	3.17	2.03
	3	2.98	3.94	.08	2.06	.43	.74	.71	8.89	2.72	2.22
	4	2.99	3.63	.08	2.01	.36	.69	.70	8.82	.46	2.40
	5	3.00	3.33	.09	1.95	.29	.64	.70	8.74	.40	2.85
	6	3.00	3.04	.09	1.90	.22	.59	.70	8.67	.45	3.02
	7	2.99	2.75	.10	1.84	.16	.72	.59	8.59	.63	3.23
	8	6.05	2.48	.11	1.78	.10	.95	.74	8.50	.92	3.46
	9	6.19	2.23	.12	1.73	.06	1.24	.95	8.42	1.29	3.72
	10	6.32	1.99	.13	1.68	.03	1.57	1.21	8.32	1.69	4.00
	11	6.45	1.78	.15	1.63	.01	1.93	1.53	8.22	2.07	4.29
	12	6.58	1.59	.17	1.58	.00	2.30	1.91	8.12	5.80	4.59
	13	6.70	1.42	.18	1.54	.01	2.67	2.35	8.01	5.94	4.87
	14	6.81	1.28	.21	1.50	.02	3.02	2.83	7.90	6.08	5.14
	15	6.91	1.16	.23	1.47	.05	4.67	3.36	7.77	6.21	5.38
	16	7.01	1.06	.26	1.44	.25	4.52	3.91	7.65	6.33	5.58
	17	7.09	1.96	.29	1.43	.37	4.37	4.47	7.52	6.44	5.73
	18	7.16	1.93	.33	1.42	.50	4.20	5.03	7.38	6.55	5.85
	19	7.22	1.91	.36	1.42	.67	4.04	5.58	7.24	6.66	5.91
	20	7.26	1.88	.40	1.43	.86	3.87	6.10	7.08	6.77	7.81
	21	7.29	1.86	.44	1.45	1.08	3.69	6.48	6.93	6.90	8.09
	22	7.30	1.83	.48	1.48	1.33	3.52	6.36	6.77	7.03	8.30
	23	7.29	1.81	1.05	1.52	1.60	3.34	6.13	6.61	7.17	8.44
	24	7.26	1.79	1.18	1.58	1.89	3.16	5.76	6.44	7.33	8.48
	25	7.22	1.77	1.33	1.64	2.19	2.99	5.24	6.27	7.51	8.44
	26	7.15	1.76	1.50	1.70	2.51	2.82	4.56	6.10	7.69	8.29
	27	7.07	1.75	1.70	1.78	2.83	2.65	3.75	5.93	7.89	8.06
	28	6.97	1.74	1.90	1.86	3.16	2.49	2.90	5.75	8.09	7.74
	29	6.85	1.73	2.12	1.95	3.48	2.34	3.08	5.58	8.30	7.35
	30	6.72	1.73	2.34	2.03	3.43	2.20	3.04	5.41	8.51	6.91
	31	6.57	1.73	2.56	2.11	3.16	2.08	2.99	5.23	8.71	6.44
	32	6.41	1.74	2.78	2.20	2.79	1.98	2.90	5.05	8.91	5.95
	33	6.24	1.74	2.98	2.28	2.33	1.89	2.80	4.88	9.10	5.46
	34	6.07	1.76	3.16	2.36	3.65	1.82	2.67	4.70	9.28	4.99
	35	5.88	1.77	3.33	2.43	4.08	1.78	2.53	4.52	9.44	2.72
	36	5.70	1.78	3.48	2.50	4.53	1.75	2.37	4.33	9.59	2.92
	37	5.51	1.81	3.60	2.57	4.99	1.75	2.21	4.14	14.83	3.11
	38	5.32	1.83	3.70	2.63	5.44	1.77	2.03	3.96	15.73	3.27
	39	5.14	1.85	3.78	2.68	5.89	1.81	1.86	3.76	16.57	3.39
	40	4.96	1.87	3.84	2.74	6.30	1.87	1.70	3.56	17.34	3.47
	41	4.78	1.89	3.87	2.78	6.68	1.94	4.65	3.35	18.02	3.50
	42	2.21	1.92	10.11	2.82	7.01	2.04	4.99	3.14	18.62	3.49
	43	2.27	1.94	10.17	2.86	7.28	2.14	5.36	2.92	19.14	3.44
	44	2.31	1.96	10.18	2.89	7.48	2.26	5.73	9.99	19.57	3.35
	45	2.35	1.98	10.12	2.92	7.61	2.39	6.09	10.26	19.93	3.24
	46	2.39	2.00	10.01	2.94	7.67	3.20	6.46	10.52	20.20	2.64
	47	2.42	2.02	9.83	2.97	7.98	3.19	6.80	10.80	20.40	2.38
	48	2.44	2.03	9.59	2.98	8.18	3.25	7.11	11.09	20.52	2.09
	49	2.45	2.04	9.30	3.75	8.35	6.38	7.40	11.40	20.55	1.77
	50	2.45	2.05	8.96	3.89	8.48	6.33	7.65	11.73	27.25	1.44
	51	2.44	2.06	8.56	4.03	8.57	6.32	7.85	12.08	28.82	1.12
	52	2.41	2.06	8.13	4.15	8.61	6.34	8.02	12.46	29.68	.82
	53	2.38	2.07	7.67	4.25	8.59	6.40	8.14	12.86	30.06	.58
	54	2.33	2.07	5.57	4.33	8.52	6.50	8.22	13.29	30.03	.04
	55	2.28	2.07	5.38	4.39	8.38	6.62	8.25	13.73	29.63	.05
	56	2.21	2.29	4.86	4.42	8.19	6.76	8.24	14.17	28.83	.07
	57	2.14	2.48	4.52	4.43	7.94	6.91	8.20	14.62	27.58	.10
	58	2.05	2.67	4.96	4.40	7.63	7.07	8.12	15.07	28.81	.15
	59	1.97	2.87	5.36	4.35	7.29	7.23	8.02	15.51	28.24	.21
	60	1.88	3.07	5.70	4.27	6.91	14.75	7.89	15.93	27.60	.28
	61	1.79	3.26	5.97	4.15	6.51	15.12	7.76	16.33	26.92	.36
	62	1.70	3.45	6.18	4.02	6.11	15.45	6.03	16.71	26.18	.45
	63	1.61	3.61	6.31	3.86	5.72	15.75	6.77	17.06	25.39	.54
	64	1.53	3.75	6.38	3.68	3.16	16.02	7.48	17.38	24.56	.65
	65	1.44	3.88	6.39	3.49	3.00	16.26	8.13	17.68	23.67	.75
	66	1.37	3.97	6.23	3.28	2.83	16.47	8.70	17.93	22.74	.86
	67	1.30	4.04	6.27	3.07	2.66	16.64	9.16	18.16	21.75	.97
	68	1.23	4.08	6.29	2.87	2.49	16.79	9.53	18.35	20.72	2.67
	69	1.17	4.09	6.30	6.43	2.31	16.89	9.82	18.51	16.30	2.64
	70	1.11	4.07	6.30	6.68	2.13	16.96	10.03	18.63	16.67	2.60
	71	1.06	4.03	6.29	6.87	1.95	16.99	10.19	18.72	16.96	2.57
	72	1.01	3.97	6.26	7.02	1.77	16.99	10.33	18.77	17.18	2.53
	73	.96	3.89	6.21	7.13	1.59	16.95	9.30	18.80	17.31	2.50
	74	.13	3.79	1.72	7.21	1.41	16.87	9.03	13.39	17.37	2.47
	75	.17	3.68	1.70	7.26	1.24	16.76	8.59	13.42	17.33	2.44
	76	.28	3.56	1.68	7.28	1.07	16.62	8.00	13.38	17.21	2.41
	77	.48	3.43	1.67	7.33	.92	16.45	7.28	13.27	16.99	2.39
	78	.76	4.00	1.66	7.46	.77	16.25	6.46	13.10	16.68	2.36
	79	1.10	3.90	1.67	7.60	.64	16.03	5.58	12.84	16.27	2.32
	80	1.47	4.01	1.69	7.72	.53	15.79	4.70	12.54	15.78	2.29
	81	1.87	7.17	1.72	7.85	.43	15.53	2.04	12.17	15.20	2.25
	82	2.25	6.99	1.76	7.96	.36	15.26	2.09	11.77	14.55	2.21
	83	2.62	6.77	1.82	8.06	.30	14.99	2.13	11.33	13.86	2.16
	84	2.68	6.52	1.90	8.15	.27	10.33	2.14	10.87	9.14	2.10
	85	.46	6.22	1.98	8.22	.25	11.75	2.14	10.40	10.75	2.04
	86	.51	5.89	2.09	8.27	.25	12.72	2.11	9.94	10.99	1.97
	87	.56	5.53	2.21	8.30	.27	28.98	2.06	9.49	10.64	1.90
	88	.62	5.15	2.33	8.30	.30	29.78	1.99	9.07	10.24	1.83
	89	.69	4.75	2.46	8.28	.35	30.47	1.89	8.67	9.81	1.76
	90	.77	4.34	2.59	8.24	.40	31.04	1.77	8.29	9.35	1.68
	91	.86	2.99	2.73	8.17	.47	31.50	1.62	7.93	8.86	1.60
	92	.96	3.59	2.86	8.09	.54	31.82	1.46	7.59	8.34	1.52
	93	1.07	4.20	2.99	7.97	.62	32.03	1.30	7.25	7.81	1.44
	94	1.18	4.81	3.12	4.29	.70	32.11	1.13	6.92	7.27	1.37
	95	1.31	5.39	3.24	3.95	.79	32.06	.96	6.58	6.73	1.16
	96	1.43	5.93	3.35	3.57	.87	31.90	.79	7.31	6.20	1.38
	97	1.57	6.41	2.87	3.15	.96	31.63	.64	6.97	5.69	1.63
	98	1.71	6.82	2.70	2.72	2.52	31.24	.50	6.64	5.38	1.90
	99	1.85	7.18	2.53	2.31	2.41	30.75	.39	6.33	6.38	2.19
	100	2.00	7.58	2.35	.53	2.29	30.16	.32	6.03	7.37	2.49
	101	2.14	7.97	2.18	.55	2.18	29.49	.28	5.75	8.23	2.79
	102	2.29	8.36	1.99	.58	2.06	28.74	.28	5.48	6.99	3.09
	103	2.44	8.74	5.22	1.13	1.96	19.82	.32	5.23	7.21	3.38
	104	2.59	9.09	5.45	1.07	1.86	20.31	.39	5.00	7.40	3.65
	105	2.74	9.41	5.68	1.00	1.76	20.63	.49	4.78	7.54	3.89
	106	2.88	9.69	5.90	.93	1.68	20.78	.61	4.58	7.62	4.09
	107	3.03	9.93	6.13	.87	1.62	20.78	.74	7.69	7.63	4.27
	108	3.17	10.10	6.34	.79	1.57	20.66	.88	7.51	7.54	4.42
	109	3.32	10.22	6.55	.72	1.54	20.47	1.02	7.32	7.35	3.18
	110	3.47	6.43	6.75	.65	1.52	21.38	2.83	7.11	7.12	3.22
	111	3.63	5.76	6.95	.57	1.54	22.53	3.06	6.88	6.83	3.27
	112	3.79	5.11	7.13	.50	1.57	23.58	3.28	6.64	6.45	3.33
	113	3.95	4.50	7.30	.43	1.63	24.55	3.49	6.39	5.97	3.39
	114	4.12	3.91	7.46	.37	1.71	25.41	3.68	6.13	5.40	3.47
	115	4.30	3.35	7.62	.30	1.82	26.17	3.85	5.85	4.79	3.56
	116	4.48	2.81	7.76	.25	1.95	26.81	.00	5.56	2.51	3.66
	117	4.67	1.04	7.88	.19	.06	27.34	.00	5.27	2.54	3.76
	118	4.86	.97	8.01	.15	.02	27.72	.00	4.97	2.57	3.86
	119	5.06	.89	8.11	.11	.00	27.96	.00	4.68	2.59	3.95
	120	5.27	.81	8.21	.07	.01	28.03	.00	4.39	2.60	4.05
	121	5.47	.73	8.30	.05	.05	27.92	.00	4.12	2.59	4.13
	122	5.68	.64	8.38	.03	.12	27.58	.00	3.86	2.58	4.20
	123	5.89	.56	8.44	.01	.21	27.01	.00	3.62	2.54	4.26
	124	6.11	.47	8.50	.00	.33	26.18	.00	3.40	2.49	4.29
	125	6.32	.38	8.54	.00	.46	18.23	.00	3.21	2.43	4.31
	126	6.52	.30	8.57	.00	.61	18.10	.00	3.04	2.35	4.30
	127	6.73	.23	8.60	.01	.77	17.95	.00	.66	2.26	4.28
	128	9.54	.16	8.61	.85	.82	17.79	.00	.83	2.16	4.23
	129	9.81	.11	8.61	.60	.87	17.60	.00	1.02	2.06	4.16
	130	10.07	.07	8.60	.43	.92	17.40	.00	1.23	1.94	4.08
	131	10.31	.04	8.58	.37	1.51	17.18	.00	1.45	1.83	3.97
	132	10.53	.03	8.56	.40	1.65	16.94	.00	1.68	1.72	3.86
	133	10.70	.03	8.52	.79	1.81	16.68	.00	1.88	1.60	3.73
	134	11.23	.05	8.48	.87	2.01	16.40	.00	2.06	1.50	3.60
	135	11.97	.09	8.43	.94	2.23	16.11	.00	2.20	1.39	3.46
	136	12.52	.14	8.38	.99	2.46	15.80	.00	2.31	.00	3.32
	137	12.89	.20	8.32	3.10	2.70	15.47	.00	2.37	.00	3.19
	138	13.13	.28	8.25	3.19	2.94	15.12	.00	2.38	.00	3.06
	139	13.22	.36	6.12	3.22	3.18	14.75	.00	2.36	.00	.00
	140	13.19	.44	6.69	3.19	3.40	14.37	.00	2.84	.00	.00
	141	13.02	3.20	6.71	3.08	3.60	13.97	.00	2.79	.00	.00
	142	17.76	3.20	6.71	2.91	3.79	13.55	.00	2.76	.00	.00
	143	17.38	3.22	6.71	2.70	3.95	13.11	.00	2.75	.00	.00
	144	16.86	3.24	6.71	2.45	4.09	12.65	.00	2.76	.00	.00
	145	16.19	3.26	6.70	2.21	4.20	12.18	.00	2.81	.00	.00
	146	15.38	3.29	6.68	2.38	4.28	11.68	.00	2.89	.00	.00
	147	14.44	3.25	6.65	2.62	4.35	11.16	.00	3.00	.00	.00
	148	13.41	3.17	6.61	2.87	8.95	10.63	.00	3.14	.00	.00
	149	12.34	3.07	6.57	3.12	8.81	10.08	.00	3.31	.00	.00
	150	13.16	2.93	6.51	3.38	8.66	9.52	.00	2.32	.00	.00
	151	13.31	3.35	6.45	3.66	8.50	8.96	.00	2.25	.00	.00
	152	13.45	3.29	6.38	3.93	8.33	8.39	.00	2.16	.00	.00
	153	13.57	3.19	6.30	4.20	8.15	7.83	.00	2.05	.00	.00
	154	13.68	3.05	6.22	4.46	7.96	7.28	.00	1.91	.00	.00
	155	13.76	2.87	6.13	4.72	7.76	6.74	.00	1.75	.00	.00
	156	13.82	2.69	6.02	4.98	7.56	6.23	.00	1.57	.00	.00
	157	13.86	1.50	5.92	5.22	7.36	5.74	.00	1.39	.00	.00
	158	13.86	1.55	5.80	5.44	7.14	5.28	.00	1.21	.00	.00
	159	13.82	1.60	5.68	5.66	6.93	.00	.00	1.03	.00	.00
	160	13.75	1.65	5.56	5.85	6.71	.00	.00	.86	.00	.00
	161	13.64	1.70	5.43	6.03	6.49	.00	.00	.70	.00	.00
	162	13.49	1.75	5.30	6.19	6.26	.00	.00	.57	.00	.00
	163	13.30	1.79	5.17	6.34	6.04	.00	.00	.45	.00	.00
	164	13.05	1.81	5.04	6.46	5.82	.00	.00	.36	.00	.00
	165	12.77	1.83	4.91	6.56	5.60	.00	.00	.25	.00	.00
	166	12.43	1.83	4.78	6.65	5.38	.00	.00	.33	.00	.00
	167	12.05	1.82	4.65	6.72	5.16	.00	.00	.44	.00	.00
	168	11.63	1.79	4.52	.00	4.95	.00	.00	.57	.00	.00
	169	11.17	1.75	4.40	.00	4.74	.00	.00	.71	.00	.00
	170	10.67	1.69	4.27	.00	4.54	.00	.00	.86	.00	.00
	171	10.14	1.61	4.16	.00	4.34	.00	.00	1.01	.00	.00
	172	9.60	1.52	4.04	.00	4.14	.00	.00	1.17	.00	.00
	173	9.04	1.42	3.93	.00	3.95	.00	.00	1.31	.00	.00
	174	8.47	1.31	3.81	.00	3.77	.00	.00	1.44	.00	.00
	175	1.73	1.20	3.70	.00	3.59	.00	.00	1.56	.00	.00
	176	1.74	1.09	3.59	.00	3.42	.00	.00	1.67	.00	.00
	177	1.73	.99	3.49	.00	3.25	.00	.00	1.89	.00	.00
	178	1.73	.88	3.38	.00	3.09	.00	.00	1.71	.00	.00
	179	1.73	.78	3.29	.00	2.94	.00	.00	1.52	.00	.00
	180	1.73	.69	3.19	.00	.00	.00	.00	1.34	.00	.00
	181	1.72	.60	3.09	.00	.00	.00	.00	1.18	.00	.00
	182	1.71	.53	3.00	.00	.00	.00	.00	1.05	.00	.00
	183	1.69	.34	2.91	.00	.00	.00	.00	.97	.00	.00
	184	1.68	.42	2.82	.00	.00	.00	.00	.93	.00	.00
	185	1.66	.51	2.74	.00	.00	.00	.00	.95	.00	.00
	186	1.63	.62	2.66	.00	.00	.00	.00	1.01	.00	.00
	187	1.61	.73	2.58	.00	.00	.00	.00	1.10	.00	.00
	188	1.58	.85	2.51	.00	.00	.00	.00	.00	.00	.00
	189	1.55	.97	2.18	.00	.00	.00	.00	.00	.00	.00
	190	1.52	1.09	1.69	.00	.00	.00	.00	.00	.00	.00
	191	1.50	1.21	1.26	.00	.00	.00	.00	.00	.00	.00
	192	1.47	1.33	.94	.00	.00	.00	.00	.00	.00	.00
	193	1.44	1.44	.81	.00	.00	.00	.00	.00	.00	.00
	194	1.42	1.55	.88	.00	.00	.00	.00	.00	.00	.00
	195	1.39	1.67	.95	.00	.00	.00	.00	.00	.00	.00
	196	.74	.00	1.03	.00	.00	.00	.00	.00	.00	.00
	197	.75	.00	1.10	.00	.00	.00	.00	.00	.00	.00
	198	.79	.00	1.18	.00	.00	.00	.00	.00	.00	.00
	199	.85	.00	1.25	.00	.00	.00	.00	.00	.00	.00
	200	.92	.00	1.32	.00	.00	.00	.00	.00	.00	.00
	201	1.01	.00	1.39	.00	.00	.00	.00	.00	.00	.00
	202	1.10	.00	1.46	.00	.00	.00	.00	.00	.00	.00
	203	1.18	.00	1.51	.00	.00	.00	.00	.00	.00	.00
	204	1.25	.00	1.56	.00	.00	.00	.00	.00	.00	.00
	205	1.31	.00	1.60	.00	.00	.00	.00	.00	.00	.00
	206	1.04	.00	1.63	.00	.00	.00	.00	.00	.00	.00
	207	1.19	.00	1.65	.00	.00	.00	.00	.00	.00	.00
	208	1.21	.00	1.66	.00	.00	.00	.00	.00	.00	.00
	209	1.28	.00	1.67	.00	.00	.00	.00	.00	.00	.00
	210	1.39	.00	1.66	.00	.00	.00	.00	.00	.00	.00
	211	1.55	.00	1.65	.00	.00	.00	.00	.00	.00	.00
	212	1.75	.00	1.63	.00	.00	.00	.00	.00	.00	.00
	213	1.98	.00	1.60	.00	.00	.00	.00	.00	.00	.00
	214	2.22	.00	1.56	.00	.00	.00	.00	.00	.00	.00
	215	2.46	.00	1.53	.00	.00	.00	.00	.00	.00	.00
	216	3.60	.00	1.48	.00	.00	.00	.00	.00	.00	.00
	217	3.33	.00	1.43	.00	.00	.00	.00	.00	.00	.00
	218	3.10	.00	.00	.00	.00	.00	.00	.00	.00	.00
	219	2.93	.00	.00	.00	.00	.00	.00	.00	.00	.00
	220	2.84	.00	.00	.00	.00	.00	.00	.00	.00	.00
	221	2.84	.00	.00	.00	.00	.00	.00	.00	.00	.00
	222	2.94	.00	.00	.00	.00	.00	.00	.00	.00	.00
	223	3.13	.00	.00	.00	.00	.00	.00	.00	.00	.00
	224	3.40	.00	.00	.00	.00	.00	.00	.00	.00	.00
	225	3.71	.00	.00	.00	.00	.00	.00	.00	.00	.00
	226	4.05	.00	.00	.00	.00	.00	.00	.00	.00	.00
	227	4.39	.00	.00	.00	.00	.00	.00	.00	.00	.00
	228	6.11	.00	.00	.00	.00	.00	.00	.00	.00	.00
	229	6.68	.00	.00	.00	.00	.00	.00	.00	.00	.00
	230	7.16	.00	.00	.00	.00	.00	.00	.00	.00	.00
	231	7.54	.00	.00	.00	.00	.00	.00	.00	.00	.00
	232	7.81	.00	.00	.00	.00	.00	.00	.00	.00	.00
	233	8.76	.00	.00	.00	.00	.00	.00	.00	.00	.00
	234	9.18	.00	.00	.00	.00	.00	.00	.00	.00	.00
	235	9.51	.00	.00	.00	.00	.00	.00	.00	.00	.00
	236	9.75	.00	.00	.00	.00	.00	.00	.00	.00	.00
	237	9.87	.00	.00	.00	.00	.00	.00	.00	.00	.00
	238	9.88	.00	.00	.00	.00	.00	.00	.00	.00	.00
	239	9.77	.00	.00	.00	.00	.00	.00	.00	.00	.00
	240	9.55	.00	.00	.00	.00	.00	.00	.00	.00	.00
	241	9.23	.00	.00	.00	.00	.00	.00	.00	.00	.00
	242	7.63	.00	.00	.00	.00	.00	.00	.00	.00	.00
	243	7.54	.00	.00	.00	.00	.00	.00	.00	.00	.00
	244	7.39	.00	.00	.00	.00	.00	.00	.00	.00	.00
	245	7.19	.00	.00	.00	.00	.00	.00	.00	.00	.00
	246	6.94	.00	.00	.00	.00	.00	.00	.00	.00	.00
	247	6.67	.00	.00	.00	.00	.00	.00	.00	.00	.00
	248	6.38	.00	.00	.00	.00	.00	.00	.00	.00	.00
	249	5.22	.00	.00	.00	.00	.00	.00	.00	.00	.00
	250	4.70	.00	.00	.00	.00	.00	.00	.00	.00	.00
	251	4.11	.00	.00	.00	.00	.00	.00	.00	.00	.00
	252	3.49	.00	.00	.00	.00	.00	.00	.00	.00	.00
	253	3.18	.00	.00	.00	.00	.00	.00	.00	.00	.00
	254	2.90	.00	.00	.00	.00	.00	.00	.00	.00	.00
	255	2.64	.00	.00	.00	.00	.00	.00	.00	.00	.00
	256	2.38	.00	.00	.00	.00	.00	.00	.00	.00	.00
	257	2.13	.00	.00	.00	.00	.00	.00	.00	.00	.00
	258	1.89	.00	.00	.00	.00	.00	.00	.00	.00	.00
	259	1.67	.00	.00	.00	.00	.00	.00	.00	.00	.00
	260	1.46	.00	.00	.00	.00	.00	.00	.00	.00	.00
	261	1.27	.00	.00	.00	.00	.00	.00	.00	.00	.00
	262	1.10	.00	.00	.00	.00	.00	.00	.00	.00	.00
	263	.95	.00	.00	.00	.00	.00	.00	.00	.00	.00
	264	.82	.00	.00	.00	.00	.00	.00	.00	.00	.00
	265	.72	.00	.00	.00	.00	.00	.00	.00	.00	.00
	266	.39	.00	.00	.00	.00	.00	.00	.00	.00	.00
	267	.55	.00	.00	.00	.00	.00	.00	.00	.00	.00
