loc.	Chm 1	Chm 2	Chm 3	Chm 4	Chm 5	Chm 6	Chm 7	Chm 8	Chm 9	Chm 10
	0	1.39	.48	.42	.96	5.53	1.14	.89	23.43	2.01	3.57
	1	1.57	.38	.38	.92	6.19	1.21	.69	23.46	1.81	3.84
	2	1.79	.29	.37	.88	6.94	1.32	.52	23.50	1.62	3.97
	3	2.05	.21	.38	.83	7.77	1.47	.40	23.52	1.45	3.97
	4	2.32	.14	.42	.79	8.63	1.63	.33	23.53	1.93	3.85
	5	2.60	.09	.48	.74	9.49	1.81	.31	23.54	2.26	5.28
	6	2.87	.05	.57	.69	10.33	1.98	.35	23.54	2.59	5.12
	7	3.11	.02	.68	.64	11.12	2.12	1.03	23.54	2.92	4.97
	8	3.70	.01	.81	.59	11.87	2.23	1.12	23.52	3.21	4.84
	9	3.78	.02	.97	.54	12.56	2.33	1.21	23.49	3.45	4.74
	10	3.85	.05	1.14	.50	13.18	2.42	1.31	23.44	3.63	4.67
	11	3.92	.09	1.33	.45	13.73	2.49	1.41	23.39	3.76	4.62
	12	3.97	.14	1.52	.40	14.21	2.55	1.50	23.32	5.14	4.60
	13	4.01	.21	1.72	.36	14.63	2.59	1.58	23.23	5.11	4.58
	14	4.03	.28	1.91	.33	14.98	2.61	1.65	23.13	5.07	4.57
	15	4.04	.36	2.08	.29	15.26	6.48	1.69	23.02	5.01	4.55
	16	4.03	.45	2.24	.26	10.96	6.43	1.72	22.88	4.94	4.51
	17	4.01	.31	2.39	.24	10.34	6.38	1.72	22.73	4.85	4.43
	18	3.97	.33	2.51	.23	9.67	6.31	1.69	22.56	4.76	4.31
	19	3.92	.34	2.60	.23	8.93	6.24	1.66	22.37	4.65	4.14
	20	3.85	.36	2.68	.24	8.13	6.15	1.61	22.16	4.53	5.69
	21	3.76	.38	2.74	.25	7.30	6.05	1.58	21.92	4.41	5.89
	22	3.67	.40	2.77	.28	6.43	5.93	1.66	21.67	4.28	6.09
	23	3.56	.44	1.38	.32	5.54	5.81	1.76	21.40	4.15	6.29
	24	3.45	.47	1.34	.37	4.67	5.67	1.88	21.11	4.01	6.50
	25	3.34	.51	1.28	.43	3.83	5.52	2.00	20.80	3.88	6.71
	26	3.22	.56	1.21	.50	3.05	5.35	2.12	20.47	3.76	6.93
	27	3.10	.62	1.12	.58	2.36	5.18	2.23	20.12	3.63	7.15
	28	2.99	.68	1.01	.67	1.77	4.99	2.35	19.76	3.52	7.37
	29	2.88	.76	.90	.76	1.30	4.80	2.39	19.38	3.41	7.60
	30	2.78	.84	.78	.86	1.77	4.60	2.41	18.98	3.31	7.83
	31	2.69	.93	.65	.96	1.76	4.39	2.42	18.57	3.23	8.05
	32	2.61	1.03	.52	1.07	1.72	4.17	2.42	18.15	3.15	8.27
	33	2.55	1.14	.40	1.18	1.66	3.96	2.41	17.72	3.09	8.47
	34	2.49	1.26	.29	1.28	.78	3.75	2.39	17.28	3.05	8.64
	35	2.44	1.39	.19	1.39	.77	3.55	2.35	16.83	3.02	5.71
	36	2.40	1.52	.11	1.50	.79	3.35	2.30	16.37	3.00	5.73
	37	2.37	1.66	.05	1.61	.82	3.17	2.23	15.91	1.81	5.71
	38	2.35	1.81	.01	1.71	.88	3.01	2.15	15.43	1.70	5.66
	39	2.33	1.97	.00	1.81	.96	2.86	2.06	14.95	1.59	5.58
	40	2.32	2.12	.02	1.90	1.07	2.74	1.95	14.46	1.48	5.48
	41	2.32	2.28	.07	2.00	1.19	2.64	.93	13.95	1.36	5.37
	42	2.77	2.44	.44	2.09	1.34	2.57	.93	13.44	1.24	5.27
	43	2.78	2.61	.67	2.17	1.50	2.52	.94	12.93	1.12	5.17
	44	2.79	2.77	.95	2.26	1.68	2.49	.97	3.19	1.01	5.09
	45	2.79	2.93	1.29	2.33	1.87	2.48	1.02	3.13	.91	5.03
	46	2.80	3.09	1.68	2.41	2.07	1.16	1.08	3.07	.82	4.25
	47	2.79	3.25	2.10	2.48	5.47	.97	1.15	3.03	.74	4.55
	48	2.79	3.40	2.52	2.54	5.51	.79	1.22	3.00	.68	4.79
	49	2.78	3.55	2.94	6.31	5.55	2.74	1.31	2.99	.62	4.93
	50	2.77	3.70	3.33	6.95	5.59	2.73	1.39	2.99	.57	4.94
	51	2.76	3.84	3.69	7.61	5.64	2.77	1.48	3.02	.56	4.83
	52	2.74	3.97	4.00	8.30	5.70	2.86	1.56	3.06	.54	4.59
	53	2.72	4.10	4.26	9.01	5.76	3.00	1.63	3.13	.53	4.26
	54	2.70	4.22	6.01	9.74	5.82	3.18	1.70	3.23	.52	6.63
	55	2.67	4.33	6.08	10.49	5.88	3.41	1.77	3.34	.50	6.57
	56	2.63	3.61	6.25	11.26	5.94	3.66	1.83	3.47	.48	6.46
	57	2.58	3.66	6.04	12.04	6.00	3.92	1.88	3.62	.46	6.31
	58	2.53	3.71	5.53	12.85	6.04	4.21	1.93	3.78	1.10	6.14
	59	2.48	3.77	5.02	13.67	6.07	4.50	1.98	3.95	1.11	5.93
	60	2.41	3.82	4.52	14.50	6.07	16.51	2.02	4.14	1.11	5.69
	61	2.34	3.88	4.03	15.34	6.05	17.28	2.06	4.32	1.11	5.44
	62	2.26	3.94	3.57	16.19	6.02	18.01	3.15	4.51	1.10	5.16
	63	2.17	3.99	3.13	17.03	5.97	18.69	3.46	4.70	1.09	4.88
	64	2.08	4.05	2.71	17.87	8.63	19.33	3.77	4.88	1.09	4.58
	65	1.98	4.10	2.34	18.70	8.58	19.92	4.08	5.06	1.07	4.28
	66	1.88	4.15	1.72	19.51	8.53	20.45	4.38	5.23	1.06	3.97
	67	1.78	4.20	1.66	20.32	8.46	20.93	4.67	5.39	1.04	3.67
	68	1.68	4.25	1.60	21.10	8.39	21.35	4.95	5.55	1.01	.70
	69	1.58	4.31	1.55	38.58	8.30	21.71	5.21	5.69	2.84	.77
	70	1.48	4.37	1.50	40.06	8.21	22.01	5.46	5.82	3.11	.83
	71	1.38	4.43	1.45	41.41	8.10	22.25	5.69	5.94	3.42	.91
	72	1.29	4.50	1.41	42.63	7.98	22.43	5.89	6.06	3.78	.98
	73	1.20	4.57	1.38	43.71	7.85	22.54	7.03	6.15	4.19	1.06
	74	.66	4.65	.59	44.68	7.70	22.59	7.31	5.83	4.62	1.13
	75	.44	4.74	.58	45.53	7.53	22.58	7.49	5.94	5.08	1.21
	76	.27	4.83	.56	46.28	7.36	22.51	7.56	6.05	5.55	1.28
	77	.16	4.92	.54	46.82	7.16	22.37	7.51	6.14	6.02	1.36
	78	.11	5.28	.52	46.96	6.95	22.18	7.36	6.19	6.47	1.43
	79	.11	5.82	.49	46.89	6.73	21.93	7.12	6.21	6.89	1.50
	80	.14	6.56	.46	46.64	6.49	21.62	6.84	6.18	7.29	1.56
	81	.20	6.98	.43	46.22	6.23	21.26	3.86	6.12	7.64	1.62
	82	.26	6.83	.40	45.66	5.96	20.86	4.02	6.01	7.94	1.68
	83	.33	6.62	.37	44.97	5.69	20.42	4.14	5.86	8.20	1.74
	84	.25	6.37	.33	44.14	5.40	16.82	4.23	5.68	12.93	1.79
	85	.93	6.08	.30	43.20	5.10	18.59	4.28	5.47	15.33	1.83
	86	.95	5.75	.27	42.13	4.80	19.54	4.28	5.24	16.56	1.87
	87	.98	5.38	.23	40.95	4.50	38.74	4.24	4.99	17.48	1.91
	88	1.00	4.99	.20	39.66	4.20	41.59	4.16	4.73	18.28	1.94
	89	1.03	4.57	.18	38.28	3.90	44.16	4.04	4.46	18.96	1.97
	90	1.06	4.15	.15	36.79	3.61	46.42	3.89	4.18	19.48	1.99
	91	1.10	5.35	.12	35.23	3.32	48.39	3.65	3.91	19.84	2.01
	92	1.13	6.11	.10	33.59	3.04	50.07	3.39	3.65	20.04	2.02
	93	1.18	6.85	.08	31.91	2.78	51.47	3.11	3.39	20.08	2.03
	94	1.22	7.55	.06	20.82	2.52	52.62	2.82	3.14	19.95	2.04
	95	1.27	8.15	.05	19.66	2.27	53.53	2.53	2.90	19.66	3.02
	96	1.32	8.66	.03	18.37	2.04	54.21	2.23	2.13	19.22	2.87
	97	1.38	9.05	.22	16.91	1.82	54.67	1.94	1.93	18.66	2.73
	98	1.44	9.33	.28	15.25	.31	54.93	1.64	1.74	17.95	2.59
	99	1.50	9.38	.35	13.32	.34	55.00	1.36	1.56	17.97	2.44
	100	1.57	9.12	.43	.94	.38	54.90	1.10	1.39	17.86	2.30
	101	1.65	8.80	.50	.86	.44	54.64	.86	1.24	17.63	2.15
	102	1.73	8.43	.59	.80	.50	54.23	.65	1.11	17.64	2.00
	103	1.82	7.99	1.60	.28	.58	42.34	.47	.99	17.19	1.85
	104	1.91	7.49	1.85	.24	.67	43.10	.34	.89	16.67	1.69
	105	2.01	6.94	2.13	.20	.77	43.21	.24	.82	16.08	1.52
	106	2.11	6.33	2.44	.17	.89	42.76	.18	.76	15.42	1.35
	107	2.21	5.68	2.77	.14	1.02	41.83	.15	1.23	14.66	1.18
	108	2.32	5.00	3.12	.11	1.17	40.56	.15	1.14	13.81	1.01
	109	2.44	4.31	3.51	.09	1.33	39.20	.17	1.05	12.86	.62
	110	2.55	4.18	3.91	.08	1.51	39.97	1.36	.96	12.84	.66
	111	2.67	3.44	4.34	.07	1.69	41.13	1.67	.87	13.01	.70
	112	2.78	2.71	4.79	.07	1.89	42.15	1.98	.77	12.95	.73
	113	2.90	2.04	5.25	.08	2.08	43.01	2.30	.69	12.63	.77
	114	3.02	1.45	5.73	.10	2.28	43.72	2.60	.60	12.02	.81
	115	3.13	.97	6.21	.12	2.48	44.27	2.90	.52	11.15	.85
	116	3.24	.60	6.71	.15	2.68	44.63	.00	.45	5.76	.90
	117	3.35	1.16	7.21	.20	.70	44.81	.00	.38	5.52	.94
	118	3.46	1.23	7.71	.25	.75	44.79	.00	.32	5.25	.99
	119	3.55	1.31	8.21	.31	.80	44.53	.00	.27	4.96	1.04
	120	3.65	1.40	8.70	.38	.84	44.04	.00	.22	4.65	1.09
	121	3.74	1.50	9.19	.46	.88	43.26	.00	.18	4.33	1.15
	122	3.82	1.61	9.67	.55	.91	42.17	.00	.15	3.99	1.22
	123	3.90	1.73	10.14	.64	.94	40.72	.00	.12	3.65	1.29
	124	3.97	1.86	10.59	.73	.96	38.88	.00	.10	3.31	1.36
	125	4.04	2.00	11.03	.83	.98	16.96	.00	.08	2.97	1.44
	126	4.10	2.14	11.46	.93	.99	16.35	.00	.07	2.64	1.53
	127	4.15	2.30	11.87	1.02	.98	15.72	.00	.00	2.32	1.62
	128	3.06	2.46	12.27	4.68	.87	15.07	.00	.00	2.03	1.72
	129	3.09	2.62	12.65	4.65	.75	14.42	.00	.01	1.76	1.83
	130	3.09	2.79	13.00	4.52	.64	13.75	.00	.04	1.52	1.94
	131	3.06	2.95	13.35	4.30	.10	13.07	.00	.09	1.31	2.06
	132	3.00	3.11	13.67	4.00	.07	12.39	.00	.14	1.13	2.18
	133	2.91	3.26	13.98	4.00	.08	11.71	.00	.21	.97	2.31
	134	3.15	3.41	14.28	4.42	.13	11.03	.00	.28	.84	2.44
	135	3.76	3.55	14.55	4.82	.23	10.36	.00	.36	.73	2.57
	136	4.35	3.67	14.81	5.15	.38	9.69	.00	.44	.00	2.70
	137	4.90	3.79	15.05	1.88	.57	9.02	.00	.52	.00	2.84
	138	5.40	3.89	15.28	1.83	.79	8.37	.00	.59	.00	2.98
	139	5.82	3.98	13.63	1.77	1.05	7.72	.00	.66	.00	.00
	140	6.18	4.05	17.71	1.69	1.34	7.10	.00	.37	.00	.00
	141	6.24	2.27	17.70	1.61	1.64	6.48	.00	.40	.00	.00
	142	5.22	2.40	17.67	1.52	1.95	5.88	.00	.43	.00	.00
	143	5.40	2.50	17.62	1.43	2.27	5.29	.00	.46	.00	.00
	144	5.49	2.57	17.55	1.33	2.58	4.73	.00	.48	.00	.00
	145	5.46	2.62	17.45	1.24	2.88	4.19	.00	.51	.00	.00
	146	5.32	2.65	17.34	1.07	3.17	3.67	.00	.53	.00	.00
	147	5.07	2.71	17.19	.92	3.45	3.19	.00	.55	.00	.00
	148	4.74	2.75	17.03	.77	5.12	2.73	.00	.57	.00	.00
	149	4.34	2.75	16.83	.65	4.92	2.30	.00	.58	.00	.00
	150	4.47	2.75	16.62	.55	4.71	1.92	.00	.18	.00	.00
	151	4.57	5.10	16.37	.47	4.50	1.57	.00	.16	.00	.00
	152	4.66	5.45	16.11	.42	4.28	1.27	.00	.14	.00	.00
	153	4.75	5.78	15.81	.39	4.07	1.01	.00	.12	.00	.00
	154	4.82	6.08	15.50	.38	3.85	.78	.00	.10	.00	.00
	155	4.88	6.34	15.16	.41	3.63	.60	.00	.09	.00	.00
	156	4.92	6.55	14.80	.45	3.42	.46	.00	.08	.00	.00
	157	4.95	6.74	14.42	.52	3.21	.35	.00	.08	.00	.00
	158	4.95	7.02	14.02	.61	3.00	.28	.00	.07	.00	.00
	159	4.92	7.31	13.60	.71	2.80	.00	.00	.07	.00	.00
	160	4.88	7.58	13.16	.83	2.61	.00	.00	.07	.00	.00
	161	4.81	7.83	12.71	.96	2.42	.00	.00	.08	.00	.00
	162	4.71	8.05	12.25	1.11	2.23	.00	.00	.08	.00	.00
	163	4.60	8.23	11.78	1.26	2.06	.00	.00	.09	.00	.00
	164	4.46	8.37	11.29	1.42	1.89	.00	.00	.09	.00	.00
	165	4.31	8.47	10.80	1.58	1.73	.00	.00	.13	.00	.00
	166	4.15	8.50	10.31	1.75	1.58	.00	.00	.03	.00	.00
	167	3.98	8.48	9.81	1.92	1.43	.00	.00	.00	.00	.00
	168	3.80	8.40	9.32	.00	1.29	.00	.00	.04	.00	.00
	169	3.62	8.27	8.83	.00	1.16	.00	.00	.15	.00	.00
	170	3.44	8.09	8.34	.00	1.04	.00	.00	.33	.00	.00
	171	3.27	7.86	7.86	.00	.93	.00	.00	.57	.00	.00
	172	3.10	7.59	7.40	.00	.82	.00	.00	.87	.00	.00
	173	2.94	7.30	6.94	.00	.73	.00	.00	1.22	.00	.00
	174	2.78	6.99	6.50	.00	.64	.00	.00	1.61	.00	.00
	175	2.50	6.66	6.08	.00	.56	.00	.00	2.03	.00	.00
	176	2.43	6.33	5.67	.00	.49	.00	.00	2.46	.00	.00
	177	2.35	6.01	5.29	.00	.43	.00	.00	3.86	.00	.00
	178	2.26	5.70	4.92	.00	.38	.00	.00	3.56	.00	.00
	179	2.16	5.40	4.57	.00	.33	.00	.00	3.26	.00	.00
	180	2.05	5.12	4.25	.00	.00	.00	.00	2.96	.00	.00
	181	1.94	4.86	3.94	.00	.00	.00	.00	2.68	.00	.00
	182	1.81	4.62	3.65	.00	.00	.00	.00	2.42	.00	.00
	183	1.68	3.01	3.38	.00	.00	.00	.00	2.17	.00	.00
	184	1.55	2.91	3.13	.00	.00	.00	.00	1.96	.00	.00
	185	1.42	2.75	2.90	.00	.00	.00	.00	1.76	.00	.00
	186	1.28	2.54	2.68	.00	.00	.00	.00	1.60	.00	.00
	187	1.15	2.29	2.48	.00	.00	.00	.00	1.46	.00	.00
	188	1.02	2.01	2.29	.00	.00	.00	.00	.00	.00	.00
	189	.90	1.72	.05	.00	.00	.00	.00	.00	.00	.00
	190	.78	1.42	.10	.00	.00	.00	.00	.00	.00	.00
	191	.68	1.14	.19	.00	.00	.00	.00	.00	.00	.00
	192	.59	.90	.31	.00	.00	.00	.00	.00	.00	.00
	193	.51	.69	.40	.00	.00	.00	.00	.00	.00	.00
	194	.43	.52	.37	.00	.00	.00	.00	.00	.00	.00
	195	.37	.39	.33	.00	.00	.00	.00	.00	.00	.00
	196	.59	.00	.30	.00	.00	.00	.00	.00	.00	.00
	197	.71	.00	.28	.00	.00	.00	.00	.00	.00	.00
	198	.84	.00	.25	.00	.00	.00	.00	.00	.00	.00
	199	.99	.00	.24	.00	.00	.00	.00	.00	.00	.00
	200	1.16	.00	.22	.00	.00	.00	.00	.00	.00	.00
	201	1.34	.00	.22	.00	.00	.00	.00	.00	.00	.00
	202	1.53	.00	.22	.00	.00	.00	.00	.00	.00	.00
	203	1.72	.00	.23	.00	.00	.00	.00	.00	.00	.00
	204	1.89	.00	.24	.00	.00	.00	.00	.00	.00	.00
	205	2.04	.00	.27	.00	.00	.00	.00	.00	.00	.00
	206	1.24	.00	.29	.00	.00	.00	.00	.00	.00	.00
	207	1.42	.00	.33	.00	.00	.00	.00	.00	.00	.00
	208	1.28	.00	.37	.00	.00	.00	.00	.00	.00	.00
	209	1.13	.00	.41	.00	.00	.00	.00	.00	.00	.00
	210	.98	.00	.46	.00	.00	.00	.00	.00	.00	.00
	211	.83	.00	.51	.00	.00	.00	.00	.00	.00	.00
	212	.69	.00	.56	.00	.00	.00	.00	.00	.00	.00
	213	.57	.00	.62	.00	.00	.00	.00	.00	.00	.00
	214	.45	.00	.67	.00	.00	.00	.00	.00	.00	.00
	215	.34	.00	.73	.00	.00	.00	.00	.00	.00	.00
	216	1.19	.00	.78	.00	.00	.00	.00	.00	.00	.00
	217	1.43	.00	.84	.00	.00	.00	.00	.00	.00	.00
	218	1.69	.00	.00	.00	.00	.00	.00	.00	.00	.00
	219	1.97	.00	.00	.00	.00	.00	.00	.00	.00	.00
	220	2.26	.00	.00	.00	.00	.00	.00	.00	.00	.00
	221	2.55	.00	.00	.00	.00	.00	.00	.00	.00	.00
	222	2.83	.00	.00	.00	.00	.00	.00	.00	.00	.00
	223	3.10	.00	.00	.00	.00	.00	.00	.00	.00	.00
	224	3.34	.00	.00	.00	.00	.00	.00	.00	.00	.00
	225	3.55	.00	.00	.00	.00	.00	.00	.00	.00	.00
	226	3.72	.00	.00	.00	.00	.00	.00	.00	.00	.00
	227	3.86	.00	.00	.00	.00	.00	.00	.00	.00	.00
	228	3.41	.00	.00	.00	.00	.00	.00	.00	.00	.00
	229	3.52	.00	.00	.00	.00	.00	.00	.00	.00	.00
	230	3.58	.00	.00	.00	.00	.00	.00	.00	.00	.00
	231	3.58	.00	.00	.00	.00	.00	.00	.00	.00	.00
	232	3.53	.00	.00	.00	.00	.00	.00	.00	.00	.00
	233	1.79	.00	.00	.00	.00	.00	.00	.00	.00	.00
	234	1.85	.00	.00	.00	.00	.00	.00	.00	.00	.00
	235	1.90	.00	.00	.00	.00	.00	.00	.00	.00	.00
	236	1.94	.00	.00	.00	.00	.00	.00	.00	.00	.00
	237	1.97	.00	.00	.00	.00	.00	.00	.00	.00	.00
	238	1.99	.00	.00	.00	.00	.00	.00	.00	.00	.00
	239	2.00	.00	.00	.00	.00	.00	.00	.00	.00	.00
	240	2.00	.00	.00	.00	.00	.00	.00	.00	.00	.00
	241	2.00	.00	.00	.00	.00	.00	.00	.00	.00	.00
	242	1.59	.00	.00	.00	.00	.00	.00	.00	.00	.00
	243	1.55	.00	.00	.00	.00	.00	.00	.00	.00	.00
	244	1.49	.00	.00	.00	.00	.00	.00	.00	.00	.00
	245	1.42	.00	.00	.00	.00	.00	.00	.00	.00	.00
	246	1.34	.00	.00	.00	.00	.00	.00	.00	.00	.00
	247	1.25	.00	.00	.00	.00	.00	.00	.00	.00	.00
	248	1.16	.00	.00	.00	.00	.00	.00	.00	.00	.00
	249	1.40	.00	.00	.00	.00	.00	.00	.00	.00	.00
	250	1.30	.00	.00	.00	.00	.00	.00	.00	.00	.00
	251	1.19	.00	.00	.00	.00	.00	.00	.00	.00	.00
	252	1.07	.00	.00	.00	.00	.00	.00	.00	.00	.00
	253	.96	.00	.00	.00	.00	.00	.00	.00	.00	.00
	254	.88	.00	.00	.00	.00	.00	.00	.00	.00	.00
	255	.81	.00	.00	.00	.00	.00	.00	.00	.00	.00
	256	.77	.00	.00	.00	.00	.00	.00	.00	.00	.00
	257	.75	.00	.00	.00	.00	.00	.00	.00	.00	.00
	258	.75	.00	.00	.00	.00	.00	.00	.00	.00	.00
	259	.76	.00	.00	.00	.00	.00	.00	.00	.00	.00
	260	.78	.00	.00	.00	.00	.00	.00	.00	.00	.00
	261	.82	.00	.00	.00	.00	.00	.00	.00	.00	.00
	262	.88	.00	.00	.00	.00	.00	.00	.00	.00	.00
	263	.94	.00	.00	.00	.00	.00	.00	.00	.00	.00
	264	1.02	.00	.00	.00	.00	.00	.00	.00	.00	.00
	265	1.12	.00	.00	.00	.00	.00	.00	.00	.00	.00
	266	2.55	.00	.00	.00	.00	.00	.00	.00	.00	.00
	267	2.79	.00	.00	.00	.00	.00	.00	.00	.00	.00
