loc.	Chm 1	Chm 2	Chm 3	Chm 4	Chm 5	Chm 6	Chm 7	Chm 8	Chm 9	Chm 10
	0	.80	6.37	7.01	7.36	1.00	1.32	1.65	2.30	.50	2.79
	1	.84	6.61	7.17	7.35	1.27	1.53	1.83	2.19	.53	2.94
	2	.87	6.81	7.32	7.33	1.57	1.80	2.01	2.09	.55	3.01
	3	.90	6.95	7.46	7.32	1.89	2.12	2.19	1.98	.55	3.00
	4	.92	7.03	7.58	7.30	2.23	2.45	2.37	1.88	.84	2.89
	5	.94	7.02	7.69	7.27	2.58	2.80	2.55	1.77	.89	2.71
	6	.96	6.93	7.78	7.25	2.94	3.15	2.74	1.67	1.07	2.41
	7	.97	6.75	7.85	7.22	3.30	3.32	5.18	1.57	1.36	2.10
	8	2.99	6.49	7.89	7.18	3.65	3.43	5.46	1.46	1.76	1.80
	9	3.01	6.15	7.90	7.14	3.98	3.52	5.71	1.37	2.23	1.52
	10	3.03	5.75	7.89	7.10	4.29	3.58	5.93	1.27	2.74	1.26
	11	3.05	5.30	7.84	7.05	4.57	3.61	6.11	1.17	3.25	1.03
	12	3.07	4.83	7.76	7.00	4.82	3.60	6.24	1.08	3.58	.84
	13	3.09	4.34	7.64	6.94	5.03	3.56	6.31	.99	3.61	.70
	14	3.10	3.88	7.49	6.88	5.19	3.49	6.33	.91	3.62	.61
	15	3.12	3.45	7.30	6.81	5.32	2.24	6.28	.83	3.62	.56
	16	3.13	3.06	7.07	6.73	4.10	2.24	6.19	.76	3.61	.55
	17	3.14	2.77	6.81	6.65	4.07	2.25	6.05	.69	3.59	.58
	18	3.15	2.72	6.52	6.57	4.02	2.27	5.87	.63	3.55	.63
	19	3.16	2.67	6.20	6.47	3.95	2.29	5.66	.57	3.50	.69
	20	3.16	2.61	5.86	6.37	3.85	2.33	5.43	.52	3.43	.80
	21	3.16	2.55	5.51	6.27	3.73	2.38	5.31	.48	3.34	.82
	22	3.16	2.49	5.14	6.16	3.60	2.43	5.66	.45	3.25	.84
	23	3.16	2.43	6.45	6.04	3.45	2.49	6.00	.42	3.14	.88
	24	3.15	2.35	6.54	5.91	3.28	2.56	6.31	.40	3.02	.92
	25	3.15	2.28	6.62	5.78	3.11	2.64	6.58	.39	2.90	.97
	26	3.14	2.20	6.69	5.65	2.92	2.72	6.81	.39	2.78	1.03
	27	3.12	2.11	6.74	5.51	2.74	2.80	6.99	.39	2.65	1.10
	28	3.10	2.03	6.76	5.37	2.56	2.89	7.13	.39	2.53	1.18
	29	3.08	1.93	6.76	5.22	2.38	2.97	6.81	.41	2.41	1.27
	30	3.06	1.84	6.72	5.07	1.47	3.05	7.01	.42	2.29	1.35
	31	3.03	1.74	6.65	4.92	.90	3.12	7.16	.44	2.18	1.44
	32	3.00	1.64	6.54	4.76	.48	3.19	7.25	.46	2.08	1.53
	33	2.96	1.53	6.38	4.60	.25	3.25	7.27	.49	1.98	1.62
	34	2.92	1.42	6.19	4.44	1.14	3.31	7.23	.51	1.89	1.70
	35	2.87	1.32	5.95	4.28	1.06	3.36	7.13	.53	1.81	6.96
	36	2.83	1.21	5.68	4.13	.97	3.40	6.96	.56	1.72	7.18
	37	2.77	1.11	5.38	3.97	.89	3.44	6.73	.58	2.08	7.42
	38	2.72	1.00	5.05	3.81	.80	3.47	6.45	.60	2.15	7.67
	39	2.66	.90	4.70	3.65	.71	3.51	6.13	.63	2.24	7.94
	40	2.61	.81	4.33	3.50	.64	3.53	5.78	.65	2.34	8.23
	41	2.54	.71	3.96	3.35	.58	3.56	3.07	.68	2.46	8.54
	42	3.57	.63	3.33	3.20	.54	3.59	3.49	.70	2.58	8.87
	43	3.77	.54	3.34	3.05	.52	3.62	3.93	.73	2.72	9.20
	44	3.97	.47	3.33	2.91	.51	3.65	4.39	.87	2.87	9.53
	45	4.18	.40	3.31	2.77	.52	3.68	4.83	.81	3.03	9.86
	46	4.40	.34	3.27	2.63	.54	4.84	5.24	.80	3.18	9.92
	47	4.64	.28	3.21	2.50	.38	4.76	5.60	.83	3.33	10.51
	48	4.88	.23	3.13	2.37	.42	4.67	5.91	.91	3.49	11.02
	49	5.14	.19	3.03	.79	.47	6.26	6.18	1.02	3.63	11.48
	50	5.40	.16	2.93	.83	.53	6.26	6.38	1.16	4.56	11.86
	51	5.68	.13	2.81	.86	.61	6.24	6.53	1.34	4.61	12.16
	52	5.96	.11	2.69	.88	.69	6.21	6.64	1.54	4.62	12.39
	53	6.25	.10	2.56	.90	.79	6.18	6.70	1.77	4.61	12.54
	54	6.55	.09	.92	.92	.90	6.13	6.73	2.01	4.57	16.85
	55	6.84	.08	.89	.94	1.02	6.07	6.72	2.28	4.50	18.10
	56	7.14	.55	.83	.94	1.15	6.01	6.69	2.56	4.40	19.27
	57	7.44	.64	.83	.94	1.28	5.93	6.65	2.85	4.27	20.32
	58	7.73	.78	.88	.93	1.41	5.84	6.59	3.15	2.71	21.24
	59	8.01	.95	.94	.91	1.54	5.74	6.53	3.45	2.65	22.01
	60	8.29	1.17	.99	.88	1.67	5.79	6.47	3.76	2.58	22.64
	61	8.55	1.43	1.05	.84	1.80	5.66	6.40	4.06	2.50	23.14
	62	8.79	1.73	1.10	.80	1.93	5.52	8.16	4.36	2.41	23.50
	63	9.02	2.06	1.14	.74	2.05	5.37	8.60	4.66	2.32	23.73
	64	9.22	2.41	1.18	.69	1.04	5.23	9.00	4.95	2.22	23.85
	65	9.41	2.79	1.21	.62	.99	5.07	9.34	5.24	2.11	23.86
	66	9.58	3.17	1.76	.56	.93	4.91	9.61	5.51	2.00	23.77
	67	9.72	3.55	1.89	.49	.88	4.75	9.81	5.77	1.88	23.60
	68	9.84	3.92	2.03	.43	.82	4.59	9.90	6.02	1.76	17.87
	69	9.95	4.27	2.17	.36	.77	4.42	9.89	6.26	.35	18.05
	70	10.03	4.59	2.33	.37	.71	4.26	9.76	6.48	.28	18.19
	71	10.09	4.87	2.48	.38	.66	4.09	9.51	6.69	.22	18.29
	72	10.13	5.12	2.64	.39	.61	3.92	9.15	6.89	.16	18.35
	73	10.16	5.32	2.78	.40	.55	3.75	9.03	7.07	.11	18.36
	74	6.78	5.50	1.09	.41	.50	3.57	8.46	4.02	.08	18.33
	75	7.64	5.64	1.05	.41	.46	3.40	7.68	3.97	.05	18.25
	76	8.41	5.76	1.00	.41	.41	3.23	6.73	3.92	.04	18.11
	77	9.05	5.85	.94	.42	.36	3.06	5.66	3.85	.04	17.92
	78	9.54	6.03	.89	.42	.32	2.89	4.55	3.79	.05	17.68
	79	9.88	6.15	.83	.43	.28	2.73	3.47	3.71	.07	17.38
	80	10.06	6.24	.78	.44	.24	2.56	2.50	3.63	.11	17.03
	81	10.10	6.32	.72	.45	.21	2.40	.72	3.53	.15	16.63
	82	10.01	6.02	.66	.45	.17	2.25	.58	3.43	.20	16.19
	83	9.83	5.65	.61	.45	.14	2.10	.43	3.32	.25	15.69
	84	10.08	5.23	.55	.45	.12	.43	.29	3.20	.52	15.15
	85	2.26	4.76	.50	.45	.09	.59	.17	3.07	.12	14.57
	86	2.06	4.26	.46	.44	.08	.75	.09	2.92	.08	13.96
	87	1.86	3.75	.41	.43	.06	.17	.07	2.77	.15	13.32
	88	1.67	3.24	.37	.41	.05	.18	.10	2.61	.28	12.66
	89	1.48	2.76	.34	.40	.05	.19	.19	2.45	.46	11.98
	90	1.29	2.31	.31	.38	.05	.20	.33	2.29	.69	11.30
	91	1.11	2.27	.30	.36	.06	.21	.36	2.13	.97	10.63
	92	.95	2.20	.28	.34	.07	.21	.37	1.97	1.28	9.96
	93	.79	2.11	.27	.32	.09	.21	.39	1.82	1.61	9.31
	94	.64	2.03	.27	.31	.13	.21	.40	1.67	1.95	8.68
	95	.50	1.95	.27	.26	.17	.21	.41	1.54	2.28	2.44
	96	.38	1.88	.27	.21	.22	.21	.41	3.90	2.59	2.14
	97	.27	1.84	.11	.16	.28	.22	.42	3.73	2.88	1.83
	98	.19	1.81	.11	.12	.44	.22	.42	3.56	2.80	1.53
	99	.12	1.79	.11	.08	.47	.22	.42	3.40	2.06	1.25
	100	.08	1.72	.11	.00	.50	.22	.42	3.25	1.37	.99
	101	.06	1.64	.11	.09	.53	.23	.41	3.11	.79	.76
	102	.06	1.55	.11	.32	.55	.24	.40	3.00	1.68	.56
	103	.10	1.44	.07	.01	.58	.62	.40	2.91	1.59	.41
	104	.16	1.33	.06	.02	.59	.49	.39	2.84	1.48	.29
	105	.26	1.22	.05	.04	.61	.37	.38	2.80	1.37	.22
	106	.39	1.10	.04	.06	.62	.26	.38	2.79	1.25	.18
	107	.55	.97	.04	.09	.64	.17	.38	10.61	1.12	.18
	108	.74	.85	.03	.13	.65	.10	.37	11.16	.99	.20
	109	.95	.73	.02	.18	.65	.05	.38	11.68	.86	1.44
	110	1.20	.02	.02	.23	.66	.07	1.90	12.17	.92	1.54
	111	1.46	.01	.01	.29	.66	.11	2.12	12.62	1.11	1.63
	112	1.75	.01	.01	.36	.66	.16	2.37	13.04	1.35	1.72
	113	2.06	.01	.01	.43	.66	.23	2.63	13.40	1.62	1.82
	114	2.38	.02	.01	.51	.66	.31	2.88	13.72	1.89	1.91
	115	2.71	.03	.01	.59	.66	.40	3.12	13.99	2.13	2.01
	116	3.04	.05	.00	.67	.65	.50	.00	14.21	1.50	2.10
	117	3.38	.02	.00	.76	1.43	.62	.00	14.36	1.53	2.21
	118	3.72	.01	.00	.86	1.37	.75	.00	14.46	1.56	2.31
	119	4.06	.01	.00	.95	1.31	.89	.00	14.50	1.59	2.43
	120	4.40	.01	.00	1.04	1.23	1.04	.00	14.47	1.62	2.54
	121	4.73	.01	.01	1.13	1.15	1.19	.00	14.38	1.65	2.67
	122	5.06	.00	.01	1.22	1.05	1.34	.00	14.22	1.68	2.81
	123	5.38	.00	.01	1.31	.95	1.49	.00	14.00	1.71	2.95
	124	5.69	.00	.01	1.40	.85	1.64	.00	13.71	1.74	3.10
	125	6.00	.00	.01	1.48	.75	3.96	.00	13.36	1.78	3.25
	126	6.29	.00	.01	1.56	.65	3.98	.00	12.95	1.82	3.41
	127	6.58	.00	.01	1.64	.56	4.01	.00	9.60	1.86	3.57
	128	15.53	.00	.01	1.75	.49	4.04	.00	9.96	1.91	3.74
	129	15.62	.00	.01	2.10	.43	4.06	.00	10.27	1.95	3.90
	130	15.72	.00	.01	2.43	.39	4.09	.00	10.53	2.00	4.06
	131	15.81	.00	.01	2.71	.31	4.12	.00	10.74	2.05	4.22
	132	15.89	.00	.01	2.92	.38	4.15	.00	10.89	2.09	4.37
	133	15.93	.00	.01	4.11	.49	4.17	.00	11.00	2.13	4.52
	134	15.89	.01	.01	3.41	.64	4.19	.00	11.05	2.17	4.66
	135	15.72	.01	.01	2.68	.83	4.20	.00	11.07	2.20	4.79
	136	15.43	.01	.01	2.00	1.05	4.21	.00	11.05	.00	4.91
	137	15.02	.01	.01	1.63	1.31	4.22	.00	11.00	.00	5.02
	138	14.50	.02	.01	1.55	1.60	4.21	.00	10.94	.00	5.13
	139	13.85	.02	.13	1.50	1.92	4.20	.00	10.86	.00	.00
	140	13.09	.03	.10	1.45	2.26	4.18	.00	7.83	.00	.00
	141	12.60	.07	.10	1.41	2.62	4.16	.00	7.95	.00	.00
	142	14.83	.07	.11	1.38	2.99	4.12	.00	8.02	.00	.00
	143	14.05	.08	.11	1.35	3.36	4.08	.00	8.04	.00	.00
	144	13.19	.08	.11	1.31	3.73	4.03	.00	8.00	.00	.00
	145	12.25	.09	.12	1.27	4.10	3.97	.00	7.90	.00	.00
	146	11.23	.10	.12	1.21	4.46	3.91	.00	7.72	.00	.00
	147	10.17	.15	.13	1.16	4.80	3.84	.00	7.48	.00	.00
	148	9.07	.25	.13	1.10	.60	3.76	.00	7.19	.00	.00
	149	7.97	.39	.14	1.05	.70	3.68	.00	6.87	.00	.00
	150	10.83	.55	.14	1.00	.82	3.59	.00	4.60	.00	.00
	151	10.68	.84	.15	.95	.96	3.50	.00	4.88	.00	.00
	152	10.52	.96	.15	.91	1.11	3.41	.00	5.19	.00	.00
	153	10.35	1.09	.16	.88	1.27	3.31	.00	5.51	.00	.00
	154	10.17	1.22	.16	.86	1.45	3.22	.00	5.84	.00	.00
	155	9.97	1.35	.17	.84	1.65	3.12	.00	6.15	.00	.00
	156	9.77	1.49	.17	.84	1.85	3.03	.00	6.42	.00	.00
	157	9.56	1.44	.18	.85	2.07	2.94	.00	6.64	.00	.00
	158	9.34	1.47	.18	.87	2.30	2.85	.00	6.81	.00	.00
	159	9.11	1.50	.19	.90	2.54	.00	.00	6.92	.00	.00
	160	8.88	1.52	.19	.93	2.79	.00	.00	6.97	.00	.00
	161	8.63	1.52	.19	.98	3.05	.00	.00	6.96	.00	.00
	162	8.38	1.52	.20	1.03	3.32	.00	.00	6.89	.00	.00
	163	8.13	1.51	.20	1.09	3.59	.00	.00	6.78	.00	.00
	164	7.87	1.49	.20	1.15	3.87	.00	.00	6.63	.00	.00
	165	7.61	1.46	.20	1.21	4.15	.00	.00	5.03	.00	.00
	166	7.35	1.42	.20	1.28	4.44	.00	.00	4.22	.00	.00
	167	7.08	1.37	.20	1.35	4.72	.00	.00	3.42	.00	.00
	168	6.82	1.31	.20	.00	5.01	.00	.00	2.64	.00	.00
	169	6.56	1.24	.20	.00	5.30	.00	.00	1.90	.00	.00
	170	6.29	1.17	.20	.00	5.58	.00	.00	1.25	.00	.00
	171	6.03	1.10	.20	.00	5.86	.00	.00	.72	.00	.00
	172	5.78	1.02	.19	.00	6.14	.00	.00	.35	.00	.00
	173	5.53	.95	.19	.00	6.41	.00	.00	.15	.00	.00
	174	5.28	.88	.19	.00	6.67	.00	.00	.11	.00	.00
	175	.74	.81	.18	.00	6.92	.00	.00	.22	.00	.00
	176	.79	.74	.18	.00	7.17	.00	.00	.43	.00	.00
	177	.84	.68	.17	.00	7.41	.00	.00	2.09	.00	.00
	178	.91	.62	.17	.00	7.64	.00	.00	2.00	.00	.00
	179	.99	.57	.16	.00	7.86	.00	.00	1.92	.00	.00
	180	1.07	.53	.16	.00	.00	.00	.00	1.86	.00	.00
	181	1.16	.50	.16	.00	.00	.00	.00	1.83	.00	.00
	182	1.25	.47	.15	.00	.00	.00	.00	1.82	.00	.00
	183	1.35	.52	.15	.00	.00	.00	.00	1.84	.00	.00
	184	1.44	.42	.14	.00	.00	.00	.00	1.87	.00	.00
	185	1.53	.33	.14	.00	.00	.00	.00	1.93	.00	.00
	186	1.62	.25	.14	.00	.00	.00	.00	2.00	.00	.00
	187	1.70	.18	.13	.00	.00	.00	.00	2.07	.00	.00
	188	1.78	.12	.13	.00	.00	.00	.00	.00	.00	.00
	189	1.86	.08	.15	.00	.00	.00	.00	.00	.00	.00
	190	1.94	.04	.34	.00	.00	.00	.00	.00	.00	.00
	191	2.01	.02	.59	.00	.00	.00	.00	.00	.00	.00
	192	2.08	.02	.89	.00	.00	.00	.00	.00	.00	.00
	193	2.15	.02	1.09	.00	.00	.00	.00	.00	.00	.00
	194	2.22	.03	1.03	.00	.00	.00	.00	.00	.00	.00
	195	2.29	.05	.96	.00	.00	.00	.00	.00	.00	.00
	196	1.26	.00	.90	.00	.00	.00	.00	.00	.00	.00
	197	1.19	.00	.84	.00	.00	.00	.00	.00	.00	.00
	198	1.08	.00	.78	.00	.00	.00	.00	.00	.00	.00
	199	.95	.00	.72	.00	.00	.00	.00	.00	.00	.00
	200	.81	.00	.66	.00	.00	.00	.00	.00	.00	.00
	201	.69	.00	.61	.00	.00	.00	.00	.00	.00	.00
	202	.61	.00	.57	.00	.00	.00	.00	.00	.00	.00
	203	.59	.00	.53	.00	.00	.00	.00	.00	.00	.00
	204	.62	.00	.49	.00	.00	.00	.00	.00	.00	.00
	205	.71	.00	.47	.00	.00	.00	.00	.00	.00	.00
	206	1.22	.00	.45	.00	.00	.00	.00	.00	.00	.00
	207	2.73	.00	.44	.00	.00	.00	.00	.00	.00	.00
	208	3.28	.00	.44	.00	.00	.00	.00	.00	.00	.00
	209	3.82	.00	.44	.00	.00	.00	.00	.00	.00	.00
	210	4.33	.00	.45	.00	.00	.00	.00	.00	.00	.00
	211	4.78	.00	.47	.00	.00	.00	.00	.00	.00	.00
	212	5.15	.00	.50	.00	.00	.00	.00	.00	.00	.00
	213	5.45	.00	.53	.00	.00	.00	.00	.00	.00	.00
	214	5.69	.00	.56	.00	.00	.00	.00	.00	.00	.00
	215	5.86	.00	.60	.00	.00	.00	.00	.00	.00	.00
	216	9.86	.00	.65	.00	.00	.00	.00	.00	.00	.00
	217	9.89	.00	.70	.00	.00	.00	.00	.00	.00	.00
	218	9.87	.00	.00	.00	.00	.00	.00	.00	.00	.00
	219	9.83	.00	.00	.00	.00	.00	.00	.00	.00	.00
	220	9.74	.00	.00	.00	.00	.00	.00	.00	.00	.00
	221	9.62	.00	.00	.00	.00	.00	.00	.00	.00	.00
	222	9.48	.00	.00	.00	.00	.00	.00	.00	.00	.00
	223	9.30	.00	.00	.00	.00	.00	.00	.00	.00	.00
	224	9.10	.00	.00	.00	.00	.00	.00	.00	.00	.00
	225	8.89	.00	.00	.00	.00	.00	.00	.00	.00	.00
	226	8.67	.00	.00	.00	.00	.00	.00	.00	.00	.00
	227	8.44	.00	.00	.00	.00	.00	.00	.00	.00	.00
	228	9.05	.00	.00	.00	.00	.00	.00	.00	.00	.00
	229	9.35	.00	.00	.00	.00	.00	.00	.00	.00	.00
	230	9.59	.00	.00	.00	.00	.00	.00	.00	.00	.00
	231	9.78	.00	.00	.00	.00	.00	.00	.00	.00	.00
	232	9.92	.00	.00	.00	.00	.00	.00	.00	.00	.00
	233	12.79	.00	.00	.00	.00	.00	.00	.00	.00	.00
	234	13.04	.00	.00	.00	.00	.00	.00	.00	.00	.00
	235	13.23	.00	.00	.00	.00	.00	.00	.00	.00	.00
	236	13.37	.00	.00	.00	.00	.00	.00	.00	.00	.00
	237	13.46	.00	.00	.00	.00	.00	.00	.00	.00	.00
	238	13.49	.00	.00	.00	.00	.00	.00	.00	.00	.00
	239	13.47	.00	.00	.00	.00	.00	.00	.00	.00	.00
	240	13.40	.00	.00	.00	.00	.00	.00	.00	.00	.00
	241	13.28	.00	.00	.00	.00	.00	.00	.00	.00	.00
	242	9.08	.00	.00	.00	.00	.00	.00	.00	.00	.00
	243	9.22	.00	.00	.00	.00	.00	.00	.00	.00	.00
	244	9.26	.00	.00	.00	.00	.00	.00	.00	.00	.00
	245	9.17	.00	.00	.00	.00	.00	.00	.00	.00	.00
	246	8.99	.00	.00	.00	.00	.00	.00	.00	.00	.00
	247	8.72	.00	.00	.00	.00	.00	.00	.00	.00	.00
	248	8.41	.00	.00	.00	.00	.00	.00	.00	.00	.00
	249	6.22	.00	.00	.00	.00	.00	.00	.00	.00	.00
	250	6.51	.00	.00	.00	.00	.00	.00	.00	.00	.00
	251	6.69	.00	.00	.00	.00	.00	.00	.00	.00	.00
	252	6.76	.00	.00	.00	.00	.00	.00	.00	.00	.00
	253	6.55	.00	.00	.00	.00	.00	.00	.00	.00	.00
	254	6.24	.00	.00	.00	.00	.00	.00	.00	.00	.00
	255	5.84	.00	.00	.00	.00	.00	.00	.00	.00	.00
	256	5.36	.00	.00	.00	.00	.00	.00	.00	.00	.00
	257	4.83	.00	.00	.00	.00	.00	.00	.00	.00	.00
	258	4.25	.00	.00	.00	.00	.00	.00	.00	.00	.00
	259	3.67	.00	.00	.00	.00	.00	.00	.00	.00	.00
	260	3.12	.00	.00	.00	.00	.00	.00	.00	.00	.00
	261	2.64	.00	.00	.00	.00	.00	.00	.00	.00	.00
	262	2.25	.00	.00	.00	.00	.00	.00	.00	.00	.00
	263	1.96	.00	.00	.00	.00	.00	.00	.00	.00	.00
	264	1.78	.00	.00	.00	.00	.00	.00	.00	.00	.00
	265	1.69	.00	.00	.00	.00	.00	.00	.00	.00	.00
	266	.91	.00	.00	.00	.00	.00	.00	.00	.00	.00
	267	1.30	.00	.00	.00	.00	.00	.00	.00	.00	.00
