loc.	Chm 1	Chm 2	Chm 3	Chm 4	Chm 5	Chm 6	Chm 7	Chm 8	Chm 9	Chm 10
	0	.57	.15	1.37	3.38	1.07	.72	5.40	.94	.02	2.51
	1	.60	.12	1.32	3.27	1.22	.52	5.96	.96	.07	2.22
	2	.63	.08	1.28	3.15	1.37	.36	6.46	.99	.17	1.92
	3	.67	.05	1.24	3.03	1.51	.26	6.91	1.01	.29	1.64
	4	.71	.03	1.20	2.91	1.64	.22	7.32	1.04	.43	1.38
	5	.76	.01	1.16	2.78	1.76	.24	7.71	1.07	.60	1.76
	6	.81	.01	1.12	2.65	1.86	.31	8.08	1.10	.84	1.83
	7	.85	.02	1.08	2.51	1.94	.33	9.58	1.14	1.14	1.90
	8	.03	.06	1.04	2.37	2.00	.33	9.27	1.17	1.50	1.97
	9	.04	.11	.99	2.23	2.04	.33	8.93	1.21	1.90	2.05
	10	.05	.19	.94	2.08	2.07	.33	8.53	1.26	2.32	2.12
	11	.07	.30	.88	1.93	2.07	.33	8.10	1.30	2.77	2.18
	12	.09	.43	.82	1.78	2.07	.34	7.63	1.35	2.21	2.23
	13	.11	.57	.76	1.63	2.04	.35	7.14	1.40	2.00	2.26
	14	.14	.73	.70	1.48	2.01	.37	6.63	1.46	1.79	2.28
	15	.17	.91	.65	1.33	1.97	1.63	6.12	1.51	1.59	2.28
	16	.20	1.09	.61	1.18	2.28	1.66	5.61	1.57	1.40	2.27
	17	.24	.58	.59	1.03	2.15	1.68	5.13	1.63	1.24	2.24
	18	.28	.56	.58	.89	2.05	1.71	4.68	1.68	1.09	2.20
	19	.32	.53	.60	.75	1.96	1.73	4.28	1.74	.98	2.14
	20	.37	.51	.63	.62	1.88	1.74	3.92	1.80	.90	3.68
	21	.42	.49	.69	.51	1.82	1.76	3.76	1.85	.85	3.95
	22	.48	.48	.77	.40	1.77	1.77	4.25	1.90	.85	4.23
	23	.54	.48	.18	.30	1.73	1.78	4.79	1.95	.89	4.49
	24	.60	.48	.15	.22	1.70	1.78	5.34	1.99	.98	4.74
	25	.67	.50	.12	.15	1.66	1.78	5.85	2.03	1.10	4.96
	26	.74	.52	.10	.09	1.63	1.78	6.28	2.06	1.27	5.15
	27	.81	.56	.08	.05	1.59	1.77	6.62	2.08	1.46	5.31
	28	.88	.62	.07	.02	1.55	1.77	6.86	2.09	1.68	5.42
	29	.96	.69	.06	.00	1.51	1.75	7.42	2.10	1.92	5.48
	30	1.04	.78	.06	.00	1.15	1.74	7.72	2.09	2.17	5.50
	31	1.12	.89	.07	.01	1.17	1.72	8.06	2.08	2.42	5.46
	32	1.20	1.02	.08	.02	1.19	1.70	8.43	2.06	2.68	5.37
	33	1.28	1.16	.10	.04	1.24	1.68	8.83	2.02	2.93	5.24
	34	1.36	1.31	.14	.07	1.07	1.65	9.22	1.98	3.17	5.06
	35	1.44	1.48	.18	.11	.87	1.63	9.61	1.94	3.40	6.95
	36	1.52	1.66	.24	.14	.69	1.59	9.98	1.88	3.61	7.71
	37	1.60	1.85	.30	.18	.53	1.56	10.33	1.82	3.74	8.48
	38	1.68	2.04	.38	.23	.39	1.53	10.63	1.75	3.72	9.23
	39	1.76	2.24	.46	.27	.27	1.50	10.89	1.68	3.66	9.95
	40	1.83	2.44	.56	.31	.19	1.46	11.09	1.61	3.55	10.60
	41	1.90	2.64	.66	.36	.14	1.42	8.95	1.53	3.40	11.17
	42	7.40	2.83	.29	.40	.12	1.39	8.80	1.45	3.21	11.62
	43	7.79	3.02	.32	.44	.12	1.35	8.59	1.37	2.98	11.91
	44	8.21	3.20	.35	.48	.14	1.31	8.33	4.93	2.73	12.01
	45	8.65	3.36	.41	.52	.17	1.27	8.01	5.05	2.46	11.85
	46	9.12	3.51	.47	.56	.21	.29	7.64	5.19	2.18	10.34
	47	9.60	3.65	.56	.60	.30	.26	7.24	5.37	1.91	10.51
	48	10.09	3.77	.65	.63	.29	.21	6.80	5.58	1.65	10.60
	49	10.59	3.87	.75	1.65	.29	3.76	6.34	5.82	1.41	10.59
	50	11.09	3.95	.86	1.64	.28	3.99	5.88	6.11	1.07	10.50
	51	11.58	4.00	.97	1.63	.27	4.23	5.43	6.43	1.13	10.32
	52	12.05	4.02	1.08	1.63	.26	4.46	4.98	6.80	1.19	10.06
	53	12.50	4.01	1.19	1.62	.24	4.70	4.55	7.21	1.24	9.72
	54	12.93	3.98	2.20	1.61	.21	4.94	4.14	7.66	1.29	8.22
	55	13.33	3.91	2.35	1.61	.19	5.17	3.76	8.14	1.33	8.07
	56	13.70	3.60	2.59	1.61	.16	5.40	3.41	8.65	1.38	7.88
	57	14.04	3.50	2.67	1.61	.13	5.63	3.08	9.19	1.42	7.65
	58	14.35	3.39	2.62	1.61	.11	5.86	2.78	9.73	1.50	7.38
	59	14.62	3.27	2.53	1.61	.08	6.08	2.50	10.28	1.56	7.08
	60	14.85	3.15	2.42	1.62	.06	8.08	2.25	10.82	1.66	6.76
	61	15.04	3.01	2.29	1.62	.04	8.60	2.02	11.35	1.81	6.43
	62	15.20	2.88	2.14	1.63	.03	9.15	1.60	11.86	2.01	6.10
	63	15.31	2.73	1.97	1.64	.02	9.72	1.73	12.34	2.26	5.79
	64	15.37	2.58	1.80	1.64	3.45	10.31	1.84	12.80	2.55	5.51
	65	15.40	2.43	1.62	1.63	3.53	10.91	1.93	13.22	2.87	5.26
	66	15.37	2.28	.94	1.63	3.61	11.54	1.99	13.61	3.22	5.05
	67	15.30	2.13	.82	1.61	3.70	12.16	2.03	13.96	3.57	4.87
	68	15.18	1.98	.70	1.60	3.79	12.79	2.04	14.27	3.92	2.07
	69	15.01	1.83	.59	1.48	3.88	13.41	2.03	14.55	5.18	1.99
	70	14.78	1.69	.48	1.30	3.98	14.00	1.99	14.79	5.37	1.91
	71	14.51	1.55	.38	1.12	4.07	14.57	1.93	15.00	5.54	1.82
	72	14.18	1.41	.29	.97	4.17	15.10	1.86	15.18	5.68	1.72
	73	13.81	1.29	.21	.83	4.28	15.58	1.02	15.34	5.81	1.62
	74	9.19	1.17	.01	.73	4.38	16.02	1.07	10.40	5.90	1.51
	75	9.45	1.06	.03	.65	4.49	16.40	1.12	10.42	5.97	1.39
	76	9.63	.96	.05	.59	4.60	16.73	1.16	10.40	6.01	1.28
	77	9.70	.87	.08	.55	4.72	17.00	1.20	10.34	6.03	1.16
	78	9.66	.40	.12	.51	4.84	17.22	1.22	10.24	6.03	1.05
	79	9.50	.20	.16	.47	4.95	17.39	1.23	10.09	6.01	.94
	80	9.21	.07	.20	.43	5.07	17.52	1.23	9.88	5.97	.84
	81	8.80	.49	.24	.39	5.19	17.61	3.42	9.61	5.92	.74
	82	8.28	.41	.29	.35	5.31	17.67	3.46	9.28	5.86	.65
	83	7.68	.35	.33	.32	5.43	17.69	3.49	8.89	5.78	.57
	84	7.23	.31	.37	.29	5.55	12.55	3.51	8.45	6.81	.50
	85	5.91	.29	.41	.26	5.66	12.20	3.52	7.95	7.54	.43
	86	5.85	.29	.44	.23	5.77	11.44	3.51	7.41	7.69	.39
	87	5.78	.31	.46	.21	5.88	11.75	3.50	6.83	7.28	.35
	88	5.72	.36	.48	.19	5.98	11.18	3.48	6.24	6.82	.32
	89	5.65	.41	.49	.18	6.07	10.57	3.45	5.63	6.29	.30
	90	5.58	.48	.49	.17	6.15	9.92	3.42	5.02	5.73	.30
	91	5.50	1.02	.49	.17	6.23	9.23	3.48	4.44	5.12	.30
	92	5.42	.90	.48	.17	6.29	8.52	3.55	3.90	4.50	.31
	93	5.34	.78	.47	.18	6.34	7.79	3.62	3.40	3.89	.33
	94	5.26	.68	.45	.02	6.37	7.06	3.67	2.94	3.32	.36
	95	5.17	.61	.43	.04	6.39	6.32	3.72	2.55	2.81	.34
	96	5.09	.58	.41	.05	6.39	5.59	3.75	1.92	2.38	.34
	97	5.00	.59	.94	.08	6.36	4.88	3.76	2.13	2.03	.35
	98	4.90	.63	1.04	.10	2.16	4.20	3.77	2.34	1.35	.37
	99	4.81	.64	1.15	.13	2.11	3.56	3.75	2.55	1.40	.39
	100	4.72	.54	1.26	.27	2.06	2.97	3.72	2.74	1.44	.43
	101	4.63	.44	1.37	.08	2.01	2.44	3.68	2.92	1.49	.47
	102	4.54	.36	1.47	.01	1.96	1.97	3.63	3.08	.60	.53
	103	4.45	.29	1.55	.02	1.91	.55	3.57	3.20	.52	.60
	104	4.36	.23	1.54	.01	1.87	.68	3.50	3.30	.43	.68
	105	4.28	.19	1.53	.00	1.82	.83	3.43	3.36	.33	.77
	106	4.20	.18	1.51	.00	1.78	.98	3.36	3.40	.24	.87
	107	4.12	.20	1.49	.01	1.74	1.12	3.28	3.08	.16	.98
	108	4.05	.25	1.47	.02	1.70	1.22	3.21	2.97	.09	1.09
	109	3.99	.33	1.44	.04	1.66	1.28	3.14	2.86	.04	1.31
	110	3.93	1.53	1.40	.07	1.62	1.41	2.06	2.74	.12	1.31
	111	3.88	2.13	1.36	.11	1.58	1.60	2.10	2.63	.40	1.31
	112	3.84	2.87	1.32	.16	1.54	1.80	2.12	2.51	.84	1.29
	113	3.80	3.69	1.27	.22	1.50	2.03	2.12	2.39	1.38	1.27
	114	3.78	4.53	1.21	.29	1.47	2.27	2.09	2.27	1.97	1.25
	115	3.76	5.38	1.16	.37	1.43	2.54	2.03	2.16	2.56	1.22
	116	3.75	6.20	1.10	.45	1.40	2.82	.00	2.04	2.86	1.18
	117	3.75	9.41	1.03	.54	6.14	3.11	.00	1.94	2.91	1.14
	118	3.76	9.53	.97	.64	6.29	3.41	.00	1.84	2.96	1.08
	119	3.78	9.65	.90	.75	6.42	3.69	.00	1.74	3.01	1.03
	120	3.80	9.76	.83	.85	6.51	3.95	.00	1.65	3.04	.96
	121	3.83	9.87	.77	.96	6.57	4.18	.00	1.57	3.07	.90
	122	3.87	9.97	.70	1.08	6.60	4.38	.00	1.50	3.09	.82
	123	3.91	10.05	.64	1.19	6.58	4.53	.00	1.43	3.11	.75
	124	3.96	10.13	.58	1.30	6.53	4.64	.00	1.36	3.11	.68
	125	4.01	10.18	.52	1.42	6.44	1.89	.00	1.31	3.12	.60
	126	4.06	10.22	.47	1.53	6.31	1.84	.00	1.25	3.11	.53
	127	4.12	10.23	.42	1.64	6.16	1.78	.00	.76	3.11	.46
	128	5.83	10.21	.38	1.54	6.00	1.71	.00	.67	3.09	.40
	129	5.65	10.17	.34	1.20	5.83	1.64	.00	.58	3.08	.34
	130	5.44	10.10	.30	.87	5.65	1.56	.00	.49	3.05	.29
	131	5.21	9.99	.26	.58	.91	1.47	.00	.40	3.02	.25
	132	4.95	9.85	.24	.37	1.17	1.39	.00	.32	2.98	.22
	133	4.67	9.68	.21	.44	1.47	1.29	.00	.26	2.94	.19
	134	4.48	9.48	.18	.43	1.83	1.20	.00	.21	2.89	.17
	135	4.37	9.24	.16	.39	2.24	1.10	.00	.18	2.84	.15
	136	4.24	8.98	.14	.35	2.68	1.01	.00	.17	.00	.14
	137	4.09	8.70	.13	.20	3.14	.92	.00	.18	.00	.14
	138	3.93	8.39	.11	.22	3.63	.83	.00	.22	.00	.14
	139	3.75	8.06	.00	.25	4.12	.75	.00	.27	.00	.00
	140	3.56	7.72	.81	.28	4.61	.68	.00	.12	.00	.00
	141	3.26	5.21	.86	.31	5.09	.63	.00	.18	.00	.00
	142	2.27	4.49	.91	.35	5.54	.58	.00	.26	.00	.00
	143	2.43	3.75	.97	.38	5.97	.55	.00	.34	.00	.00
	144	2.59	3.01	1.03	.42	6.38	.53	.00	.44	.00	.00
	145	2.72	2.30	1.09	.45	6.75	.53	.00	.54	.00	.00
	146	2.83	1.67	1.16	.55	7.09	.54	.00	.64	.00	.00
	147	2.90	1.65	1.23	.68	7.40	.57	.00	.75	.00	.00
	148	2.93	1.63	1.30	.84	5.25	.61	.00	.86	.00	.00
	149	2.93	1.62	1.38	1.02	5.03	.67	.00	.97	.00	.00
	150	4.85	1.60	1.46	1.21	4.79	.73	.00	.33	.00	.00
	151	4.72	.80	1.54	1.42	4.54	.81	.00	.26	.00	.00
	152	4.60	.83	1.62	1.64	4.28	.89	.00	.20	.00	.00
	153	4.47	.88	1.69	1.85	4.02	.98	.00	.14	.00	.00
	154	4.35	.95	1.77	2.05	3.74	1.08	.00	.10	.00	.00
	155	4.23	1.04	1.85	2.24	3.47	1.18	.00	.08	.00	.00
	156	4.11	1.14	1.93	2.41	3.19	1.28	.00	.08	.00	.00
	157	4.00	2.26	2.00	2.56	2.91	1.39	.00	.11	.00	.00
	158	3.89	2.40	2.06	2.68	2.63	1.49	.00	.16	.00	.00
	159	3.79	2.55	2.12	2.77	2.36	.00	.00	.24	.00	.00
	160	3.71	2.69	2.17	2.85	2.11	.00	.00	.33	.00	.00
	161	3.63	2.83	2.22	2.90	1.86	.00	.00	.43	.00	.00
	162	3.57	2.96	2.25	2.93	1.64	.00	.00	.55	.00	.00
	163	3.51	3.09	2.28	2.95	1.44	.00	.00	.67	.00	.00
	164	3.47	3.22	2.29	2.95	1.25	.00	.00	.79	.00	.00
	165	3.44	3.34	2.30	2.94	1.10	.00	.00	.06	.00	.00
	166	3.42	3.45	2.30	2.92	.97	.00	.00	.03	.00	.00
	167	3.41	3.56	2.29	2.89	.86	.00	.00	.03	.00	.00
	168	3.41	3.66	2.27	.00	.78	.00	.00	.05	.00	.00
	169	3.41	3.76	2.24	.00	.73	.00	.00	.10	.00	.00
	170	3.42	3.85	2.21	.00	.69	.00	.00	.17	.00	.00
	171	3.43	3.94	2.17	.00	.67	.00	.00	.27	.00	.00
	172	3.45	4.02	2.12	.00	.66	.00	.00	.38	.00	.00
	173	3.48	4.09	2.07	.00	.67	.00	.00	.51	.00	.00
	174	3.50	4.15	2.02	.00	.68	.00	.00	.66	.00	.00
	175	5.09	4.21	1.96	.00	.71	.00	.00	.80	.00	.00
	176	5.30	4.26	1.91	.00	.73	.00	.00	.95	.00	.00
	177	5.50	4.30	1.85	.00	.77	.00	.00	1.87	.00	.00
	178	5.70	4.34	1.79	.00	.80	.00	.00	2.00	.00	.00
	179	5.89	4.37	1.73	.00	.84	.00	.00	2.12	.00	.00
	180	6.06	4.39	1.68	.00	.00	.00	.00	2.22	.00	.00
	181	6.22	4.41	1.62	.00	.00	.00	.00	2.31	.00	.00
	182	6.36	4.42	1.57	.00	.00	.00	.00	2.39	.00	.00
	183	6.47	3.23	1.52	.00	.00	.00	.00	2.44	.00	.00
	184	6.57	3.25	1.47	.00	.00	.00	.00	2.49	.00	.00
	185	6.64	3.27	1.43	.00	.00	.00	.00	2.52	.00	.00
	186	6.68	3.27	1.38	.00	.00	.00	.00	2.54	.00	.00
	187	6.70	3.27	1.34	.00	.00	.00	.00	2.55	.00	.00
	188	6.69	3.26	1.30	.00	.00	.00	.00	.00	.00	.00
	189	6.67	3.24	.91	.00	.00	.00	.00	.00	.00	.00
	190	6.61	3.21	.90	.00	.00	.00	.00	.00	.00	.00
	191	6.54	3.17	.93	.00	.00	.00	.00	.00	.00	.00
	192	6.44	3.13	1.01	.00	.00	.00	.00	.00	.00	.00
	193	6.33	3.08	1.09	.00	.00	.00	.00	.00	.00	.00
	194	6.20	3.02	1.12	.00	.00	.00	.00	.00	.00	.00
	195	6.06	2.95	1.14	.00	.00	.00	.00	.00	.00	.00
	196	10.43	.00	1.17	.00	.00	.00	.00	.00	.00	.00
	197	13.00	.00	1.21	.00	.00	.00	.00	.00	.00	.00
	198	15.58	.00	1.24	.00	.00	.00	.00	.00	.00	.00
	199	17.88	.00	1.29	.00	.00	.00	.00	.00	.00	.00
	200	19.82	.00	1.33	.00	.00	.00	.00	.00	.00	.00
	201	21.40	.00	1.39	.00	.00	.00	.00	.00	.00	.00
	202	22.62	.00	1.45	.00	.00	.00	.00	.00	.00	.00
	203	23.53	.00	1.51	.00	.00	.00	.00	.00	.00	.00
	204	24.17	.00	1.58	.00	.00	.00	.00	.00	.00	.00
	205	24.56	.00	1.65	.00	.00	.00	.00	.00	.00	.00
	206	21.70	.00	1.73	.00	.00	.00	.00	.00	.00	.00
	207	23.13	.00	1.81	.00	.00	.00	.00	.00	.00	.00
	208	23.38	.00	1.89	.00	.00	.00	.00	.00	.00	.00
	209	23.47	.00	1.97	.00	.00	.00	.00	.00	.00	.00
	210	23.41	.00	2.05	.00	.00	.00	.00	.00	.00	.00
	211	23.19	.00	2.12	.00	.00	.00	.00	.00	.00	.00
	212	22.85	.00	2.20	.00	.00	.00	.00	.00	.00	.00
	213	22.40	.00	2.27	.00	.00	.00	.00	.00	.00	.00
	214	21.90	.00	2.34	.00	.00	.00	.00	.00	.00	.00
	215	21.38	.00	2.41	.00	.00	.00	.00	.00	.00	.00
	216	22.23	.00	2.47	.00	.00	.00	.00	.00	.00	.00
	217	21.91	.00	2.53	.00	.00	.00	.00	.00	.00	.00
	218	21.52	.00	.00	.00	.00	.00	.00	.00	.00	.00
	219	21.08	.00	.00	.00	.00	.00	.00	.00	.00	.00
	220	20.58	.00	.00	.00	.00	.00	.00	.00	.00	.00
	221	20.04	.00	.00	.00	.00	.00	.00	.00	.00	.00
	222	19.46	.00	.00	.00	.00	.00	.00	.00	.00	.00
	223	18.84	.00	.00	.00	.00	.00	.00	.00	.00	.00
	224	18.21	.00	.00	.00	.00	.00	.00	.00	.00	.00
	225	17.55	.00	.00	.00	.00	.00	.00	.00	.00	.00
	226	16.88	.00	.00	.00	.00	.00	.00	.00	.00	.00
	227	16.21	.00	.00	.00	.00	.00	.00	.00	.00	.00
	228	9.16	.00	.00	.00	.00	.00	.00	.00	.00	.00
	229	8.77	.00	.00	.00	.00	.00	.00	.00	.00	.00
	230	8.33	.00	.00	.00	.00	.00	.00	.00	.00	.00
	231	7.83	.00	.00	.00	.00	.00	.00	.00	.00	.00
	232	7.30	.00	.00	.00	.00	.00	.00	.00	.00	.00
	233	6.72	.00	.00	.00	.00	.00	.00	.00	.00	.00
	234	6.01	.00	.00	.00	.00	.00	.00	.00	.00	.00
	235	5.31	.00	.00	.00	.00	.00	.00	.00	.00	.00
	236	4.63	.00	.00	.00	.00	.00	.00	.00	.00	.00
	237	3.99	.00	.00	.00	.00	.00	.00	.00	.00	.00
	238	3.40	.00	.00	.00	.00	.00	.00	.00	.00	.00
	239	2.87	.00	.00	.00	.00	.00	.00	.00	.00	.00
	240	2.42	.00	.00	.00	.00	.00	.00	.00	.00	.00
	241	2.05	.00	.00	.00	.00	.00	.00	.00	.00	.00
	242	2.13	.00	.00	.00	.00	.00	.00	.00	.00	.00
	243	2.48	.00	.00	.00	.00	.00	.00	.00	.00	.00
	244	2.79	.00	.00	.00	.00	.00	.00	.00	.00	.00
	245	3.04	.00	.00	.00	.00	.00	.00	.00	.00	.00
	246	3.23	.00	.00	.00	.00	.00	.00	.00	.00	.00
	247	3.35	.00	.00	.00	.00	.00	.00	.00	.00	.00
	248	3.40	.00	.00	.00	.00	.00	.00	.00	.00	.00
	249	4.22	.00	.00	.00	.00	.00	.00	.00	.00	.00
	250	4.42	.00	.00	.00	.00	.00	.00	.00	.00	.00
	251	4.66	.00	.00	.00	.00	.00	.00	.00	.00	.00
	252	4.89	.00	.00	.00	.00	.00	.00	.00	.00	.00
	253	5.05	.00	.00	.00	.00	.00	.00	.00	.00	.00
	254	5.21	.00	.00	.00	.00	.00	.00	.00	.00	.00
	255	5.36	.00	.00	.00	.00	.00	.00	.00	.00	.00
	256	5.49	.00	.00	.00	.00	.00	.00	.00	.00	.00
	257	5.59	.00	.00	.00	.00	.00	.00	.00	.00	.00
	258	5.64	.00	.00	.00	.00	.00	.00	.00	.00	.00
	259	5.64	.00	.00	.00	.00	.00	.00	.00	.00	.00
	260	5.57	.00	.00	.00	.00	.00	.00	.00	.00	.00
	261	5.44	.00	.00	.00	.00	.00	.00	.00	.00	.00
	262	5.24	.00	.00	.00	.00	.00	.00	.00	.00	.00
	263	4.97	.00	.00	.00	.00	.00	.00	.00	.00	.00
	264	4.65	.00	.00	.00	.00	.00	.00	.00	.00	.00
	265	4.30	.00	.00	.00	.00	.00	.00	.00	.00	.00
	266	3.09	.00	.00	.00	.00	.00	.00	.00	.00	.00
	267	2.56	.00	.00	.00	.00	.00	.00	.00	.00	.00
