loc.	Chm 1	Chm 2	Chm 3	Chm 4	Chm 5	Chm 6	Chm 7	Chm 8	Chm 9	Chm 10
	0	.77	3.82	1.82	4.04	1.36	1.56	.02	1.15	3.03	2.11
	1	.69	3.72	1.66	3.92	1.17	1.40	.12	1.02	2.95	2.25
	2	.63	3.60	1.48	3.80	1.00	1.24	.31	.90	2.83	2.59
	3	.61	3.47	1.31	3.68	.83	1.08	.60	.78	2.69	2.99
	4	.61	3.33	1.14	3.56	.67	.91	.98	.67	2.50	3.38
	5	.66	3.19	.98	3.43	.53	.76	1.40	.57	2.37	3.14
	6	.74	3.03	.82	3.30	.42	.61	1.86	.49	2.28	3.31
	7	.86	2.88	.66	3.17	.33	.48	4.07	.41	2.25	3.47
	8	.33	2.72	.52	3.03	.27	.35	4.47	.34	2.28	3.61
	9	.41	2.58	.39	2.89	.24	.24	4.89	.29	2.36	3.75
	10	.50	2.44	.28	2.75	.24	.14	5.31	.25	2.51	3.86
	11	.61	2.32	.19	2.61	.26	.07	5.71	.23	2.69	3.94
	12	.72	2.21	.13	2.47	.30	.03	6.09	.23	1.93	4.00
	13	.85	2.13	.09	2.32	.35	.01	6.42	.24	1.81	4.04
	14	.99	2.06	.07	2.18	.42	.02	6.70	.27	1.69	4.05
	15	1.15	2.01	.09	2.03	.49	1.20	6.93	.33	1.57	4.02
	16	1.32	1.97	.14	1.89	.34	1.26	7.11	.41	1.44	3.98
	17	1.50	1.41	.22	1.75	.32	1.33	7.24	.51	1.31	3.91
	18	1.70	1.41	.32	1.61	.29	1.39	7.31	.62	1.18	3.82
	19	1.91	1.41	.44	1.47	.27	1.46	7.33	.76	1.06	3.72
	20	2.13	1.42	.57	1.34	.25	1.53	7.31	.92	.94	3.72
	21	2.36	1.43	.73	1.22	.23	1.60	7.17	1.10	.82	3.49
	22	2.61	1.44	.89	1.10	.21	1.67	6.68	1.29	.70	3.22
	23	2.87	1.46	.02	.99	.20	1.74	6.14	1.50	.60	2.93
	24	3.14	1.48	.02	.89	.20	1.80	5.58	1.72	.50	2.62
	25	3.43	1.50	.02	.80	.19	1.87	4.99	1.94	.41	2.29
	26	3.72	1.53	.03	.71	.20	1.94	4.39	2.17	.33	1.94
	27	4.02	1.56	.04	.64	.21	2.00	3.81	2.40	.26	1.60
	28	4.33	1.59	.05	.58	.23	2.06	3.26	2.63	.20	1.26
	29	4.65	1.63	.07	.52	.25	2.12	2.00	2.86	.15	.95
	30	4.97	1.66	.09	.48	2.02	2.18	1.94	3.08	.12	.67
	31	5.30	1.70	.11	.44	1.83	2.23	1.92	3.29	.10	.44
	32	5.64	1.74	.14	.41	1.62	2.27	1.97	3.48	.08	.26
	33	5.97	1.79	.17	.38	1.45	2.32	2.06	3.66	.08	.12
	34	6.31	1.83	.21	.37	1.15	2.35	2.20	3.83	.10	.04
	35	6.65	1.87	.25	.35	1.20	2.39	2.38	3.96	.12	.27
	36	6.98	1.91	.29	.34	1.26	2.42	2.59	4.08	.15	.46
	37	7.31	1.95	.34	.33	1.33	2.45	2.82	4.16	.63	.70
	38	7.64	1.98	.39	.33	1.40	2.47	3.07	4.22	.62	1.00
	39	7.95	2.02	.44	.33	1.49	2.50	3.33	4.24	.60	1.35
	40	8.26	2.05	.50	.33	1.57	2.51	3.59	4.23	.59	1.75
	41	8.56	2.09	.55	.33	1.66	2.53	.69	4.18	.56	2.18
	42	10.14	2.12	.20	.33	1.75	2.54	.59	4.09	.53	2.62
	43	9.92	2.15	.30	.33	1.84	2.55	.50	3.97	.50	3.05
	44	9.70	2.17	.44	.33	1.93	2.56	.40	1.77	.46	3.47
	45	9.47	2.20	.63	.33	2.02	2.56	.31	1.58	.43	3.86
	46	9.24	2.23	.85	.33	2.11	1.57	.23	1.45	.39	5.70
	47	9.00	2.26	1.10	.33	2.39	1.66	.17	1.36	.35	5.84
	48	8.77	2.28	1.37	.33	2.39	1.69	.13	1.34	.32	5.95
	49	8.54	2.31	1.65	.14	2.38	5.06	.11	1.37	.28	6.04
	50	8.31	2.34	1.93	.14	2.36	5.38	.10	1.47	.18	6.10
	51	8.09	2.36	2.20	.13	2.33	5.69	.12	1.64	.09	6.14
	52	7.89	2.39	2.47	.13	2.29	6.00	.14	1.88	.04	6.15
	53	7.70	2.42	2.73	.13	2.23	6.30	.18	2.19	.06	6.13
	54	7.52	2.45	4.95	.13	2.16	6.59	.23	2.57	.15	6.44
	55	7.37	2.48	4.72	.13	2.07	6.86	.29	3.02	.33	6.49
	56	7.25	3.17	3.89	.14	1.97	7.12	.36	3.54	.62	6.50
	57	7.14	3.22	3.43	.15	1.86	7.35	.43	4.11	.99	6.49
	58	7.06	3.25	3.81	.17	1.74	7.56	.51	4.73	1.25	6.43
	59	7.01	3.26	4.18	.19	1.62	7.76	.58	5.40	1.29	6.34
	60	6.97	3.25	4.51	.22	1.49	8.29	.66	6.11	1.33	6.21
	61	6.95	3.21	4.79	.25	1.37	8.75	.74	6.84	1.35	6.04
	62	6.95	3.14	5.00	.29	1.25	9.25	.39	7.60	1.36	5.83
	63	6.96	3.04	5.13	.34	1.14	9.76	.56	8.36	1.36	5.58
	64	6.98	2.92	5.18	.39	2.81	10.27	.81	9.13	1.34	5.31
	65	7.00	2.77	5.15	.45	2.81	10.78	1.14	9.89	1.30	5.02
	66	7.03	2.60	6.74	.51	2.81	11.28	1.55	10.65	1.25	4.71
	67	7.05	2.41	6.85	.58	2.80	11.74	2.04	11.39	1.20	4.39
	68	7.08	2.21	6.94	.65	2.80	12.16	2.59	12.11	1.13	4.34
	69	7.10	2.01	7.00	1.27	2.79	12.53	3.20	12.82	1.45	4.38
	70	7.12	1.81	7.02	1.38	2.78	12.84	3.85	13.49	1.48	4.44
	71	7.13	1.61	7.01	1.52	2.78	13.08	4.53	14.15	1.51	4.51
	72	7.14	1.44	6.98	1.70	2.77	13.26	5.22	14.78	1.53	4.59
	73	7.15	1.28	6.93	1.91	2.76	13.36	7.27	15.38	1.56	4.68
	74	7.91	1.14	8.37	2.15	2.76	13.40	7.37	20.35	1.59	4.79
	75	7.77	1.02	8.66	2.39	2.76	13.36	7.27	20.06	1.62	4.91
	76	7.59	.92	8.92	2.64	2.77	13.24	7.02	19.72	1.65	5.04
	77	7.37	.84	9.15	2.83	2.78	13.06	6.67	19.31	1.68	5.18
	78	7.10	1.20	9.33	2.88	2.80	12.81	6.26	18.83	1.70	5.34
	79	6.80	1.23	9.47	2.93	2.84	12.50	5.83	18.29	1.72	5.50
	80	6.47	1.26	9.56	2.97	2.88	12.14	5.39	17.69	1.74	5.66
	81	6.12	1.50	9.61	3.01	2.93	11.74	7.65	17.02	1.75	5.83
	82	5.75	1.49	9.61	3.04	3.00	11.31	7.87	16.28	1.75	5.99
	83	5.37	1.50	9.56	3.05	3.08	10.86	8.04	15.48	1.75	6.15
	84	4.70	1.53	9.47	3.06	3.17	6.98	8.17	14.61	2.20	6.30
	85	8.19	1.58	9.34	3.06	3.27	5.74	8.26	13.69	1.70	6.44
	86	8.26	1.64	9.17	3.04	3.37	4.53	8.30	12.71	1.49	6.55
	87	8.31	1.72	8.96	3.01	3.48	6.63	8.29	11.68	1.41	6.65
	88	8.36	1.82	8.72	2.97	3.60	6.41	8.24	10.61	1.32	6.72
	89	8.40	1.92	8.45	2.92	3.72	6.14	8.15	9.53	1.23	6.77
	90	8.43	2.02	8.16	2.85	3.85	5.84	8.03	8.44	1.13	6.78
	91	8.45	1.64	7.85	2.78	3.97	5.50	8.20	7.38	1.04	6.76
	92	8.45	1.67	7.53	2.69	4.10	5.12	8.37	6.38	.94	6.71
	93	8.44	1.67	7.20	2.60	4.22	4.71	8.51	5.46	.85	6.63
	94	8.42	1.63	6.87	2.58	4.34	4.27	8.61	4.65	.77	6.52
	95	8.38	1.57	6.54	2.37	4.45	3.82	8.66	3.94	.69	4.44
	96	8.33	1.47	6.21	2.12	4.56	3.36	8.68	2.90	.62	5.03
	97	8.26	1.36	4.14	1.85	4.67	2.90	8.64	2.96	.56	5.64
	98	8.17	1.23	4.17	1.58	3.28	2.46	8.57	3.01	.28	6.25
	99	8.07	1.17	4.18	1.34	3.28	2.05	8.46	3.06	.12	6.82
	100	7.96	1.25	4.15	1.07	3.28	1.68	8.32	3.10	.03	7.33
	101	7.83	1.34	4.10	1.28	3.26	1.34	8.15	3.14	.01	7.74
	102	7.69	1.45	4.01	1.46	3.24	1.05	7.96	3.17	.01	8.02
	103	7.53	1.57	5.23	.24	3.22	.34	7.76	3.20	.01	8.16
	104	7.36	1.70	5.49	.22	3.19	.63	7.56	3.22	.01	8.16
	105	7.18	1.83	5.76	.20	3.17	1.00	7.35	3.23	.02	8.00
	106	6.98	1.97	6.02	.18	3.14	1.47	7.16	3.23	.03	7.71
	107	6.78	2.10	6.27	.16	3.11	1.98	6.98	1.34	.05	7.29
	108	6.56	2.23	6.50	.15	3.07	2.54	6.82	1.24	.07	6.79
	109	6.34	2.34	6.71	.14	3.04	3.11	6.68	1.14	.09	5.93
	110	6.11	2.06	6.88	.13	3.01	3.42	6.73	1.04	.29	5.82
	111	5.88	1.87	7.02	.12	2.97	3.68	6.52	.93	.72	5.69
	112	5.64	1.70	7.13	.11	2.94	3.93	6.25	.83	1.35	5.54
	113	5.41	1.55	7.20	.11	2.90	4.18	5.94	.73	2.09	5.38
	114	5.17	1.43	7.23	.11	2.86	4.40	5.58	.63	2.86	5.19
	115	4.93	1.33	7.22	.11	2.82	4.60	5.19	.53	3.61	4.98
	116	4.69	1.25	7.19	.12	2.78	4.75	.00	.44	3.31	4.74
	117	4.46	1.89	7.11	.13	4.76	4.84	.00	.35	3.39	4.49
	118	4.23	2.01	7.01	.14	4.83	4.88	.00	.28	3.45	4.22
	119	4.01	2.15	6.88	.15	4.86	4.85	.00	.21	3.50	3.93
	120	3.80	2.30	6.72	.17	4.84	4.75	.00	.15	3.53	3.63
	121	3.59	2.47	6.54	.19	4.78	4.59	.00	.11	3.53	3.31
	122	3.39	2.66	6.34	.21	4.68	4.36	.00	.07	3.51	2.99
	123	3.19	2.85	6.13	.23	4.53	4.08	.00	.04	3.46	2.67
	124	3.01	3.06	5.91	.25	4.34	3.77	.00	.02	3.37	2.35
	125	2.83	3.27	5.69	.27	4.11	1.76	.00	.01	3.25	2.04
	126	2.67	3.48	5.46	.30	3.86	1.72	.00	.00	3.10	1.75
	127	2.51	3.69	5.23	.32	3.58	1.68	.00	.07	2.91	1.48
	128	1.31	3.90	5.00	.76	3.31	1.64	.00	.03	2.70	1.23
	129	1.41	4.09	4.79	.78	3.07	1.59	.00	.01	2.48	1.01
	130	1.50	4.27	4.58	.78	2.84	1.53	.00	.02	2.24	.81
	131	1.59	4.42	4.37	.77	.44	1.47	.00	.06	2.01	.64
	132	1.67	4.56	4.18	.74	.50	1.41	.00	.14	1.78	.50
	133	1.75	4.68	4.00	.78	.57	1.35	.00	.25	1.56	.39
	134	1.82	4.77	3.83	.73	.65	1.28	.00	.38	1.36	.29
	135	1.88	4.84	3.68	.68	.72	1.22	.00	.53	1.18	.21
	136	1.90	4.89	3.53	.63	.80	1.16	.00	.69	.00	.15
	137	1.89	4.91	3.39	3.15	.88	1.11	.00	.83	.00	.11
	138	1.83	4.91	3.26	3.27	.96	1.06	.00	.97	.00	.07
	139	1.73	4.89	1.29	3.39	1.03	1.01	.00	1.09	.00	.00
	140	1.59	4.85	1.41	3.52	1.09	.98	.00	.74	.00	.00
	141	1.64	4.14	1.50	3.64	1.15	.95	.00	.60	.00	.00
	142	7.28	3.58	1.60	3.75	1.20	.94	.00	.49	.00	.00
	143	7.77	3.03	1.71	3.85	1.23	.93	.00	.40	.00	.00
	144	8.25	2.50	1.84	3.92	1.26	.93	.00	.35	.00	.00
	145	8.72	2.02	1.98	3.98	1.28	.94	.00	.34	.00	.00
	146	9.17	1.58	2.14	4.17	1.29	.96	.00	.38	.00	.00
	147	9.60	1.46	2.31	4.37	1.30	.98	.00	.45	.00	.00
	148	10.00	1.32	2.50	4.56	1.55	1.01	.00	.56	.00	.00
	149	10.36	1.17	2.71	4.73	1.59	1.04	.00	.70	.00	.00
	150	11.85	1.02	2.92	4.88	1.63	1.07	.00	.24	.00	.00
	151	11.70	.92	3.15	5.02	1.67	1.11	.00	.22	.00	.00
	152	11.54	.85	3.39	5.13	1.71	1.14	.00	.19	.00	.00
	153	11.37	.78	3.63	5.21	1.74	1.18	.00	.17	.00	.00
	154	11.18	.72	3.87	5.28	1.78	1.21	.00	.15	.00	.00
	155	10.97	.65	4.12	5.32	1.81	1.24	.00	.13	.00	.00
	156	10.75	.59	4.36	5.34	1.85	1.26	.00	.12	.00	.00
	157	10.51	3.58	4.59	5.34	1.88	1.28	.00	.11	.00	.00
	158	10.25	3.81	4.81	5.32	1.90	1.30	.00	.10	.00	.00
	159	9.98	4.06	5.02	5.28	1.92	.00	.00	.10	.00	.00
	160	9.68	4.33	5.21	5.23	1.94	.00	.00	.10	.00	.00
	161	9.38	4.60	5.38	5.16	1.95	.00	.00	.10	.00	.00
	162	9.05	4.89	5.54	5.08	1.95	.00	.00	.11	.00	.00
	163	8.72	5.19	5.67	4.99	1.95	.00	.00	.12	.00	.00
	164	8.36	5.49	5.79	4.88	1.93	.00	.00	.13	.00	.00
	165	8.00	5.79	5.89	4.78	1.91	.00	.00	.12	.00	.00
	166	7.62	6.09	5.96	4.67	1.89	.00	.00	.09	.00	.00
	167	7.24	6.38	6.02	4.55	1.85	.00	.00	.07	.00	.00
	168	6.85	6.66	6.05	.00	1.81	.00	.00	.04	.00	.00
	169	6.45	6.92	6.07	.00	1.77	.00	.00	.02	.00	.00
	170	6.06	7.17	6.06	.00	1.72	.00	.00	.01	.00	.00
	171	5.66	7.39	6.04	.00	1.66	.00	.00	.00	.00	.00
	172	5.27	7.60	6.01	.00	1.61	.00	.00	.01	.00	.00
	173	4.89	7.78	5.96	.00	1.55	.00	.00	.02	.00	.00
	174	4.51	7.95	5.90	.00	1.48	.00	.00	.05	.00	.00
	175	3.27	8.09	5.83	.00	1.42	.00	.00	.09	.00	.00
	176	3.24	8.21	5.75	.00	1.36	.00	.00	.13	.00	.00
	177	3.19	8.32	5.67	.00	1.30	.00	.00	.42	.00	.00
	178	3.13	8.40	5.58	.00	1.23	.00	.00	.58	.00	.00
	179	3.05	8.47	5.49	.00	1.18	.00	.00	.79	.00	.00
	180	2.97	8.52	5.41	.00	.00	.00	.00	1.05	.00	.00
	181	2.88	8.55	5.33	.00	.00	.00	.00	1.34	.00	.00
	182	2.78	8.57	5.25	.00	.00	.00	.00	1.65	.00	.00
	183	2.68	6.96	5.17	.00	.00	.00	.00	1.96	.00	.00
	184	2.57	7.12	5.10	.00	.00	.00	.00	2.26	.00	.00
	185	2.45	7.27	5.04	.00	.00	.00	.00	2.53	.00	.00
	186	2.34	7.41	4.97	.00	.00	.00	.00	2.78	.00	.00
	187	2.22	7.56	4.92	.00	.00	.00	.00	2.99	.00	.00
	188	2.11	7.70	4.87	.00	.00	.00	.00	.00	.00	.00
	189	1.99	7.84	5.24	.00	.00	.00	.00	.00	.00	.00
	190	1.88	7.97	5.39	.00	.00	.00	.00	.00	.00	.00
	191	1.78	8.10	5.53	.00	.00	.00	.00	.00	.00	.00
	192	1.67	8.22	5.65	.00	.00	.00	.00	.00	.00	.00
	193	1.58	8.33	5.74	.00	.00	.00	.00	.00	.00	.00
	194	1.49	8.43	5.73	.00	.00	.00	.00	.00	.00	.00
	195	1.40	8.52	5.71	.00	.00	.00	.00	.00	.00	.00
	196	3.16	.00	5.68	.00	.00	.00	.00	.00	.00	.00
	197	4.08	.00	5.63	.00	.00	.00	.00	.00	.00	.00
	198	5.05	.00	5.57	.00	.00	.00	.00	.00	.00	.00
	199	6.05	.00	5.49	.00	.00	.00	.00	.00	.00	.00
	200	7.05	.00	5.40	.00	.00	.00	.00	.00	.00	.00
	201	8.01	.00	5.30	.00	.00	.00	.00	.00	.00	.00
	202	8.93	.00	5.18	.00	.00	.00	.00	.00	.00	.00
	203	9.77	.00	5.05	.00	.00	.00	.00	.00	.00	.00
	204	10.52	.00	4.91	.00	.00	.00	.00	.00	.00	.00
	205	11.19	.00	4.76	.00	.00	.00	.00	.00	.00	.00
	206	7.61	.00	4.61	.00	.00	.00	.00	.00	.00	.00
	207	9.06	.00	4.45	.00	.00	.00	.00	.00	.00	.00
	208	9.32	.00	4.28	.00	.00	.00	.00	.00	.00	.00
	209	9.55	.00	4.12	.00	.00	.00	.00	.00	.00	.00
	210	9.73	.00	3.95	.00	.00	.00	.00	.00	.00	.00
	211	9.88	.00	3.78	.00	.00	.00	.00	.00	.00	.00
	212	10.01	.00	3.61	.00	.00	.00	.00	.00	.00	.00
	213	10.14	.00	3.44	.00	.00	.00	.00	.00	.00	.00
	214	10.29	.00	3.28	.00	.00	.00	.00	.00	.00	.00
	215	10.45	.00	3.12	.00	.00	.00	.00	.00	.00	.00
	216	9.71	.00	2.97	.00	.00	.00	.00	.00	.00	.00
	217	9.97	.00	2.82	.00	.00	.00	.00	.00	.00	.00
	218	10.21	.00	.00	.00	.00	.00	.00	.00	.00	.00
	219	10.42	.00	.00	.00	.00	.00	.00	.00	.00	.00
	220	10.60	.00	.00	.00	.00	.00	.00	.00	.00	.00
	221	10.73	.00	.00	.00	.00	.00	.00	.00	.00	.00
	222	10.83	.00	.00	.00	.00	.00	.00	.00	.00	.00
	223	10.89	.00	.00	.00	.00	.00	.00	.00	.00	.00
	224	10.91	.00	.00	.00	.00	.00	.00	.00	.00	.00
	225	10.88	.00	.00	.00	.00	.00	.00	.00	.00	.00
	226	10.83	.00	.00	.00	.00	.00	.00	.00	.00	.00
	227	10.74	.00	.00	.00	.00	.00	.00	.00	.00	.00
	228	8.33	.00	.00	.00	.00	.00	.00	.00	.00	.00
	229	8.16	.00	.00	.00	.00	.00	.00	.00	.00	.00
	230	8.00	.00	.00	.00	.00	.00	.00	.00	.00	.00
	231	7.83	.00	.00	.00	.00	.00	.00	.00	.00	.00
	232	7.66	.00	.00	.00	.00	.00	.00	.00	.00	.00
	233	3.03	.00	.00	.00	.00	.00	.00	.00	.00	.00
	234	2.55	.00	.00	.00	.00	.00	.00	.00	.00	.00
	235	2.09	.00	.00	.00	.00	.00	.00	.00	.00	.00
	236	1.68	.00	.00	.00	.00	.00	.00	.00	.00	.00
	237	1.31	.00	.00	.00	.00	.00	.00	.00	.00	.00
	238	.99	.00	.00	.00	.00	.00	.00	.00	.00	.00
	239	.72	.00	.00	.00	.00	.00	.00	.00	.00	.00
	240	.49	.00	.00	.00	.00	.00	.00	.00	.00	.00
	241	.31	.00	.00	.00	.00	.00	.00	.00	.00	.00
	242	.36	.00	.00	.00	.00	.00	.00	.00	.00	.00
	243	.55	.00	.00	.00	.00	.00	.00	.00	.00	.00
	244	.78	.00	.00	.00	.00	.00	.00	.00	.00	.00
	245	1.04	.00	.00	.00	.00	.00	.00	.00	.00	.00
	246	1.34	.00	.00	.00	.00	.00	.00	.00	.00	.00
	247	1.68	.00	.00	.00	.00	.00	.00	.00	.00	.00
	248	2.04	.00	.00	.00	.00	.00	.00	.00	.00	.00
	249	4.27	.00	.00	.00	.00	.00	.00	.00	.00	.00
	250	4.43	.00	.00	.00	.00	.00	.00	.00	.00	.00
	251	4.27	.00	.00	.00	.00	.00	.00	.00	.00	.00
	252	3.96	.00	.00	.00	.00	.00	.00	.00	.00	.00
	253	3.76	.00	.00	.00	.00	.00	.00	.00	.00	.00
	254	3.60	.00	.00	.00	.00	.00	.00	.00	.00	.00
	255	3.48	.00	.00	.00	.00	.00	.00	.00	.00	.00
	256	3.43	.00	.00	.00	.00	.00	.00	.00	.00	.00
	257	3.45	.00	.00	.00	.00	.00	.00	.00	.00	.00
	258	3.57	.00	.00	.00	.00	.00	.00	.00	.00	.00
	259	3.79	.00	.00	.00	.00	.00	.00	.00	.00	.00
	260	4.12	.00	.00	.00	.00	.00	.00	.00	.00	.00
	261	4.54	.00	.00	.00	.00	.00	.00	.00	.00	.00
	262	5.02	.00	.00	.00	.00	.00	.00	.00	.00	.00
	263	5.55	.00	.00	.00	.00	.00	.00	.00	.00	.00
	264	6.09	.00	.00	.00	.00	.00	.00	.00	.00	.00
	265	6.62	.00	.00	.00	.00	.00	.00	.00	.00	.00
	266	8.57	.00	.00	.00	.00	.00	.00	.00	.00	.00
	267	9.44	.00	.00	.00	.00	.00	.00	.00	.00	.00
