loc.	Chm 1	Chm 2	Chm 3	Chm 4	Chm 5	Chm 6	Chm 7	Chm 8	Chm 9	Chm 10
	0	1.81	1.56	.99	1.83	3.35	3.13	.02	2.96	1.37	5.48
	1	1.79	1.75	.89	1.76	3.45	3.60	.04	2.97	1.44	5.64
	2	1.77	1.95	.79	1.70	3.54	4.05	.09	2.97	1.49	5.75
	3	1.73	2.16	.69	1.63	3.61	4.44	.16	2.97	1.53	5.81
	4	1.69	2.38	.60	1.56	3.67	4.78	.27	2.97	3.00	5.83
	5	1.65	2.60	.51	1.49	3.70	5.06	.39	2.97	2.95	6.02
	6	1.60	2.82	.42	1.42	3.70	5.29	.55	2.97	2.89	5.92
	7	1.55	3.04	.35	1.34	3.69	5.59	1.38	2.96	2.81	5.80
	8	.65	3.24	.28	1.27	3.66	5.87	1.45	2.96	2.71	5.67
	9	.58	3.43	.22	1.20	3.60	6.06	1.53	2.95	2.60	5.52
	10	.52	3.60	.16	1.13	3.53	6.12	1.60	2.94	2.47	5.36
	11	.45	3.74	.12	1.06	3.45	6.05	1.67	2.93	2.33	5.18
	12	.39	3.86	.08	1.00	3.35	5.80	1.74	2.92	3.28	4.99
	13	.33	3.96	.06	.95	3.24	5.38	1.80	2.91	3.36	4.78
	14	.27	4.03	.04	.91	3.12	4.80	1.85	2.89	3.44	4.57
	15	.22	4.08	.03	.88	3.00	10.79	1.88	2.87	3.52	4.35
	16	.17	4.11	.02	.87	5.59	10.87	1.91	2.85	3.60	4.13
	17	.13	4.88	.02	.88	5.72	10.94	1.92	2.83	3.67	3.90
	18	.09	4.95	.02	.91	5.84	11.00	1.93	2.81	3.75	3.68
	19	.06	5.01	.02	.96	5.92	11.05	1.92	2.78	3.82	3.47
	20	.04	5.06	.02	1.04	5.96	11.10	1.89	2.75	3.89	4.92
	21	.03	5.11	.03	1.14	5.97	11.13	1.85	2.71	3.96	4.87
	22	.02	5.14	.03	1.27	5.93	11.15	1.72	2.68	4.02	4.81
	23	.02	5.17	.14	1.44	5.85	11.16	1.58	2.64	4.08	4.74
	24	.03	5.19	.15	1.62	5.74	11.16	1.43	2.60	4.12	4.66
	25	.05	5.19	.17	1.83	5.60	11.15	1.27	2.55	4.16	4.57
	26	.08	5.19	.19	2.06	5.44	11.13	1.12	2.51	4.19	4.47
	27	.11	5.17	.21	2.30	5.27	11.09	.98	2.46	4.21	4.37
	28	.15	5.14	.24	2.56	5.12	11.05	.86	2.41	4.22	4.26
	29	.19	5.10	.27	2.82	4.98	10.99	1.12	2.35	4.21	4.15
	30	.24	5.05	.30	3.09	2.59	10.92	1.31	2.30	4.19	4.05
	31	.29	4.99	.34	3.36	3.72	10.83	1.51	2.24	4.17	3.94
	32	.35	4.91	.38	3.63	4.82	10.74	1.72	2.17	4.13	3.83
	33	.41	4.83	.42	3.89	5.75	10.63	1.93	2.11	4.08	3.73
	34	.47	4.74	.47	4.15	6.28	10.50	2.14	2.04	4.02	3.62
	35	.53	4.64	.52	4.40	6.28	10.37	2.33	1.98	3.95	1.24
	36	.59	4.54	.56	4.64	6.23	10.22	2.51	1.91	3.88	1.27
	37	.66	4.43	.61	4.86	6.15	10.05	2.65	1.83	1.73	1.29
	38	.72	4.31	.65	5.08	6.04	9.87	2.77	1.75	1.62	1.31
	39	.79	4.20	.70	5.28	5.90	9.68	2.86	1.68	1.50	1.33
	40	.85	4.09	.74	5.47	5.74	9.48	2.91	1.60	1.39	1.35
	41	.92	3.98	.78	5.64	5.57	9.26	1.96	1.51	1.29	1.37
	42	2.72	3.86	.60	5.80	5.40	9.03	2.01	1.42	1.19	1.39
	43	2.81	3.76	.72	5.94	5.23	8.79	2.08	1.33	1.09	1.40
	44	2.92	3.65	.87	6.07	5.07	8.53	2.15	.56	1.00	1.42
	45	3.03	3.55	1.05	6.19	4.92	8.27	2.23	.57	.91	1.43
	46	3.16	3.45	1.25	6.30	4.77	1.95	2.33	.57	.83	1.52
	47	3.30	3.36	1.47	6.39	3.31	1.89	2.42	.58	.76	1.67
	48	3.44	3.26	1.71	6.47	3.09	1.81	2.52	.59	.70	1.82
	49	3.60	3.18	1.95	9.75	2.86	.68	2.63	.61	.64	1.96
	50	3.76	3.09	2.21	10.38	2.62	.56	2.74	.62	.10	2.07
	51	3.93	3.01	2.47	11.00	2.37	.46	2.85	.63	.12	2.18
	52	4.09	2.93	2.72	11.59	2.12	.38	2.96	.65	.13	2.26
	53	4.26	2.86	2.96	12.15	1.87	.34	3.08	.67	.13	2.32
	54	4.41	2.78	3.38	12.66	1.63	.33	3.20	.68	.13	1.93
	55	4.56	2.71	3.15	13.13	1.39	.36	3.32	.70	.12	1.92
	56	4.70	.06	2.86	13.55	1.16	.41	3.44	.72	.11	1.94
	57	4.83	.07	2.57	13.91	.95	.50	3.57	.74	.08	1.99
	58	4.94	.10	2.31	14.22	.76	.62	3.69	.76	.07	2.07
	59	5.03	.13	2.02	14.47	.59	.76	3.82	.78	.05	2.18
	60	5.10	.18	1.71	14.66	.44	2.60	3.94	.80	.03	2.30
	61	5.16	.25	1.38	14.78	.32	2.92	4.07	.82	.02	2.44
	62	5.19	.32	1.06	14.84	.22	3.25	5.77	.85	.01	2.57
	63	5.20	.42	.77	14.83	.15	3.59	6.16	.87	.01	2.69
	64	5.19	.53	.52	14.77	1.75	3.93	6.53	.89	.02	2.78
	65	5.16	.65	.33	14.64	1.88	4.27	6.87	.91	.04	2.85
	66	5.12	.78	1.18	14.45	2.02	4.61	7.17	.93	.06	2.88
	67	5.06	.93	1.31	14.21	2.17	4.95	7.42	.95	.08	2.87
	68	4.98	1.09	1.47	13.94	2.34	5.28	7.62	.97	.11	1.77
	69	4.90	1.26	1.65	20.71	2.52	5.61	7.75	.99	.53	1.75
	70	4.81	1.43	1.86	20.74	2.71	5.92	7.81	1.01	.83	1.72
	71	4.71	1.60	2.09	20.73	2.93	6.23	7.79	1.03	1.20	1.69
	72	4.60	1.77	2.33	20.69	3.15	6.52	7.70	1.05	1.66	1.65
	73	4.50	1.94	2.57	20.60	3.40	6.79	6.46	1.07	2.20	1.60
	74	4.43	2.11	1.69	20.49	3.67	7.05	6.15	2.01	2.81	1.55
	75	5.29	2.27	1.73	20.34	3.95	7.28	5.72	2.31	3.47	1.49
	76	5.94	2.43	1.76	20.17	4.26	7.50	5.15	2.64	4.18	1.42
	77	6.40	2.57	1.78	20.01	4.58	7.69	4.49	3.01	4.91	1.35
	78	6.72	3.41	1.80	19.91	4.92	7.86	3.77	3.41	5.65	1.27
	79	6.93	3.92	1.81	19.77	5.28	8.01	3.06	3.84	6.37	1.19
	80	7.06	4.46	1.80	19.58	5.65	8.13	2.40	4.29	7.07	1.12
	81	7.15	4.82	1.79	19.34	6.02	8.23	2.53	4.75	7.73	1.04
	82	7.20	5.59	1.77	19.06	6.39	8.31	2.45	5.23	8.34	.96
	83	7.24	6.42	1.74	18.72	6.76	8.37	2.38	5.70	8.89	.89
	84	6.57	7.28	1.71	18.33	7.12	11.99	2.32	6.18	15.15	.82
	85	9.36	8.12	1.68	17.89	7.46	13.41	2.26	6.64	15.85	.75
	86	9.46	8.93	1.66	17.39	7.77	14.35	2.21	7.09	16.57	.70
	87	9.55	9.67	1.64	16.84	8.06	19.87	2.15	7.52	17.68	.64
	88	9.63	10.34	1.63	16.25	8.31	20.17	2.10	7.93	18.74	.59
	89	9.71	10.93	1.63	15.61	8.53	20.29	2.03	8.32	19.74	.55
	90	9.79	11.43	1.64	14.93	8.71	20.24	1.97	8.68	20.64	.52
	91	9.86	13.05	1.66	14.23	8.85	20.05	1.85	9.01	21.42	.48
	92	9.92	13.37	1.70	13.49	8.94	19.73	1.73	9.31	22.04	.45
	93	9.97	13.65	1.74	12.75	9.00	19.31	1.59	9.58	22.48	.43
	94	10.00	13.86	1.79	9.83	9.01	18.79	1.44	9.81	22.66	.40
	95	10.03	13.99	1.84	9.92	8.98	18.20	1.29	10.01	22.52	.25
	96	10.04	14.00	1.90	9.91	8.90	17.54	1.14	9.09	21.88	.23
	97	10.04	13.83	1.77	9.77	8.80	16.84	.98	9.03	20.52	.22
	98	10.03	13.47	1.76	9.46	5.58	16.11	.83	8.93	21.56	.22
	99	10.00	13.22	1.76	8.94	5.24	15.35	.68	8.81	22.33	.23
	100	9.95	13.71	1.79	2.25	4.91	14.60	.54	8.65	22.42	.26
	101	9.89	14.23	1.84	2.04	4.59	13.85	.41	8.47	22.16	.29
	102	9.82	14.75	1.90	1.75	4.27	13.12	.31	8.26	24.20	.32
	103	9.73	15.23	2.03	2.60	3.97	9.11	.21	8.03	24.20	.36
	104	9.62	15.65	2.01	2.86	3.67	9.20	.14	7.78	23.98	.39
	105	9.50	15.97	2.00	3.15	3.37	9.22	.09	7.53	23.56	.41
	106	9.37	16.17	1.98	3.44	3.08	9.24	.05	7.27	22.96	.43
	107	9.23	16.23	1.95	3.74	2.80	9.35	.02	5.40	22.18	.42
	108	9.07	16.15	1.93	4.05	2.53	9.70	.01	5.12	21.23	.41
	109	8.91	15.93	1.89	4.35	2.26	10.36	.00	4.83	20.13	.50
	110	8.74	19.33	1.86	4.64	2.01	10.14	1.01	4.54	19.09	.44
	111	8.56	19.10	1.82	4.91	1.77	9.67	1.15	4.25	18.00	.38
	112	8.37	18.74	1.77	5.15	1.56	9.21	1.34	3.95	16.75	.32
	113	8.19	18.29	1.72	5.36	1.37	8.78	1.55	3.66	15.35	.25
	114	7.99	17.76	1.67	5.54	1.22	8.40	1.76	3.38	13.80	.19
	115	7.79	17.16	1.61	5.68	1.12	8.07	1.95	3.12	12.14	.13
	116	7.59	16.50	1.55	5.78	1.06	7.79	.00	2.87	6.56	.08
	117	7.38	20.47	1.49	5.84	1.52	7.54	.00	2.66	6.54	.04
	118	7.17	21.03	1.42	5.86	1.52	7.34	.00	2.47	6.54	.01
	119	6.95	21.56	1.35	5.84	1.53	7.16	.00	2.32	6.55	.00
	120	6.73	22.04	1.29	5.79	1.56	7.00	.00	2.21	6.58	.01
	121	6.50	22.45	1.22	5.70	1.59	6.86	.00	2.14	6.61	.04
	122	6.27	22.78	1.16	5.59	1.62	6.72	.00	2.10	6.65	.10
	123	6.04	23.00	1.09	5.46	1.66	6.60	.00	2.09	6.70	.18
	124	5.80	23.13	1.03	5.31	1.70	6.47	.00	2.10	6.75	.29
	125	5.57	23.14	.97	5.14	1.74	1.00	.00	2.13	6.80	.42
	126	5.33	23.04	.91	4.97	1.77	.97	.00	2.18	6.85	.58
	127	5.09	22.83	.86	4.80	1.80	.94	.00	3.06	6.89	.77
	128	1.48	22.50	.81	6.53	1.74	.90	.00	3.04	6.93	.97
	129	1.48	22.07	.76	7.41	1.67	.87	.00	3.00	6.96	1.19
	130	1.52	21.52	.71	8.16	1.60	.84	.00	2.95	6.97	1.42
	131	1.60	20.88	.67	8.77	1.99	.81	.00	2.88	6.97	1.66
	132	1.73	20.14	.63	9.21	1.86	.78	.00	2.79	6.96	1.91
	133	1.87	19.32	.60	8.05	1.73	.75	.00	2.70	6.94	2.16
	134	2.14	18.42	.56	7.40	1.60	.73	.00	2.59	6.90	2.41
	135	2.53	17.46	.53	6.49	1.46	.70	.00	2.48	6.86	2.66
	136	2.93	16.44	.50	5.38	1.33	.68	.00	2.36	.00	2.90
	137	3.33	15.39	.47	9.18	1.20	.65	.00	2.24	.00	3.14
	138	3.71	14.32	.45	9.84	1.08	.63	.00	2.13	.00	3.37
	139	4.06	13.24	.24	10.35	.97	.60	.00	2.02	.00	.00
	140	4.40	12.17	.64	10.69	.86	.57	.00	2.20	.00	.00
	141	4.79	3.80	.66	10.83	.77	.54	.00	2.07	.00	.00
	142	14.23	3.77	.69	10.77	.68	.51	.00	1.96	.00	.00
	143	15.08	3.80	.72	10.51	.61	.47	.00	1.86	.00	.00
	144	15.87	3.87	.76	10.06	.55	.43	.00	1.79	.00	.00
	145	16.55	3.94	.80	9.45	.50	.40	.00	1.72	.00	.00
	146	17.06	3.99	.85	9.41	.46	.36	.00	1.68	.00	.00
	147	17.37	3.74	.90	9.42	.43	.32	.00	1.65	.00	.00
	148	17.45	3.50	.95	9.41	.47	.29	.00	1.63	.00	.00
	149	17.27	3.28	1.02	9.39	.56	.25	.00	1.62	.00	.00
	150	19.04	3.09	1.08	9.36	.66	.22	.00	1.62	.00	.00
	151	19.87	4.22	1.15	9.32	.77	.19	.00	1.80	.00	.00
	152	20.69	4.72	1.23	9.26	.88	.17	.00	1.99	.00	.00
	153	21.49	5.22	1.31	9.19	1.01	.15	.00	2.18	.00	.00
	154	22.26	5.69	1.40	9.11	1.14	.13	.00	2.38	.00	.00
	155	23.00	6.13	1.48	9.02	1.27	.12	.00	2.57	.00	.00
	156	23.71	6.53	1.57	8.93	1.41	.12	.00	2.77	.00	.00
	157	24.36	8.41	1.67	8.83	1.55	.12	.00	2.95	.00	.00
	158	24.97	8.33	1.76	8.72	1.69	.12	.00	3.13	.00	.00
	159	25.53	8.24	1.86	8.60	1.83	.00	.00	3.30	.00	.00
	160	26.03	8.14	1.96	8.48	1.95	.00	.00	3.45	.00	.00
	161	26.47	8.04	2.06	8.34	2.08	.00	.00	3.60	.00	.00
	162	26.85	7.92	2.16	8.20	2.19	.00	.00	3.73	.00	.00
	163	27.17	7.80	2.26	8.04	2.29	.00	.00	3.84	.00	.00
	164	27.43	7.66	2.36	7.87	2.39	.00	.00	3.94	.00	.00
	165	27.61	7.51	2.46	7.69	2.48	.00	.00	3.11	.00	.00
	166	27.73	7.34	2.56	7.50	2.56	.00	.00	2.67	.00	.00
	167	27.77	7.17	2.66	7.29	2.62	.00	.00	2.24	.00	.00
	168	27.74	6.97	2.75	.00	2.68	.00	.00	1.83	.00	.00
	169	27.63	6.76	2.84	.00	2.74	.00	.00	1.44	.00	.00
	170	27.45	6.54	2.93	.00	2.78	.00	.00	1.09	.00	.00
	171	27.20	6.31	3.02	.00	2.83	.00	.00	.77	.00	.00
	172	26.88	6.06	3.11	.00	2.86	.00	.00	.50	.00	.00
	173	26.49	5.81	3.19	.00	2.89	.00	.00	.30	.00	.00
	174	26.03	5.55	3.26	.00	2.91	.00	.00	.14	.00	.00
	175	11.70	5.28	3.34	.00	2.94	.00	.00	.05	.00	.00
	176	11.83	5.02	3.41	.00	2.95	.00	.00	.01	.00	.00
	177	11.92	4.75	3.48	.00	2.97	.00	.00	.21	.00	.00
	178	11.95	4.50	3.54	.00	2.98	.00	.00	.22	.00	.00
	179	11.94	4.25	3.61	.00	2.99	.00	.00	.23	.00	.00
	180	11.85	4.02	3.67	.00	.00	.00	.00	.25	.00	.00
	181	11.70	3.80	3.72	.00	.00	.00	.00	.27	.00	.00
	182	11.47	3.59	3.77	.00	.00	.00	.00	.30	.00	.00
	183	11.15	1.20	3.82	.00	.00	.00	.00	.33	.00	.00
	184	10.75	1.42	3.87	.00	.00	.00	.00	.36	.00	.00
	185	10.26	1.64	3.92	.00	.00	.00	.00	.40	.00	.00
	186	9.69	1.86	3.96	.00	.00	.00	.00	.44	.00	.00
	187	9.04	2.07	4.00	.00	.00	.00	.00	.47	.00	.00
	188	8.33	2.25	4.04	.00	.00	.00	.00	.00	.00	.00
	189	7.56	2.41	4.95	.00	.00	.00	.00	.00	.00	.00
	190	6.76	2.54	5.80	.00	.00	.00	.00	.00	.00	.00
	191	5.97	2.63	6.48	.00	.00	.00	.00	.00	.00	.00
	192	5.21	2.69	7.01	.00	.00	.00	.00	.00	.00	.00
	193	4.50	2.71	7.26	.00	.00	.00	.00	.00	.00	.00
	194	3.86	2.71	7.16	.00	.00	.00	.00	.00	.00	.00
	195	3.29	2.68	7.03	.00	.00	.00	.00	.00	.00	.00
	196	1.20	.00	6.89	.00	.00	.00	.00	.00	.00	.00
	197	1.03	.00	6.71	.00	.00	.00	.00	.00	.00	.00
	198	.87	.00	6.52	.00	.00	.00	.00	.00	.00	.00
	199	.72	.00	6.31	.00	.00	.00	.00	.00	.00	.00
	200	.60	.00	6.07	.00	.00	.00	.00	.00	.00	.00
	201	.52	.00	5.82	.00	.00	.00	.00	.00	.00	.00
	202	.50	.00	5.56	.00	.00	.00	.00	.00	.00	.00
	203	.55	.00	5.28	.00	.00	.00	.00	.00	.00	.00
	204	.66	.00	4.99	.00	.00	.00	.00	.00	.00	.00
	205	.83	.00	4.70	.00	.00	.00	.00	.00	.00	.00
	206	4.55	.00	4.41	.00	.00	.00	.00	.00	.00	.00
	207	4.44	.00	4.12	.00	.00	.00	.00	.00	.00	.00
	208	4.14	.00	3.83	.00	.00	.00	.00	.00	.00	.00
	209	3.79	.00	3.55	.00	.00	.00	.00	.00	.00	.00
	210	3.42	.00	3.27	.00	.00	.00	.00	.00	.00	.00
	211	3.04	.00	3.01	.00	.00	.00	.00	.00	.00	.00
	212	2.66	.00	2.76	.00	.00	.00	.00	.00	.00	.00
	213	2.31	.00	2.52	.00	.00	.00	.00	.00	.00	.00
	214	1.99	.00	2.29	.00	.00	.00	.00	.00	.00	.00
	215	1.72	.00	2.08	.00	.00	.00	.00	.00	.00	.00
	216	5.54	.00	1.88	.00	.00	.00	.00	.00	.00	.00
	217	5.72	.00	1.70	.00	.00	.00	.00	.00	.00	.00
	218	5.87	.00	.00	.00	.00	.00	.00	.00	.00	.00
	219	5.99	.00	.00	.00	.00	.00	.00	.00	.00	.00
	220	6.07	.00	.00	.00	.00	.00	.00	.00	.00	.00
	221	6.11	.00	.00	.00	.00	.00	.00	.00	.00	.00
	222	6.10	.00	.00	.00	.00	.00	.00	.00	.00	.00
	223	6.05	.00	.00	.00	.00	.00	.00	.00	.00	.00
	224	5.97	.00	.00	.00	.00	.00	.00	.00	.00	.00
	225	5.85	.00	.00	.00	.00	.00	.00	.00	.00	.00
	226	5.70	.00	.00	.00	.00	.00	.00	.00	.00	.00
	227	5.53	.00	.00	.00	.00	.00	.00	.00	.00	.00
	228	4.99	.00	.00	.00	.00	.00	.00	.00	.00	.00
	229	5.03	.00	.00	.00	.00	.00	.00	.00	.00	.00
	230	5.06	.00	.00	.00	.00	.00	.00	.00	.00	.00
	231	5.10	.00	.00	.00	.00	.00	.00	.00	.00	.00
	232	5.12	.00	.00	.00	.00	.00	.00	.00	.00	.00
	233	5.19	.00	.00	.00	.00	.00	.00	.00	.00	.00
	234	5.29	.00	.00	.00	.00	.00	.00	.00	.00	.00
	235	5.35	.00	.00	.00	.00	.00	.00	.00	.00	.00
	236	5.37	.00	.00	.00	.00	.00	.00	.00	.00	.00
	237	5.35	.00	.00	.00	.00	.00	.00	.00	.00	.00
	238	5.30	.00	.00	.00	.00	.00	.00	.00	.00	.00
	239	5.21	.00	.00	.00	.00	.00	.00	.00	.00	.00
	240	5.09	.00	.00	.00	.00	.00	.00	.00	.00	.00
	241	4.96	.00	.00	.00	.00	.00	.00	.00	.00	.00
	242	4.02	.00	.00	.00	.00	.00	.00	.00	.00	.00
	243	4.66	.00	.00	.00	.00	.00	.00	.00	.00	.00
	244	5.20	.00	.00	.00	.00	.00	.00	.00	.00	.00
	245	5.66	.00	.00	.00	.00	.00	.00	.00	.00	.00
	246	6.06	.00	.00	.00	.00	.00	.00	.00	.00	.00
	247	6.40	.00	.00	.00	.00	.00	.00	.00	.00	.00
	248	6.70	.00	.00	.00	.00	.00	.00	.00	.00	.00
	249	5.82	.00	.00	.00	.00	.00	.00	.00	.00	.00
	250	4.84	.00	.00	.00	.00	.00	.00	.00	.00	.00
	251	3.69	.00	.00	.00	.00	.00	.00	.00	.00	.00
	252	2.53	.00	.00	.00	.00	.00	.00	.00	.00	.00
	253	2.42	.00	.00	.00	.00	.00	.00	.00	.00	.00
	254	2.40	.00	.00	.00	.00	.00	.00	.00	.00	.00
	255	2.38	.00	.00	.00	.00	.00	.00	.00	.00	.00
	256	2.35	.00	.00	.00	.00	.00	.00	.00	.00	.00
	257	2.31	.00	.00	.00	.00	.00	.00	.00	.00	.00
	258	2.25	.00	.00	.00	.00	.00	.00	.00	.00	.00
	259	2.19	.00	.00	.00	.00	.00	.00	.00	.00	.00
	260	2.10	.00	.00	.00	.00	.00	.00	.00	.00	.00
	261	2.01	.00	.00	.00	.00	.00	.00	.00	.00	.00
	262	1.92	.00	.00	.00	.00	.00	.00	.00	.00	.00
	263	1.82	.00	.00	.00	.00	.00	.00	.00	.00	.00
	264	1.72	.00	.00	.00	.00	.00	.00	.00	.00	.00
	265	1.63	.00	.00	.00	.00	.00	.00	.00	.00	.00
	266	.96	.00	.00	.00	.00	.00	.00	.00	.00	.00
	267	.65	.00	.00	.00	.00	.00	.00	.00	.00	.00
