loc.	Chm 1	Chm 2	Chm 3	Chm 4	Chm 5	Chm 6	Chm 7	Chm 8	Chm 9	Chm 10
	0	.01	1.99	3.03	15.39	4.25	.33	2.16	.07	6.26	11.27
	1	.01	2.02	3.09	15.57	4.18	.46	2.23	.07	6.29	9.95
	2	.01	2.05	3.14	15.75	4.10	.60	2.31	.07	6.25	8.58
	3	.01	2.09	3.19	15.93	3.99	.76	2.40	.08	6.13	7.18
	4	.02	2.12	3.23	16.11	3.87	.92	2.49	.10	5.26	5.81
	5	.02	2.15	3.26	16.30	3.73	1.09	2.60	.12	4.79	6.15
	6	.03	2.17	3.29	16.48	3.58	1.25	2.72	.14	4.30	6.42
	7	.03	2.20	3.31	16.66	3.41	1.29	6.25	.18	3.82	6.69
	8	.32	2.21	3.33	16.84	3.23	1.30	6.29	.22	3.33	6.94
	9	.36	2.22	3.34	17.01	3.05	1.33	6.30	.27	2.86	7.18
	10	.40	2.23	3.34	17.18	2.86	1.36	6.26	.32	2.41	7.40
	11	.44	2.22	3.33	17.34	2.66	1.40	6.18	.38	1.99	7.59
	12	.49	2.20	3.32	17.49	2.47	1.44	6.06	.46	1.55	7.74
	13	.54	2.18	3.30	17.62	2.27	1.48	5.90	.54	1.52	7.85
	14	.59	2.15	3.28	17.74	2.09	1.52	5.70	.62	1.48	7.92
	15	.65	2.12	3.24	17.84	1.90	2.28	5.47	.72	1.44	7.95
	16	.71	2.07	3.19	17.93	4.17	2.32	5.21	.82	1.39	7.92
	17	.78	1.02	3.13	17.99	4.53	2.36	4.91	.93	1.33	7.83
	18	.85	.97	3.06	18.04	4.89	2.41	4.61	1.05	1.26	7.70
	19	.91	.92	2.98	18.06	5.24	2.46	4.29	1.18	1.19	7.51
	20	.98	.88	2.90	18.06	5.59	2.53	3.97	1.31	1.11	5.12
	21	1.05	.83	2.80	18.04	5.90	2.61	3.70	1.44	1.03	4.90
	22	1.11	.77	2.69	17.99	6.18	2.70	3.62	1.58	.95	4.66
	23	1.18	.72	1.83	17.92	6.43	2.81	3.51	1.71	.86	4.40
	24	1.25	.67	1.93	17.83	6.63	2.94	3.39	1.87	.78	4.13
	25	1.31	.61	2.03	17.72	6.79	3.08	3.24	2.02	.70	3.84
	26	1.36	.55	2.13	17.58	6.91	3.25	3.07	2.16	.63	3.54
	27	1.42	.50	2.24	17.42	6.99	3.44	2.88	2.30	.55	3.23
	28	1.47	.44	2.35	17.24	7.04	3.65	2.67	2.44	.49	2.92
	29	1.52	.38	2.46	17.04	7.05	3.88	2.87	2.57	.42	2.61
	30	1.56	.33	2.57	16.82	4.30	4.13	3.06	2.71	.36	2.30
	31	1.60	.28	2.68	16.59	4.26	4.40	3.28	2.84	.31	2.00
	32	1.64	.23	2.79	16.34	3.99	4.69	3.52	2.97	.26	1.72
	33	1.67	.18	2.90	16.07	3.54	5.00	3.79	3.07	.22	1.46
	34	1.69	.14	2.99	15.82	5.69	5.31	4.06	3.19	.18	1.23
	35	1.72	.10	3.10	15.53	6.21	5.63	4.34	3.29	.15	3.47
	36	1.74	.07	3.19	15.25	6.66	5.96	4.61	3.37	.12	3.51
	37	1.76	.04	3.28	14.96	7.01	6.28	4.86	3.45	.94	3.55
	38	1.78	.02	3.36	14.67	7.26	6.60	5.08	3.50	1.03	3.58
	39	1.79	.00	3.44	14.38	7.42	6.91	5.27	3.55	1.13	3.59
	40	1.81	.00	3.50	14.08	7.49	7.22	5.43	3.59	1.23	3.61
	41	1.82	.00	3.56	13.78	7.47	7.51	.89	3.60	1.34	3.62
	42	3.82	.01	4.32	13.48	7.39	7.78	.77	3.60	1.46	3.63
	43	4.17	.03	4.46	13.19	7.23	8.04	.68	3.57	1.57	3.64
	44	4.55	.06	4.62	12.89	7.05	8.29	.61	3.70	1.68	3.65
	45	4.97	.09	4.81	12.59	6.82	8.51	.57	3.41	1.79	3.66
	46	5.42	.12	5.01	12.30	6.58	8.92	.56	3.14	1.89	3.17
	47	5.90	.17	5.21	12.00	5.90	9.12	.59	2.87	1.98	3.85
	48	6.42	.22	5.38	11.71	6.11	8.70	.65	2.62	2.06	4.50
	49	6.96	.27	5.52	4.47	6.31	4.35	.75	2.40	2.13	5.08
	50	7.53	.33	5.64	4.64	6.48	4.25	.88	2.20	4.89	5.58
	51	8.10	.40	5.70	4.82	6.62	4.15	1.04	2.03	5.99	6.00
	52	8.67	.46	5.73	5.00	6.72	4.05	1.24	1.89	7.07	6.33
	53	9.23	.53	5.72	5.18	6.78	3.96	1.45	1.78	8.09	6.59
	54	9.76	.60	5.50	5.37	6.80	3.86	1.69	1.71	9.04	9.61
	55	10.25	.67	5.64	5.55	6.77	3.77	1.94	1.66	9.90	9.63
	56	10.69	.85	5.26	5.74	6.71	3.68	2.20	1.65	10.67	9.60
	57	11.08	.82	4.80	5.92	6.59	3.60	2.47	1.67	11.33	9.50
	58	11.41	.78	5.12	6.10	6.45	3.52	2.74	1.73	11.90	9.34
	59	11.67	.74	5.39	6.28	6.28	3.45	3.00	1.81	12.22	9.12
	60	11.87	.68	5.62	6.46	6.08	1.23	3.26	1.92	12.44	8.83
	61	12.00	.62	5.78	6.63	5.86	1.36	3.51	2.04	12.57	8.49
	62	12.06	.56	5.87	6.79	5.62	1.58	3.38	2.19	12.59	8.10
	63	12.06	.50	5.88	6.94	5.38	1.90	3.95	2.35	12.53	7.65
	64	12.00	.42	5.82	7.07	2.33	2.29	4.55	2.51	12.37	7.18
	65	11.88	.36	5.70	7.19	2.27	2.74	5.17	2.68	12.11	6.68
	66	11.71	.29	10.14	7.28	2.21	3.20	5.78	2.85	11.75	6.17
	67	11.50	.23	9.99	7.36	2.14	3.67	6.35	3.02	11.31	5.67
	68	11.24	.17	9.79	7.40	2.08	4.13	6.87	3.19	10.78	2.76
	69	10.97	.12	9.51	7.82	2.01	4.56	7.33	3.35	10.41	2.70
	70	10.67	.08	9.18	8.15	1.93	4.96	7.70	3.50	10.45	2.66
	71	10.36	.05	8.79	8.42	1.86	5.33	8.00	3.65	10.46	2.63
	72	10.06	.04	8.36	8.63	1.78	5.66	8.21	3.78	10.44	2.61
	73	9.75	.03	7.92	8.78	1.69	5.95	9.03	3.91	10.40	2.60
	74	7.87	.03	5.68	8.87	1.61	6.20	8.84	6.88	10.32	2.62
	75	8.45	.04	6.12	8.92	1.52	6.43	8.50	7.05	10.21	2.64
	76	8.92	.05	6.58	8.92	1.43	6.63	8.03	7.22	10.07	2.69
	77	9.29	.07	7.06	8.88	1.34	6.80	7.42	7.38	9.90	2.74
	78	9.56	.12	7.53	8.82	1.25	6.95	6.71	7.53	9.70	2.81
	79	9.74	.09	8.02	8.73	1.16	7.08	5.92	7.66	9.47	2.90
	80	9.83	.06	8.50	8.61	1.08	7.20	5.08	7.77	9.23	2.99
	81	9.84	.20	8.95	8.46	.99	7.31	5.80	7.87	8.97	3.09
	82	9.77	.29	9.38	8.28	.91	7.42	5.92	7.94	8.69	3.19
	83	9.61	.40	9.77	8.06	.83	7.52	6.03	7.99	8.40	3.29
	84	11.11	.53	10.11	7.81	.76	12.87	6.12	8.01	7.80	3.39
	85	10.95	.67	10.39	7.52	.69	12.56	6.18	8.01	7.42	3.49
	86	10.92	.81	10.62	7.21	.64	11.79	6.23	7.96	7.20	3.57
	87	10.88	.94	10.78	6.88	.60	11.41	6.26	7.91	6.87	3.65
	88	10.83	1.06	10.88	6.54	.57	11.16	6.26	7.82	6.52	3.72
	89	10.76	1.16	10.90	6.19	.54	10.88	6.24	7.73	6.14	3.77
	90	10.68	1.24	10.88	5.85	.51	10.56	6.20	7.59	5.75	3.81
	91	10.59	1.90	10.78	5.52	.51	10.21	6.04	7.44	5.34	3.83
	92	10.48	2.13	10.63	5.20	.51	9.83	5.84	7.25	4.93	3.84
	93	10.36	2.35	10.44	4.90	.51	9.42	5.59	7.05	4.52	3.84
	94	10.23	2.56	10.21	6.44	.51	8.98	5.30	6.85	4.11	3.82
	95	10.07	2.72	9.95	6.35	.51	8.51	4.95	6.63	3.72	5.77
	96	9.91	2.84	9.67	6.28	.51	8.02	4.56	6.68	3.35	6.22
	97	9.74	2.89	5.24	6.20	.50	7.52	4.13	6.98	3.02	6.65
	98	9.55	2.90	5.36	6.12	.40	7.00	3.67	7.24	1.72	7.04
	99	9.35	2.93	5.45	6.05	.40	6.49	3.19	7.49	1.45	7.37
	100	9.14	3.13	5.52	4.71	.41	5.97	2.71	7.70	1.30	7.63
	101	8.93	3.33	5.56	5.40	.42	5.47	2.24	7.87	1.31	7.81
	102	8.70	3.52	5.57	5.98	.41	4.99	1.81	7.98	.09	7.90
	103	8.47	3.70	5.86	12.84	.41	5.04	1.42	8.06	.13	7.90
	104	8.24	3.84	6.01	13.18	.41	4.58	1.10	8.06	.17	7.81
	105	8.00	3.95	6.17	13.46	.41	4.04	.84	8.00	.22	7.64
	106	7.78	4.02	6.32	13.70	.40	3.42	.63	7.87	.26	7.41
	107	7.55	4.04	6.47	13.86	.39	2.77	.49	4.41	.31	7.12
	108	7.34	4.00	6.60	13.95	.38	2.12	.39	4.17	.35	6.79
	109	7.12	3.92	6.70	13.97	.36	1.54	.33	3.93	.39	6.84
	110	6.94	4.22	6.76	13.91	.35	1.41	.47	3.69	.50	7.06
	111	6.77	4.25	6.79	13.77	.33	1.38	.46	3.44	.65	7.28
	112	6.63	4.23	6.77	13.55	.31	1.35	.49	3.20	.82	7.50
	113	6.51	4.18	6.71	13.27	.29	1.31	.58	2.96	1.00	7.73
	114	6.41	4.10	6.61	12.92	.28	1.27	.70	2.73	1.19	7.95
	115	6.33	4.00	6.46	12.51	.26	1.23	.86	2.51	1.37	8.16
	116	6.29	3.87	6.28	12.04	.24	1.18	.00	2.30	1.37	8.37
	117	6.28	4.44	6.06	11.52	1.49	1.13	.00	2.11	1.52	8.56
	118	6.28	4.45	5.81	10.98	1.55	1.08	.00	1.94	1.71	8.73
	119	6.31	4.46	5.53	10.40	1.61	1.03	.00	1.79	1.96	8.89
	120	6.36	4.46	5.24	9.82	1.69	.97	.00	1.65	2.26	9.03
	121	6.42	4.45	4.92	9.23	1.77	.91	.00	1.54	2.61	9.13
	122	6.50	4.43	4.60	8.64	1.84	.85	.00	1.44	3.01	9.22
	123	6.58	4.40	4.28	8.08	1.90	.80	.00	1.36	3.42	9.26
	124	6.68	4.36	3.96	7.53	1.94	.75	.00	1.30	3.82	9.27
	125	6.77	4.31	3.64	7.00	1.95	.23	.00	1.25	4.21	9.25
	126	6.87	4.25	3.34	6.51	1.94	.20	.00	1.22	4.57	9.19
	127	6.97	4.18	3.06	6.04	1.90	.16	.00	.88	4.89	9.09
	128	9.11	4.11	2.80	2.53	1.85	.13	.00	1.04	5.17	8.95
	129	9.28	4.02	2.55	2.99	1.79	.11	.00	1.21	5.40	8.77
	130	9.45	3.93	2.34	3.46	1.72	.08	.00	1.39	5.60	8.56
	131	9.62	3.83	2.14	3.90	1.34	.07	.00	1.55	5.75	8.33
	132	9.78	3.73	1.97	4.30	1.35	.06	.00	1.71	5.87	8.08
	133	9.92	3.62	1.81	2.84	1.35	.04	.00	1.85	5.96	7.82
	134	10.15	3.50	1.67	3.02	1.35	.05	.00	1.96	6.01	7.56
	135	10.42	3.39	1.55	3.18	1.34	.05	.00	2.04	6.04	7.30
	136	10.63	3.28	1.45	3.31	1.32	.06	.00	2.08	.00	7.05
	137	10.77	3.16	1.36	1.45	1.30	.07	.00	2.10	.00	6.81
	138	10.84	3.04	1.28	1.49	1.27	.09	.00	2.09	.00	6.59
	139	10.85	2.92	.77	1.51	1.23	.12	.00	2.06	.00	.00
	140	10.81	2.81	.25	1.51	1.19	.15	.00	1.76	.00	.00
	141	11.29	1.68	.25	1.47	1.15	.19	.00	1.54	.00	.00
	142	22.82	1.61	.26	1.40	1.10	.24	.00	1.33	.00	.00
	143	23.01	1.54	.27	1.31	1.05	.29	.00	1.14	.00	.00
	144	23.00	1.47	.28	1.21	.99	.34	.00	.99	.00	.00
	145	22.77	1.42	.30	1.13	.94	.40	.00	.86	.00	.00
	146	22.34	1.38	.33	.99	.88	.45	.00	.78	.00	.00
	147	21.71	1.36	.37	.84	.83	.52	.00	.72	.00	.00
	148	20.90	1.35	.41	.70	2.52	.58	.00	.72	.00	.00
	149	19.92	1.33	.46	.58	2.63	.65	.00	.74	.00	.00
	150	22.39	1.31	.52	.47	2.74	.71	.00	.82	.00	.00
	151	22.91	1.00	.58	.38	2.84	.78	.00	.88	.00	.00
	152	23.40	.85	.66	.30	2.95	.84	.00	.95	.00	.00
	153	23.87	.71	.74	.25	3.05	.91	.00	1.03	.00	.00
	154	24.31	.57	.82	.23	3.15	.97	.00	1.11	.00	.00
	155	24.70	.45	.91	.22	3.24	1.04	.00	1.20	.00	.00
	156	25.04	.35	1.01	.25	3.33	1.10	.00	1.29	.00	.00
	157	25.32	1.03	1.11	.30	3.41	1.16	.00	1.38	.00	.00
	158	25.54	1.11	1.21	.39	3.48	1.21	.00	1.47	.00	.00
	159	25.69	1.20	1.31	.49	3.55	.00	.00	1.55	.00	.00
	160	25.78	1.30	1.41	.62	3.61	.00	.00	1.63	.00	.00
	161	25.80	1.41	1.51	.77	3.66	.00	.00	1.69	.00	.00
	162	25.76	1.53	1.61	.95	3.72	.00	.00	1.75	.00	.00
	163	25.65	1.66	1.69	1.14	3.76	.00	.00	1.81	.00	.00
	164	25.47	1.80	1.78	1.34	3.81	.00	.00	1.86	.00	.00
	165	25.22	1.94	1.85	1.55	3.85	.00	.00	2.50	.00	.00
	166	24.89	2.07	1.92	1.78	3.88	.00	.00	2.52	.00	.00
	167	24.50	2.20	1.98	2.01	3.91	.00	.00	2.56	.00	.00
	168	24.02	2.32	2.03	.00	3.93	.00	.00	2.62	.00	.00
	169	23.45	2.43	2.07	.00	3.95	.00	.00	2.71	.00	.00
	170	22.79	2.52	2.11	.00	3.96	.00	.00	2.82	.00	.00
	171	22.01	2.59	2.13	.00	3.98	.00	.00	2.97	.00	.00
	172	21.11	2.65	2.15	.00	3.99	.00	.00	3.14	.00	.00
	173	20.08	2.70	2.17	.00	4.00	.00	.00	3.32	.00	.00
	174	18.93	2.73	2.18	.00	4.00	.00	.00	3.52	.00	.00
	175	6.81	2.75	2.17	.00	4.00	.00	.00	3.72	.00	.00
	176	6.82	2.76	2.17	.00	4.00	.00	.00	3.91	.00	.00
	177	6.82	2.76	2.16	.00	3.99	.00	.00	4.81	.00	.00
	178	6.82	2.75	2.16	.00	3.99	.00	.00	4.74	.00	.00
	179	6.81	2.74	2.14	.00	3.98	.00	.00	4.62	.00	.00
	180	6.79	2.73	2.12	.00	.00	.00	.00	4.45	.00	.00
	181	6.77	2.71	2.11	.00	.00	.00	.00	4.25	.00	.00
	182	6.77	2.70	2.09	.00	.00	.00	.00	4.03	.00	.00
	183	6.76	1.98	2.07	.00	.00	.00	.00	3.81	.00	.00
	184	6.76	1.96	2.05	.00	.00	.00	.00	3.60	.00	.00
	185	6.76	1.93	2.04	.00	.00	.00	.00	3.41	.00	.00
	186	6.78	1.90	2.02	.00	.00	.00	.00	3.24	.00	.00
	187	6.80	1.87	2.00	.00	.00	.00	.00	3.10	.00	.00
	188	6.82	1.83	1.99	.00	.00	.00	.00	.00	.00	.00
	189	6.84	1.81	2.27	.00	.00	.00	.00	.00	.00	.00
	190	6.85	1.80	1.76	.00	.00	.00	.00	.00	.00	.00
	191	6.86	1.80	1.30	.00	.00	.00	.00	.00	.00	.00
	192	6.86	1.82	.94	.00	.00	.00	.00	.00	.00	.00
	193	6.85	1.87	.77	.00	.00	.00	.00	.00	.00	.00
	194	6.83	1.93	.81	.00	.00	.00	.00	.00	.00	.00
	195	6.79	2.01	.86	.00	.00	.00	.00	.00	.00	.00
	196	3.48	.00	.91	.00	.00	.00	.00	.00	.00	.00
	197	3.25	.00	.98	.00	.00	.00	.00	.00	.00	.00
	198	3.02	.00	1.04	.00	.00	.00	.00	.00	.00	.00
	199	2.78	.00	1.11	.00	.00	.00	.00	.00	.00	.00
	200	2.53	.00	1.17	.00	.00	.00	.00	.00	.00	.00
	201	2.27	.00	1.25	.00	.00	.00	.00	.00	.00	.00
	202	2.00	.00	1.31	.00	.00	.00	.00	.00	.00	.00
	203	1.70	.00	1.38	.00	.00	.00	.00	.00	.00	.00
	204	1.40	.00	1.44	.00	.00	.00	.00	.00	.00	.00
	205	1.10	.00	1.50	.00	.00	.00	.00	.00	.00	.00
	206	.39	.00	1.56	.00	.00	.00	.00	.00	.00	.00
	207	.45	.00	1.61	.00	.00	.00	.00	.00	.00	.00
	208	.55	.00	1.65	.00	.00	.00	.00	.00	.00	.00
	209	.65	.00	1.69	.00	.00	.00	.00	.00	.00	.00
	210	.76	.00	1.72	.00	.00	.00	.00	.00	.00	.00
	211	.88	.00	1.75	.00	.00	.00	.00	.00	.00	.00
	212	.99	.00	1.77	.00	.00	.00	.00	.00	.00	.00
	213	1.10	.00	1.79	.00	.00	.00	.00	.00	.00	.00
	214	1.19	.00	1.80	.00	.00	.00	.00	.00	.00	.00
	215	1.28	.00	1.81	.00	.00	.00	.00	.00	.00	.00
	216	4.02	.00	1.80	.00	.00	.00	.00	.00	.00	.00
	217	4.08	.00	1.80	.00	.00	.00	.00	.00	.00	.00
	218	4.14	.00	.00	.00	.00	.00	.00	.00	.00	.00
	219	4.19	.00	.00	.00	.00	.00	.00	.00	.00	.00
	220	4.24	.00	.00	.00	.00	.00	.00	.00	.00	.00
	221	4.29	.00	.00	.00	.00	.00	.00	.00	.00	.00
	222	4.34	.00	.00	.00	.00	.00	.00	.00	.00	.00
	223	4.38	.00	.00	.00	.00	.00	.00	.00	.00	.00
	224	4.40	.00	.00	.00	.00	.00	.00	.00	.00	.00
	225	4.41	.00	.00	.00	.00	.00	.00	.00	.00	.00
	226	4.39	.00	.00	.00	.00	.00	.00	.00	.00	.00
	227	4.35	.00	.00	.00	.00	.00	.00	.00	.00	.00
	228	6.72	.00	.00	.00	.00	.00	.00	.00	.00	.00
	229	7.43	.00	.00	.00	.00	.00	.00	.00	.00	.00
	230	8.15	.00	.00	.00	.00	.00	.00	.00	.00	.00
	231	8.84	.00	.00	.00	.00	.00	.00	.00	.00	.00
	232	9.47	.00	.00	.00	.00	.00	.00	.00	.00	.00
	233	9.30	.00	.00	.00	.00	.00	.00	.00	.00	.00
	234	9.37	.00	.00	.00	.00	.00	.00	.00	.00	.00
	235	9.36	.00	.00	.00	.00	.00	.00	.00	.00	.00
	236	9.27	.00	.00	.00	.00	.00	.00	.00	.00	.00
	237	9.10	.00	.00	.00	.00	.00	.00	.00	.00	.00
	238	8.87	.00	.00	.00	.00	.00	.00	.00	.00	.00
	239	8.59	.00	.00	.00	.00	.00	.00	.00	.00	.00
	240	8.27	.00	.00	.00	.00	.00	.00	.00	.00	.00
	241	7.92	.00	.00	.00	.00	.00	.00	.00	.00	.00
	242	5.05	.00	.00	.00	.00	.00	.00	.00	.00	.00
	243	5.45	.00	.00	.00	.00	.00	.00	.00	.00	.00
	244	5.79	.00	.00	.00	.00	.00	.00	.00	.00	.00
	245	6.03	.00	.00	.00	.00	.00	.00	.00	.00	.00
	246	6.18	.00	.00	.00	.00	.00	.00	.00	.00	.00
	247	6.22	.00	.00	.00	.00	.00	.00	.00	.00	.00
	248	6.13	.00	.00	.00	.00	.00	.00	.00	.00	.00
	249	3.69	.00	.00	.00	.00	.00	.00	.00	.00	.00
	250	2.58	.00	.00	.00	.00	.00	.00	.00	.00	.00
	251	1.48	.00	.00	.00	.00	.00	.00	.00	.00	.00
	252	.66	.00	.00	.00	.00	.00	.00	.00	.00	.00
	253	.51	.00	.00	.00	.00	.00	.00	.00	.00	.00
	254	.42	.00	.00	.00	.00	.00	.00	.00	.00	.00
	255	.34	.00	.00	.00	.00	.00	.00	.00	.00	.00
	256	.27	.00	.00	.00	.00	.00	.00	.00	.00	.00
	257	.22	.00	.00	.00	.00	.00	.00	.00	.00	.00
	258	.19	.00	.00	.00	.00	.00	.00	.00	.00	.00
	259	.18	.00	.00	.00	.00	.00	.00	.00	.00	.00
	260	.18	.00	.00	.00	.00	.00	.00	.00	.00	.00
	261	.20	.00	.00	.00	.00	.00	.00	.00	.00	.00
	262	.24	.00	.00	.00	.00	.00	.00	.00	.00	.00
	263	.28	.00	.00	.00	.00	.00	.00	.00	.00	.00
	264	.34	.00	.00	.00	.00	.00	.00	.00	.00	.00
	265	.40	.00	.00	.00	.00	.00	.00	.00	.00	.00
	266	.50	.00	.00	.00	.00	.00	.00	.00	.00	.00
	267	.48	.00	.00	.00	.00	.00	.00	.00	.00	.00
