loc.	Chm 1	Chm 2	Chm 3	Chm 4	Chm 5	Chm 6	Chm 7	Chm 8	Chm 9	Chm 10
	0	.06	4.42	3.90	.18	4.16	7.24	.98	2.96	.89	4.67
	1	.26	4.25	4.25	.08	3.74	7.31	.99	2.64	1.13	4.73
	2	1.20	4.08	4.63	.02	3.31	7.37	1.01	2.32	1.36	4.76
	3	1.26	3.91	5.02	.00	2.89	7.42	1.02	2.02	1.53	4.78
	4	1.33	3.73	5.44	.03	2.48	7.44	1.04	1.91	1.65	4.79
	5	1.40	3.54	5.87	.12	2.09	7.44	1.05	1.95	1.69	4.78
	6	1.48	3.35	6.32	.25	1.71	7.42	1.06	1.98	1.72	4.76
	7	1.58	3.16	6.78	.44	1.36	7.38	1.07	2.01	1.71	4.74
	8	1.68	2.96	7.23	.68	1.04	7.31	1.08	2.05	1.68	4.70
	9	1.80	2.76	7.69	.96	.76	7.22	1.08	2.07	1.26	4.67
	10	1.92	2.56	8.14	1.26	.52	7.11	1.08	2.10	1.27	4.63
	11	2.07	2.35	8.57	1.60	.33	6.97	1.07	2.12	1.28	4.58
	12	2.22	2.15	8.99	1.94	.18	6.81	1.06	2.13	1.29	4.53
	13	2.39	1.94	9.40	2.23	.09	6.63	1.04	6.00	1.29	4.46
	14	2.58	1.74	9.78	2.22	.04	6.43	1.03	6.22	1.29	4.38
	15	2.78	1.54	10.14	2.20	.04	6.21	1.00	6.45	1.29	4.60
	16	2.99	1.34	10.48	2.18	.08	5.98	.98	6.70	1.28	4.53
	17	3.22	1.16	10.79	2.15	.15	5.74	.96	6.96	1.27	4.44
	18	3.45	.97	11.08	2.10	.24	5.49	.93	7.24	1.26	4.32
	19	3.70	.81	11.34	2.05	.36	6.39	.91	7.54	1.24	4.18
	20	3.94	.65	11.57	1.99	.48	6.27	.89	7.86	1.22	4.03
	21	4.19	.51	11.90	1.92	.61	6.14	.87	8.19	1.19	3.86
	22	4.44	.39	11.74	1.84	.74	6.01	.85	8.53	1.16	3.68
	23	4.69	.28	11.57	1.75	.86	5.88	.84	8.88	1.12	3.51
	24	4.92	.20	11.38	1.66	.97	5.74	.83	9.24	1.07	3.32
	25	5.15	.14	11.18	1.55	1.06	5.59	.82	9.60	1.03	3.14
	26	5.36	.09	10.95	1.45	1.14	5.44	.82	9.96	.98	2.96
	27	5.56	.07	10.71	1.34	1.21	5.29	1.09	10.31	.92	2.79
	28	5.74	.06	10.44	1.23	1.07	5.13	.93	10.66	.86	2.62
	29	5.91	.07	10.16	1.12	.86	4.97	.77	10.99	.80	2.45
	30	6.05	.10	9.85	1.01	.67	4.82	.63	11.30	.74	2.29
	31	6.17	.14	9.53	.91	.51	4.66	.51	11.60	.68	.33
	32	6.28	.19	9.19	.81	.37	4.50	.40	11.87	.61	.28
	33	6.36	.25	8.83	.73	.28	4.35	.33	12.11	.55	.24
	34	6.43	.32	8.45	.65	.24	4.20	.28	12.33	.49	.20
	35	6.48	.39	8.05	.58	.24	4.05	.28	12.52	.42	.17
	36	6.50	.47	7.64	.88	3.07	3.89	.31	12.68	.37	.14
	37	6.51	.55	7.22	.90	3.55	3.75	.38	12.81	.31	.13
	38	11.34	.63	6.79	.91	4.01	3.60	.50	12.91	.26	.13
	39	11.96	.71	6.36	.93	4.42	3.46	.66	12.97	.21	.14
	40	12.57	.80	5.92	.94	4.73	3.32	.85	13.01	.17	.15
	41	13.17	.88	5.49	.95	4.93	3.17	1.08	13.01	.13	.17
	42	13.74	.96	5.07	.96	5.00	3.04	1.33	12.97	.10	.19
	43	14.29	1.03	4.66	.96	4.94	2.91	1.61	12.91	.08	.22
	44	14.82	1.11	4.26	.96	4.73	2.79	1.89	12.81	.07	.24
	45	15.32	1.19	3.89	.96	4.66	2.67	2.19	12.68	.06	.40
	46	15.80	2.20	3.53	.95	4.62	2.25	3.00	12.52	.05	.54
	47	16.24	1.81	3.19	.93	4.58	2.04	3.17	12.34	.06	.73
	48	16.65	1.46	2.87	.91	4.55	1.83	3.36	12.12	.07	.97
	49	17.02	1.16	2.58	.89	4.52	1.63	3.56	11.89	.09	1.26
	50	17.36	.92	2.30	.86	4.50	1.43	3.78	11.63	.11	1.58
	51	17.65	.80	2.05	.82	4.47	1.25	4.02	11.35	.14	1.92
	52	17.90	.79	1.81	.79	5.68	1.09	4.26	11.06	.18	2.26
	53	18.11	.78	1.59	.75	5.93	.95	4.51	10.75	.22	2.57
	54	18.27	.77	1.38	.72	6.17	.84	4.78	7.45	.26	2.85
	55	18.37	.76	1.20	.68	6.39	.76	5.04	7.56	.31	3.09
	56	18.43	.75	1.02	.66	6.60	.71	5.31	7.68	.36	3.29
	57	18.44	.74	.87	.63	6.78	.68	5.58	7.79	.36	3.45
	58	18.41	.73	.73	.61	6.95	.68	5.84	7.83	.40	3.57
	59	18.32	.73	.51	.59	7.09	.71	6.10	7.79	.44	3.65
	60	18.18	.73	.39	.58	7.22	.14	6.34	7.68	.49	3.44
	61	17.99	.73	.46	.58	7.33	.21	6.57	7.51	.53	3.51
	62	17.76	.74	.80	.58	7.43	.32	6.78	7.30	.57	3.57
	63	17.49	.75	.90	.59	7.52	.45	6.96	7.06	.61	3.62
	64	17.29	.76	.86	.60	7.61	.62	7.13	6.84	.63	3.67
	65	17.04	.77	.82	.61	7.70	.81	7.26	4.68	.64	3.71
	66	16.61	.79	.77	.63	7.80	1.02	7.37	4.63	.64	3.73
	67	15.94	.81	.72	.65	9.33	1.23	7.45	4.57	.63	3.74
	68	15.03	.83	.68	.67	9.94	1.44	7.51	4.52	.61	3.74
	69	13.83	.86	.63	.69	10.54	1.65	7.54	4.47	.59	3.73
	70	12.34	.88	.59	.72	11.10	3.70	7.55	4.43	.26	3.70
	71	10.66	.91	.55	1.55	11.63	3.89	7.54	4.37	.30	3.66
	72	5.69	.94	.52	1.75	12.10	4.07	7.51	4.32	.34	3.60
	73	5.80	1.39	.49	1.69	12.51	4.24	7.60	4.27	.38	3.54
	74	5.87	1.41	.46	1.57	12.87	4.40	7.58	4.21	.42	3.46
	75	5.90	1.42	1.60	1.40	13.17	4.54	7.54	4.15	.70	3.38
	76	5.87	1.43	1.64	1.19	13.41	4.66	7.47	4.08	.76	3.29
	77	5.81	1.43	1.70	.97	13.59	4.78	7.39	4.01	.83	3.19
	78	5.69	1.42	1.75	.75	13.71	4.87	7.27	3.93	.90	3.09
	79	5.52	1.41	1.80	1.89	13.76	4.95	7.14	3.85	.97	2.98
	80	5.31	1.38	1.85	1.93	13.78	5.02	6.97	3.77	1.05	2.87
	81	5.05	1.35	1.90	1.96	13.73	5.08	6.78	3.68	1.13	2.76
	82	3.09	1.30	1.94	1.99	13.64	5.13	6.56	3.59	1.21	2.65
	83	3.13	1.25	1.99	2.03	13.51	5.16	6.31	3.51	1.30	2.55
	84	3.18	1.18	2.03	2.06	13.33	5.19	6.04	3.43	1.38	2.44
	85	3.24	1.11	2.07	2.09	13.12	5.21	5.75	3.35	1.46	2.41
	86	3.32	1.04	2.11	2.12	12.88	5.07	5.44	3.29	1.54	2.51
	87	3.41	.96	2.15	2.15	12.62	4.08	5.11	3.23	1.63	2.63
	88	3.51	.88	2.19	2.18	12.33	3.07	4.78	3.19	1.71	2.76
	89	3.62	.80	2.22	2.20	12.03	2.96	4.43	3.16	1.79	2.91
	90	3.74	.72	2.26	2.21	11.72	2.85	4.09	3.14	1.87	3.09
	91	3.87	.65	2.29	2.22	11.40	2.73	3.75	3.13	1.95	3.28
	92	4.01	.41	2.32	2.22	8.09	2.62	3.43	3.14	2.03	3.49
	93	4.16	.44	2.35	2.22	7.75	2.50	3.12	3.17	2.11	3.73
	94	4.31	.48	2.37	2.21	7.28	2.38	2.83	3.21	2.20	3.98
	95	4.46	.51	2.39	2.19	6.68	2.26	2.57	3.25	2.28	4.25
	96	4.61	.53	2.41	2.17	5.96	2.14	2.34	3.31	2.37	4.52
	97	4.75	.56	2.43	2.15	5.15	2.02	2.14	3.38	2.46	4.80
	98	4.89	.59	2.44	2.11	5.04	1.90	1.96	3.46	2.55	5.08
	99	5.01	.61	2.45	2.08	5.08	1.78	1.82	3.55	2.64	5.36
	100	5.12	.63	2.45	2.04	5.10	1.67	1.70	3.64	2.73	5.63
	101	5.22	.65	2.45	2.00	5.12	1.55	1.61	3.74	4.39	5.90
	102	5.30	.66	2.45	1.96	5.13	1.44	1.54	5.30	4.54	6.16
	103	5.37	.64	2.44	1.92	5.13	1.33	1.49	5.39	4.68	6.41
	104	5.43	.60	2.44	1.88	5.13	1.22	1.47	5.46	4.82	7.55
	105	5.47	.56	2.42	1.85	5.10	1.11	1.46	5.52	4.95	8.01
	106	5.50	.53	2.41	1.82	5.08	1.01	1.46	5.56	5.06	8.36
	107	5.52	.50	2.39	1.79	5.04	.92	2.33	5.59	5.18	8.62
	108	5.53	.50	2.37	1.76	4.98	.83	2.16	5.60	5.27	8.77
	109	5.53	.51	2.35	4.23	4.91	.74	1.96	5.59	5.36	8.85
	110	5.53	.54	2.33	4.59	4.82	.66	1.76	5.55	5.44	8.83
	111	5.52	.34	2.31	4.96	4.72	.58	1.56	5.51	5.50	8.66
	112	5.51	.67	2.29	5.31	4.61	.51	1.37	5.44	5.55	8.33
	113	5.49	1.13	2.26	5.66	4.49	.44	1.21	5.35	5.59	7.95
	114	5.49	1.41	2.24	5.99	4.35	.38	1.09	5.25	5.62	7.53
	115	5.48	1.52	1.39	6.30	4.20	.32	1.02	5.14	5.63	7.07
	116	5.48	1.59	1.50	6.59	4.04	.53	.93	5.01	5.63	6.56
	117	5.48	1.61	1.65	6.86	3.88	.63	.81	4.88	5.62	6.02
	118	5.49	1.58	1.82	7.10	3.71	.74	.69	4.74	5.60	5.46
	119	5.51	1.50	2.03	7.33	3.54	.86	.58	4.60	5.56	4.88
	120	5.53	1.63	2.27	7.52	3.37	.99	.48	4.45	5.51	4.30
	121	5.55	1.69	2.52	7.70	3.20	1.14	.39	4.31	5.46	3.73
	122	5.58	1.75	2.79	7.85	3.04	1.30	.32	4.17	5.39	3.20
	123	7.17	1.81	3.06	7.98	2.88	1.47	.26	4.04	5.32	2.69
	124	7.43	1.87	3.33	8.09	2.73	1.65	.23	3.91	5.23	2.24
	125	7.60	1.92	3.57	8.17	2.59	1.84	.22	3.78	5.14	.00
	126	7.69	1.97	3.80	8.24	2.46	2.04	.23	3.66	5.05	.00
	127	7.69	2.02	3.99	8.29	2.34	2.25	.27	3.53	4.95	.00
	128	7.62	2.05	4.15	8.32	2.23	2.47	.34	3.39	4.85	.00
	129	7.47	2.06	5.65	8.33	3.04	2.69	.43	3.19	4.74	.00
	130	7.27	2.07	5.77	8.32	3.20	2.91	.54	2.99	4.63	.00
	131	7.03	2.06	5.89	8.30	3.36	3.14	3.16	2.77	4.72	.00
	132	6.76	2.03	6.01	8.27	3.52	3.37	3.42	2.35	4.98	.00
	133	6.46	1.98	6.12	8.57	3.66	3.60	3.67	1.68	5.23	.00
	134	6.15	1.93	6.23	8.69	3.81	3.83	3.92	1.09	5.49	.00
	135	5.63	1.86	6.34	8.11	3.94	4.05	4.16	.62	5.72	.00
	136	4.97	1.78	6.43	8.95	4.06	4.28	4.38	.27	5.94	.00
	137	4.21	1.69	6.52	9.74	4.18	4.50	4.59	.32	6.13	.00
	138	3.38	1.60	6.59	10.45	4.28	4.71	4.78	.29	6.29	.00
	139	2.57	1.50	6.64	11.06	4.37	4.92	4.95	.28	6.42	.00
	140	2.06	1.40	6.67	11.56	4.45	5.13	5.10	.30	6.52	.00
	141	2.20	1.31	6.68	11.93	4.52	5.33	5.22	.33	6.57	.00
	142	1.60	1.22	6.66	12.19	4.57	5.51	5.32	.39	6.59	.00
	143	1.86	1.13	4.38	8.38	4.62	5.69	5.40	.45	6.58	.00
	144	1.79	1.06	4.20	8.77	4.65	5.87	5.46	.50	6.52	.00
	145	1.69	.99	4.01	9.07	4.67	6.03	5.98	.49	6.43	.00
	146	1.57	.92	3.82	9.29	4.68	6.18	5.87	.49	6.31	.00
	147	1.44	.87	3.63	9.43	4.68	6.33	5.75	.49	6.15	.00
	148	1.29	.82	3.44	.00	4.67	6.46	5.64	.49	5.97	.00
	149	1.14	.78	3.25	.00	4.65	6.58	5.52	.49	5.77	.00
	150	.99	.75	3.06	.00	4.63	6.69	5.40	.49	.70	.00
	151	.84	.91	2.89	.00	4.29	6.79	5.28	.50	.59	.00
	152	.70	.86	2.72	.00	4.16	6.89	5.16	.50	.49	.00
	153	.58	.82	2.55	.00	4.04	6.97	5.04	.50	.40	.00
	154	.85	.78	2.40	.00	3.93	7.04	4.92	.50	.31	.00
	155	.76	.74	2.25	.00	3.84	7.11	4.80	.50	.24	.00
	156	.68	.70	2.11	.00	3.76	7.16	4.69	.49	.16	.00
	157	.61	.66	1.97	.00	3.69	7.21	4.57	.49	.11	.00
	158	.54	.63	1.85	.00	3.63	7.25	4.45	.48	.06	.00
	159	.48	.60	1.73	.00	3.57	7.28	4.33	.47	.02	.00
	160	.42	.58	1.62	.00	3.51	5.07	4.21	.45	.01	.00
	161	.38	.56	1.52	.00	3.45	5.20	4.10	.44	.00	.00
	162	.35	.65	.97	.00	2.57	5.30	3.98	.43	.01	.00
	163	.32	.89	1.24	.00	2.46	5.38	3.87	.42	.04	.00
	164	.31	1.14	1.54	.00	2.34	5.42	3.76	.41	.09	.00
	165	.31	1.39	1.89	.00	2.22	5.43	3.65	.40	.15	.00
	166	.32	1.61	2.29	.00	2.09	5.41	3.55	.40	.24	.00
	167	.34	1.49	2.72	.00	1.96	5.37	3.44	.39	.33	.00
	168	.36	1.31	3.19	.00	1.84	5.29	3.34	.39	.44	.00
	169	.40	1.14	3.69	.00	1.71	5.20	3.24	.40	.57	.00
	170	.45	.99	4.22	.00	1.59	5.09	3.15	.40	.70	.00
	171	.50	.87	4.77	.00	1.47	4.96	3.06	.41	.84	.00
	172	.56	.78	5.34	.00	1.35	4.82	2.97	.41	.99	.00
	173	.62	.72	5.91	.00	1.24	4.68	2.88	.00	1.14	.00
	174	.69	.68	6.48	.00	1.13	4.54	.00	.00	1.30	.00
	175	.76	.64	7.06	.00	1.03	.00	.00	.00	1.46	.00
	176	.83	.59	7.62	.00	.93	.00	.00	.00	1.61	.00
	177	.90	.54	8.18	.00	.84	.00	.00	.00	1.76	.00
	178	.97	.49	8.72	.00	.74	.00	.00	.00	1.91	.00
	179	1.04	.44	9.24	.00	.66	.00	.00	.00	2.05	.00
	180	1.11	.39	9.74	.00	.58	.00	.00	.00	2.19	.00
	181	1.18	.35	10.22	.00	.51	.00	.00	.00	2.32	.00
	182	1.25	.31	10.68	.00	.44	.00	.00	.00	2.44	.00
	183	1.31	.27	11.11	.00	.38	.00	.00	.00	2.56	.00
	184	.50	.24	11.52	.00	.32	.00	.00	.00	2.67	.00
	185	.57	.21	11.90	.00	.28	.00	.00	.00	.00	.00
	186	.65	.19	12.26	.00	.99	.00	.00	.00	.00	.00
	187	.73	.16	15.24	.00	1.01	.00	.00	.00	.00	.00
	188	.82	.14	15.18	.00	1.04	.00	.00	.00	.00	.00
	189	.91	.14	15.00	.00	1.07	.00	.00	.00	.00	.00
	190	1.00	.15	14.72	.00	1.10	.00	.00	.00	.00	.00
	191	1.10	.18	14.33	.00	1.14	.00	.00	.00	.00	.00
	192	1.20	.22	13.84	.00	1.17	.00	.00	.00	.00	.00
	193	1.29	.27	13.27	.00	1.20	.00	.00	.00	.00	.00
	194	1.39	.33	12.64	.00	1.24	.00	.00	.00	.00	.00
	195	1.48	.38	11.97	.00	1.27	.00	.00	.00	.00	.00
	196	1.57	.43	11.29	.00	1.30	.00	.00	.00	.00	.00
	197	1.66	.48	9.84	.00	1.32	.00	.00	.00	.00	.00
	198	1.74	.00	9.94	.00	1.35	.00	.00	.00	.00	.00
	199	1.81	.00	9.92	.00	1.37	.00	.00	.00	.00	.00
	200	1.88	.00	9.76	.00	1.39	.00	.00	.00	.00	.00
	201	1.93	.00	9.30	.00	1.40	.00	.00	.00	.00	.00
	202	.62	.00	.00	.00	1.41	.00	.00	.00	.00	.00
	203	.50	.00	.00	.00	1.42	.00	.00	.00	.00	.00
	204	.41	.00	.00	.00	1.42	.00	.00	.00	.00	.00
	205	.35	.00	.00	.00	1.43	.00	.00	.00	.00	.00
	206	.32	.00	.00	.00	1.42	.00	.00	.00	.00	.00
	207	.32	.00	.00	.00	1.42	.00	.00	.00	.00	.00
	208	.37	.00	.00	.00	1.41	.00	.00	.00	.00	.00
	209	.45	.00	.00	.00	1.40	.00	.00	.00	.00	.00
	210	.57	.00	.00	.00	1.38	.00	.00	.00	.00	.00
	211	.73	.00	.00	.00	1.37	.00	.00	.00	.00	.00
	212	.92	.00	.00	.00	1.35	.00	.00	.00	.00	.00
	213	1.14	.00	.00	.00	1.34	.00	.00	.00	.00	.00
	214	1.39	.00	.00	.00	1.32	.00	.00	.00	.00	.00
	215	3.69	.00	.00	.00	1.30	.00	.00	.00	.00	.00
	216	4.21	.00	.00	.00	1.28	.00	.00	.00	.00	.00
	217	4.81	.00	.00	.00	1.25	.00	.00	.00	.00	.00
	218	5.50	.00	.00	.00	1.23	.00	.00	.00	.00	.00
	219	6.24	.00	.00	.00	1.21	.00	.00	.00	.00	.00
	220	7.01	.00	.00	.00	1.19	.00	.00	.00	.00	.00
	221	7.79	.00	.00	.00	.00	.00	.00	.00	.00	.00
	222	8.56	.00	.00	.00	.00	.00	.00	.00	.00	.00
	223	9.29	.00	.00	.00	.00	.00	.00	.00	.00	.00
	224	9.99	.00	.00	.00	.00	.00	.00	.00	.00	.00
	225	10.64	.00	.00	.00	.00	.00	.00	.00	.00	.00
	226	11.23	.00	.00	.00	.00	.00	.00	.00	.00	.00
	227	11.76	.00	.00	.00	.00	.00	.00	.00	.00	.00
	228	12.23	.00	.00	.00	.00	.00	.00	.00	.00	.00
	229	12.63	.00	.00	.00	.00	.00	.00	.00	.00	.00
	230	12.96	.00	.00	.00	.00	.00	.00	.00	.00	.00
	231	13.22	.00	.00	.00	.00	.00	.00	.00	.00	.00
	232	13.42	.00	.00	.00	.00	.00	.00	.00	.00	.00
	233	13.55	.00	.00	.00	.00	.00	.00	.00	.00	.00
	234	13.98	.00	.00	.00	.00	.00	.00	.00	.00	.00
	235	13.80	.00	.00	.00	.00	.00	.00	.00	.00	.00
	236	13.59	.00	.00	.00	.00	.00	.00	.00	.00	.00
	237	13.35	.00	.00	.00	.00	.00	.00	.00	.00	.00
	238	13.09	.00	.00	.00	.00	.00	.00	.00	.00	.00
	239	12.81	.00	.00	.00	.00	.00	.00	.00	.00	.00
	240	12.50	.00	.00	.00	.00	.00	.00	.00	.00	.00
	241	12.17	.00	.00	.00	.00	.00	.00	.00	.00	.00
	242	11.81	.00	.00	.00	.00	.00	.00	.00	.00	.00
	243	11.44	.00	.00	.00	.00	.00	.00	.00	.00	.00
	244	11.05	.00	.00	.00	.00	.00	.00	.00	.00	.00
	245	10.64	.00	.00	.00	.00	.00	.00	.00	.00	.00
	246	10.22	.00	.00	.00	.00	.00	.00	.00	.00	.00
	247	9.79	.00	.00	.00	.00	.00	.00	.00	.00	.00
	248	9.34	.00	.00	.00	.00	.00	.00	.00	.00	.00
	249	8.89	.00	.00	.00	.00	.00	.00	.00	.00	.00
	250	8.44	.00	.00	.00	.00	.00	.00	.00	.00	.00
	251	7.98	.00	.00	.00	.00	.00	.00	.00	.00	.00
	252	7.52	.00	.00	.00	.00	.00	.00	.00	.00	.00
	253	7.07	.00	.00	.00	.00	.00	.00	.00	.00	.00
	254	6.63	.00	.00	.00	.00	.00	.00	.00	.00	.00
	255	6.21	.00	.00	.00	.00	.00	.00	.00	.00	.00
	256	5.79	.00	.00	.00	.00	.00	.00	.00	.00	.00
	257	5.40	.00	.00	.00	.00	.00	.00	.00	.00	.00
	258	5.02	.00	.00	.00	.00	.00	.00	.00	.00	.00
	259	4.64	.00	.00	.00	.00	.00	.00	.00	.00	.00
	260	4.42	.00	.00	.00	.00	.00	.00	.00	.00	.00
	261	4.22	.00	.00	.00	.00	.00	.00	.00	.00	.00
	262	4.03	.00	.00	.00	.00	.00	.00	.00	.00	.00
	263	3.84	.00	.00	.00	.00	.00	.00	.00	.00	.00
	264	3.67	.00	.00	.00	.00	.00	.00	.00	.00	.00
	265	3.52	.00	.00	.00	.00	.00	.00	.00	.00	.00
	266	3.37	.00	.00	.00	.00	.00	.00	.00	.00	.00
	267	3.24	.00	.00	.00	.00	.00	.00	.00	.00	.00
	268	3.13	.00	.00	.00	.00	.00	.00	.00	.00	.00
	269	3.03	.00	.00	.00	.00	.00	.00	.00	.00	.00
	270	2.94	.00	.00	.00	.00	.00	.00	.00	.00	.00
	271	2.87	.00	.00	.00	.00	.00	.00	.00	.00	.00
	272	2.82	.00	.00	.00	.00	.00	.00	.00	.00	.00
	273	2.78	.00	.00	.00	.00	.00	.00	.00	.00	.00
	274	2.76	.00	.00	.00	.00	.00	.00	.00	.00	.00
	275	2.75	.00	.00	.00	.00	.00	.00	.00	.00	.00
	276	2.76	.00	.00	.00	.00	.00	.00	.00	.00	.00
	277	2.78	.00	.00	.00	.00	.00	.00	.00	.00	.00
	278	2.82	.00	.00	.00	.00	.00	.00	.00	.00	.00
	279	2.87	.00	.00	.00	.00	.00	.00	.00	.00	.00
	280	2.93	.00	.00	.00	.00	.00	.00	.00	.00	.00
	281	2.83	.00	.00	.00	.00	.00	.00	.00	.00	.00
	282	2.31	.00	.00	.00	.00	.00	.00	.00	.00	.00
	283	1.82	.00	.00	.00	.00	.00	.00	.00	.00	.00
	284	1.36	.00	.00	.00	.00	.00	.00	.00	.00	.00
	285	.97	.00	.00	.00	.00	.00	.00	.00	.00	.00
	286	.64	.00	.00	.00	.00	.00	.00	.00	.00	.00
	287	.38	.00	.00	.00	.00	.00	.00	.00	.00	.00
	288	.21	.00	.00	.00	.00	.00	.00	.00	.00	.00
